#
# There is insufficient memory for the Java Runtime Environment to continue.
# Native memory allocation (malloc) failed to allocate 897744 bytes. Error detail: Chunk::new
# Possible reasons:
#   The system is out of physical RAM or swap space
#   This process is running with CompressedOops enabled, and the Java Heap may be blocking the growth of the native heap
# Possible solutions:
#   Reduce memory load on the system
#   Increase physical memory or swap space
#   Check if swap backing store is full
#   Decrease Java heap size (-Xmx/-Xms)
#   Decrease number of Java threads
#   Decrease Java thread stack sizes (-Xss)
#   Set larger code cache with -XX:ReservedCodeCacheSize=
#   JVM is running with Unscaled Compressed Oops mode in which the Java heap is
#     placed in the first 4GB address space. The Java Heap base address is the
#     maximum limit for the native heap growth. Please use -XX:HeapBaseMinAddress
#     to set the Java Heap base and to place the Java Heap above 4GB virtual address.
# This output file may be truncated or incomplete.
#
#  Out of Memory Error (arena.cpp:162), pid=4752, tid=24916
#
# JRE version: Java(TM) SE Runtime Environment (24.0.2+12) (build 24.0.2+12-54)
# Java VM: Java HotSpot(TM) 64-Bit Server VM (24.0.2+12-54, mixed mode, sharing, tiered, compressed oops, compressed class ptrs, g1 gc, windows-amd64)
# No core dump will be written. Minidumps are not enabled by default on client versions of Windows
#

---------------  S U M M A R Y ------------

Command Line: -Dmaven.multiModuleProjectDirectory=C:\Users\Isidora\Desktop\mas\sep\sep\backend\psp -Djansi.passthrough=true -Dmaven.home=C:\Users\Isidora\.m2\wrapper\dists\apache-maven-3.9.12-bin\5nmfsn99br87k5d4ajlekdq10k\apache-maven-3.9.12 -Dclassworlds.conf=C:\Users\Isidora\.m2\wrapper\dists\apache-maven-3.9.12-bin\5nmfsn99br87k5d4ajlekdq10k\apache-maven-3.9.12\bin\m2.conf -Dmaven.ext.class.path=C:\Program Files\JetBrains\IntelliJ IDEA 2024.2.4\plugins\maven\lib\maven-event-listener.jar -Dfile.encoding=UTF-8 -Dsun.stdout.encoding=UTF-8 -Dsun.stderr.encoding=UTF-8 org.codehaus.classworlds.Launcher -Didea.version=2024.2.4 install

Host: AMD Ryzen 7 4700U with Radeon Graphics         , 8 cores, 7G,  Windows 10 , 64 bit Build 19041 (10.0.19041.5915)
Time: Sun Jan  4 13:32:21 2026 Central Europe Standard Time elapsed time: 34.919383 seconds (0d 0h 0m 34s)

---------------  T H R E A D  ---------------

Current thread (0x000002365a303e50):  JavaThread "C2 CompilerThread0" daemon [_thread_in_native, id=24916, stack(0x0000008a7d800000,0x0000008a7d900000) (1024K)]


Current CompileTask:
C2:34919 3289       4       java.lang.StringLatin1::trim (76 bytes)

Stack: [0x0000008a7d800000,0x0000008a7d900000]
Native frames: (J=compiled Java code, j=interpreted, Vv=VM code, C=native code)
V  [jvm.dll+0x730829]  (no source info available)
V  [jvm.dll+0x8d9da3]  (no source info available)
V  [jvm.dll+0x8dc28d]  (no source info available)
V  [jvm.dll+0x8dc903]  (no source info available)
V  [jvm.dll+0x2a9f56]  (no source info available)
V  [jvm.dll+0xced7f]  (no source info available)
V  [jvm.dll+0xcefdf]  (no source info available)
V  [jvm.dll+0x154c83]  (no source info available)
V  [jvm.dll+0x73604f]  (no source info available)
V  [jvm.dll+0x26f8dc]  (no source info available)
V  [jvm.dll+0x26e8ff]  (no source info available)
V  [jvm.dll+0x1e9c90]  (no source info available)
V  [jvm.dll+0x27e0cb]  (no source info available)
V  [jvm.dll+0x27c36a]  (no source info available)
V  [jvm.dll+0x42f396]  (no source info available)
V  [jvm.dll+0x87d9eb]  (no source info available)
V  [jvm.dll+0x72ef45]  (no source info available)
C  [ucrtbase.dll+0x21bb2]  (no source info available)
C  [KERNEL32.DLL+0x17374]  (no source info available)
C  [ntdll.dll+0x4cc91]  (no source info available)

Lock stack of current Java thread (top to bottom):


---------------  P R O C E S S  ---------------

Threads class SMR info:
_java_thread_list=0x00000236a0591c00, length=12, elements={
0x000002363d81e330, 0x000002365a2f9510, 0x000002365a2f9db0, 0x000002365a2fb8f0,
0x000002365a2ff700, 0x000002365a2fc810, 0x000002365a2fd340, 0x000002365a303e50,
0x000002365a309190, 0x000002365a36d640, 0x000002365a36e590, 0x00000236a0057000
}

Java Threads: ( => current thread )
  0x000002363d81e330 JavaThread "main"                              [_thread_in_vm, id=22296, stack(0x0000008a7ca00000,0x0000008a7cb00000) (1024K)]
  0x000002365a2f9510 JavaThread "Reference Handler"          daemon [_thread_blocked, id=25012, stack(0x0000008a7d200000,0x0000008a7d300000) (1024K)]
  0x000002365a2f9db0 JavaThread "Finalizer"                  daemon [_thread_blocked, id=11364, stack(0x0000008a7d300000,0x0000008a7d400000) (1024K)]
  0x000002365a2fb8f0 JavaThread "Signal Dispatcher"          daemon [_thread_blocked, id=22464, stack(0x0000008a7d400000,0x0000008a7d500000) (1024K)]
  0x000002365a2ff700 JavaThread "Attach Listener"            daemon [_thread_blocked, id=20304, stack(0x0000008a7d500000,0x0000008a7d600000) (1024K)]
  0x000002365a2fc810 JavaThread "Service Thread"             daemon [_thread_blocked, id=24996, stack(0x0000008a7d600000,0x0000008a7d700000) (1024K)]
  0x000002365a2fd340 JavaThread "Monitor Deflation Thread"   daemon [_thread_blocked, id=7184, stack(0x0000008a7d700000,0x0000008a7d800000) (1024K)]
=>0x000002365a303e50 JavaThread "C2 CompilerThread0"         daemon [_thread_in_native, id=24916, stack(0x0000008a7d800000,0x0000008a7d900000) (1024K)]
  0x000002365a309190 JavaThread "C1 CompilerThread0"         daemon [_thread_blocked, id=20784, stack(0x0000008a7d900000,0x0000008a7da00000) (1024K)]
  0x000002365a36d640 JavaThread "Notification Thread"        daemon [_thread_blocked, id=8304, stack(0x0000008a7da00000,0x0000008a7db00000) (1024K)]
  0x000002365a36e590 JavaThread "Common-Cleaner"             daemon [_thread_blocked, id=25604, stack(0x0000008a7db00000,0x0000008a7dc00000) (1024K)]
  0x00000236a0057000 JavaThread "Thread-1"                   daemon [_thread_blocked, id=21548, stack(0x0000008a7e000000,0x0000008a7e100000) (1024K)]
Total: 12

Other Threads:
  0x000002365a2ec440 VMThread "VM Thread"                           [id=12220, stack(0x0000008a7d100000,0x0000008a7d200000) (1024K)]
  0x000002365a2db5d0 WatcherThread "VM Periodic Task Thread"        [id=21140, stack(0x0000008a7d000000,0x0000008a7d100000) (1024K)]
  0x000002363d8744b0 WorkerThread "GC Thread#0"                     [id=24988, stack(0x0000008a7cb00000,0x0000008a7cc00000) (1024K)]
  0x000002365a73c420 WorkerThread "GC Thread#1"                     [id=25652, stack(0x0000008a7dc00000,0x0000008a7dd00000) (1024K)]
  0x00000236a089cf20 WorkerThread "GC Thread#2"                     [id=25732, stack(0x0000008a7dd00000,0x0000008a7de00000) (1024K)]
  0x00000236a089d6e0 WorkerThread "GC Thread#3"                     [id=25736, stack(0x0000008a7de00000,0x0000008a7df00000) (1024K)]
  0x00000236a089da90 WorkerThread "GC Thread#4"                     [id=25740, stack(0x0000008a7df00000,0x0000008a7e000000) (1024K)]
  0x000002363d888fc0 ConcurrentGCThread "G1 Main Marker"            [id=24000, stack(0x0000008a7cc00000,0x0000008a7cd00000) (1024K)]
  0x000002363d88bb60 WorkerThread "G1 Conc#0"                       [id=25144, stack(0x0000008a7cd00000,0x0000008a7ce00000) (1024K)]
  0x000002363d8edef0 ConcurrentGCThread "G1 Refine#0"               [id=12900, stack(0x0000008a7ce00000,0x0000008a7cf00000) (1024K)]
  0x000002363d8eeaf0 ConcurrentGCThread "G1 Service"                [id=23580, stack(0x0000008a7cf00000,0x0000008a7d000000) (1024K)]
Total: 11

Threads with active compile tasks:
C2 CompilerThread0  35011 3289       4       java.lang.StringLatin1::trim (76 bytes)
Total: 1

VM state: not at safepoint (normal execution)

VM Mutex/Monitor currently owned by a thread:  ([mutex/lock_event])
[0x00007ffcb0833070] MethodCompileQueue_lock - owner thread: 0x000002363d81e330

Heap address: 0x000000008a200000, size: 1886 MB, Compressed Oops mode: 32-bit

CDS archive(s) mapped at: [0x000002365b000000-0x000002365bd40000-0x000002365bd40000), size 13893632, SharedBaseAddress: 0x000002365b000000, ArchiveRelocationMode: 1.
Compressed class space mapped at: 0x000002365c000000-0x000002369c000000, reserved size: 1073741824
UseCompressedClassPointers 1, UseCompactObjectHeaders 0
Narrow klass pointer bits 32, Max shift 3
Narrow klass base: 0x000002365b000000, Narrow klass shift: 0
Encoding Range: [0x000002365b000000 - 0x000002375b000000), (4294967296 bytes)
Klass Range:    [0x000002365b000000 - 0x000002369c000000), (1090519040 bytes)
Klass ID Range:  [8 - 1090519033) (1090519025)

GC Precious Log:
 CardTable entry size: 512
 Card Set container configuration: InlinePtr #cards 5 size 8 Array Of Cards #cards 10 size 36 Howl #buckets 4 coarsen threshold 1843 Howl Bitmap #cards 512 size 80 coarsen threshold 460 Card regions per heap region 1 cards per card region 2048
 CPUs: 8 total, 8 available
 Memory: 7541M
 Large Page Support: Disabled
 NUMA Support: Disabled
 Compressed Oops: Enabled (32-bit)
 Heap Region Size: 1M
 Heap Min Capacity: 8M
 Heap Initial Capacity: 118M
 Heap Max Capacity: 1886M
 Pre-touch: Disabled
 Parallel Workers: 8
 Concurrent Workers: 2
 Concurrent Refinement Workers: 8
 Periodic GC: Disabled

Heap:
 garbage-first heap   total reserved 1931264K, committed 122880K, used 40052K [0x000000008a200000, 0x0000000100000000)
  region size 1024K, 39 young (39936K), 4 survivors (4096K)
 Metaspace       used 14830K, committed 15104K, reserved 1114112K
  class space    used 1454K, committed 1600K, reserved 1048576K

Heap Regions: E=young(eden), S=young(survivor), O=old, HS=humongous(starts), HC=humongous(continues), CS=collection set, F=free, TAMS=top-at-mark-start, PB=parsable bottom
|   0|0x000000008a200000, 0x000000008a200000, 0x000000008a300000|  0%| F|  |TAMS 0x000000008a200000| PB 0x000000008a200000| Untracked |  0
|   1|0x000000008a300000, 0x000000008a300000, 0x000000008a400000|  0%| F|  |TAMS 0x000000008a300000| PB 0x000000008a300000| Untracked |  0
|   2|0x000000008a400000, 0x000000008a400000, 0x000000008a500000|  0%| F|  |TAMS 0x000000008a400000| PB 0x000000008a400000| Untracked |  0
|   3|0x000000008a500000, 0x000000008a500000, 0x000000008a600000|  0%| F|  |TAMS 0x000000008a500000| PB 0x000000008a500000| Untracked |  0
|   4|0x000000008a600000, 0x000000008a600000, 0x000000008a700000|  0%| F|  |TAMS 0x000000008a600000| PB 0x000000008a600000| Untracked |  0
|   5|0x000000008a700000, 0x000000008a700000, 0x000000008a800000|  0%| F|  |TAMS 0x000000008a700000| PB 0x000000008a700000| Untracked |  0
|   6|0x000000008a800000, 0x000000008a800000, 0x000000008a900000|  0%| F|  |TAMS 0x000000008a800000| PB 0x000000008a800000| Untracked |  0
|   7|0x000000008a900000, 0x000000008a900000, 0x000000008aa00000|  0%| F|  |TAMS 0x000000008a900000| PB 0x000000008a900000| Untracked |  0
|   8|0x000000008aa00000, 0x000000008aa00000, 0x000000008ab00000|  0%| F|  |TAMS 0x000000008aa00000| PB 0x000000008aa00000| Untracked |  0
|   9|0x000000008ab00000, 0x000000008ab00000, 0x000000008ac00000|  0%| F|  |TAMS 0x000000008ab00000| PB 0x000000008ab00000| Untracked |  0
|  10|0x000000008ac00000, 0x000000008ac00000, 0x000000008ad00000|  0%| F|  |TAMS 0x000000008ac00000| PB 0x000000008ac00000| Untracked |  0
|  11|0x000000008ad00000, 0x000000008ad00000, 0x000000008ae00000|  0%| F|  |TAMS 0x000000008ad00000| PB 0x000000008ad00000| Untracked |  0
|  12|0x000000008ae00000, 0x000000008ae00000, 0x000000008af00000|  0%| F|  |TAMS 0x000000008ae00000| PB 0x000000008ae00000| Untracked |  0
|  13|0x000000008af00000, 0x000000008af00000, 0x000000008b000000|  0%| F|  |TAMS 0x000000008af00000| PB 0x000000008af00000| Untracked |  0
|  14|0x000000008b000000, 0x000000008b000000, 0x000000008b100000|  0%| F|  |TAMS 0x000000008b000000| PB 0x000000008b000000| Untracked |  0
|  15|0x000000008b100000, 0x000000008b100000, 0x000000008b200000|  0%| F|  |TAMS 0x000000008b100000| PB 0x000000008b100000| Untracked |  0
|  16|0x000000008b200000, 0x000000008b200000, 0x000000008b300000|  0%| F|  |TAMS 0x000000008b200000| PB 0x000000008b200000| Untracked |  0
|  17|0x000000008b300000, 0x000000008b300000, 0x000000008b400000|  0%| F|  |TAMS 0x000000008b300000| PB 0x000000008b300000| Untracked |  0
|  18|0x000000008b400000, 0x000000008b400000, 0x000000008b500000|  0%| F|  |TAMS 0x000000008b400000| PB 0x000000008b400000| Untracked |  0
|  19|0x000000008b500000, 0x000000008b500000, 0x000000008b600000|  0%| F|  |TAMS 0x000000008b500000| PB 0x000000008b500000| Untracked |  0
|  20|0x000000008b600000, 0x000000008b600000, 0x000000008b700000|  0%| F|  |TAMS 0x000000008b600000| PB 0x000000008b600000| Untracked |  0
|  21|0x000000008b700000, 0x000000008b700000, 0x000000008b800000|  0%| F|  |TAMS 0x000000008b700000| PB 0x000000008b700000| Untracked |  0
|  22|0x000000008b800000, 0x000000008b800000, 0x000000008b900000|  0%| F|  |TAMS 0x000000008b800000| PB 0x000000008b800000| Untracked |  0
|  23|0x000000008b900000, 0x000000008b900000, 0x000000008ba00000|  0%| F|  |TAMS 0x000000008b900000| PB 0x000000008b900000| Untracked |  0
|  24|0x000000008ba00000, 0x000000008ba00000, 0x000000008bb00000|  0%| F|  |TAMS 0x000000008ba00000| PB 0x000000008ba00000| Untracked |  0
|  25|0x000000008bb00000, 0x000000008bb00000, 0x000000008bc00000|  0%| F|  |TAMS 0x000000008bb00000| PB 0x000000008bb00000| Untracked |  0
|  26|0x000000008bc00000, 0x000000008bc00000, 0x000000008bd00000|  0%| F|  |TAMS 0x000000008bc00000| PB 0x000000008bc00000| Untracked |  0
|  27|0x000000008bd00000, 0x000000008bd00000, 0x000000008be00000|  0%| F|  |TAMS 0x000000008bd00000| PB 0x000000008bd00000| Untracked |  0
|  28|0x000000008be00000, 0x000000008be00000, 0x000000008bf00000|  0%| F|  |TAMS 0x000000008be00000| PB 0x000000008be00000| Untracked |  0
|  29|0x000000008bf00000, 0x000000008bf00000, 0x000000008c000000|  0%| F|  |TAMS 0x000000008bf00000| PB 0x000000008bf00000| Untracked |  0
|  30|0x000000008c000000, 0x000000008c000000, 0x000000008c100000|  0%| F|  |TAMS 0x000000008c000000| PB 0x000000008c000000| Untracked |  0
|  31|0x000000008c100000, 0x000000008c100000, 0x000000008c200000|  0%| F|  |TAMS 0x000000008c100000| PB 0x000000008c100000| Untracked |  0
|  32|0x000000008c200000, 0x000000008c200000, 0x000000008c300000|  0%| F|  |TAMS 0x000000008c200000| PB 0x000000008c200000| Untracked |  0
|  33|0x000000008c300000, 0x000000008c300000, 0x000000008c400000|  0%| F|  |TAMS 0x000000008c300000| PB 0x000000008c300000| Untracked |  0
|  34|0x000000008c400000, 0x000000008c400000, 0x000000008c500000|  0%| F|  |TAMS 0x000000008c400000| PB 0x000000008c400000| Untracked |  0
|  35|0x000000008c500000, 0x000000008c500000, 0x000000008c600000|  0%| F|  |TAMS 0x000000008c500000| PB 0x000000008c500000| Untracked |  0
|  36|0x000000008c600000, 0x000000008c600000, 0x000000008c700000|  0%| F|  |TAMS 0x000000008c600000| PB 0x000000008c600000| Untracked |  0
|  37|0x000000008c700000, 0x000000008c700000, 0x000000008c800000|  0%| F|  |TAMS 0x000000008c700000| PB 0x000000008c700000| Untracked |  0
|  38|0x000000008c800000, 0x000000008c800000, 0x000000008c900000|  0%| F|  |TAMS 0x000000008c800000| PB 0x000000008c800000| Untracked |  0
|  39|0x000000008c900000, 0x000000008c900000, 0x000000008ca00000|  0%| F|  |TAMS 0x000000008c900000| PB 0x000000008c900000| Untracked |  0
|  40|0x000000008ca00000, 0x000000008ca00000, 0x000000008cb00000|  0%| F|  |TAMS 0x000000008ca00000| PB 0x000000008ca00000| Untracked |  0
|  41|0x000000008cb00000, 0x000000008cb00000, 0x000000008cc00000|  0%| F|  |TAMS 0x000000008cb00000| PB 0x000000008cb00000| Untracked |  0
|  42|0x000000008cc00000, 0x000000008cc00000, 0x000000008cd00000|  0%| F|  |TAMS 0x000000008cc00000| PB 0x000000008cc00000| Untracked |  0
|  43|0x000000008cd00000, 0x000000008cd00000, 0x000000008ce00000|  0%| F|  |TAMS 0x000000008cd00000| PB 0x000000008cd00000| Untracked |  0
|  44|0x000000008ce00000, 0x000000008ce00000, 0x000000008cf00000|  0%| F|  |TAMS 0x000000008ce00000| PB 0x000000008ce00000| Untracked |  0
|  45|0x000000008cf00000, 0x000000008cf00000, 0x000000008d000000|  0%| F|  |TAMS 0x000000008cf00000| PB 0x000000008cf00000| Untracked |  0
|  46|0x000000008d000000, 0x000000008d000000, 0x000000008d100000|  0%| F|  |TAMS 0x000000008d000000| PB 0x000000008d000000| Untracked |  0
|  47|0x000000008d100000, 0x000000008d100000, 0x000000008d200000|  0%| F|  |TAMS 0x000000008d100000| PB 0x000000008d100000| Untracked |  0
|  48|0x000000008d200000, 0x000000008d200000, 0x000000008d300000|  0%| F|  |TAMS 0x000000008d200000| PB 0x000000008d200000| Untracked |  0
|  49|0x000000008d300000, 0x000000008d300000, 0x000000008d400000|  0%| F|  |TAMS 0x000000008d300000| PB 0x000000008d300000| Untracked |  0
|  50|0x000000008d400000, 0x000000008d400000, 0x000000008d500000|  0%| F|  |TAMS 0x000000008d400000| PB 0x000000008d400000| Untracked |  0
|  51|0x000000008d500000, 0x000000008d500000, 0x000000008d600000|  0%| F|  |TAMS 0x000000008d500000| PB 0x000000008d500000| Untracked |  0
|  52|0x000000008d600000, 0x000000008d600000, 0x000000008d700000|  0%| F|  |TAMS 0x000000008d600000| PB 0x000000008d600000| Untracked |  0
|  53|0x000000008d700000, 0x000000008d700000, 0x000000008d800000|  0%| F|  |TAMS 0x000000008d700000| PB 0x000000008d700000| Untracked |  0
|  54|0x000000008d800000, 0x000000008d800000, 0x000000008d900000|  0%| F|  |TAMS 0x000000008d800000| PB 0x000000008d800000| Untracked |  0
|  55|0x000000008d900000, 0x000000008d900000, 0x000000008da00000|  0%| F|  |TAMS 0x000000008d900000| PB 0x000000008d900000| Untracked |  0
|  56|0x000000008da00000, 0x000000008da00000, 0x000000008db00000|  0%| F|  |TAMS 0x000000008da00000| PB 0x000000008da00000| Untracked |  0
|  57|0x000000008db00000, 0x000000008db00000, 0x000000008dc00000|  0%| F|  |TAMS 0x000000008db00000| PB 0x000000008db00000| Untracked |  0
|  58|0x000000008dc00000, 0x000000008dc00000, 0x000000008dd00000|  0%| F|  |TAMS 0x000000008dc00000| PB 0x000000008dc00000| Untracked |  0
|  59|0x000000008dd00000, 0x000000008dd00000, 0x000000008de00000|  0%| F|  |TAMS 0x000000008dd00000| PB 0x000000008dd00000| Untracked |  0
|  60|0x000000008de00000, 0x000000008de00000, 0x000000008df00000|  0%| F|  |TAMS 0x000000008de00000| PB 0x000000008de00000| Untracked |  0
|  61|0x000000008df00000, 0x000000008df00000, 0x000000008e000000|  0%| F|  |TAMS 0x000000008df00000| PB 0x000000008df00000| Untracked |  0
|  62|0x000000008e000000, 0x000000008e000000, 0x000000008e100000|  0%| F|  |TAMS 0x000000008e000000| PB 0x000000008e000000| Untracked |  0
|  63|0x000000008e100000, 0x000000008e100000, 0x000000008e200000|  0%| F|  |TAMS 0x000000008e100000| PB 0x000000008e100000| Untracked |  0
|  64|0x000000008e200000, 0x000000008e200000, 0x000000008e300000|  0%| F|  |TAMS 0x000000008e200000| PB 0x000000008e200000| Untracked |  0
|  65|0x000000008e300000, 0x000000008e300000, 0x000000008e400000|  0%| F|  |TAMS 0x000000008e300000| PB 0x000000008e300000| Untracked |  0
|  66|0x000000008e400000, 0x000000008e400000, 0x000000008e500000|  0%| F|  |TAMS 0x000000008e400000| PB 0x000000008e400000| Untracked |  0
|  67|0x000000008e500000, 0x000000008e600000, 0x000000008e600000|100%| S|CS|TAMS 0x000000008e500000| PB 0x000000008e500000| Complete |  0
|  68|0x000000008e600000, 0x000000008e700000, 0x000000008e700000|100%| S|CS|TAMS 0x000000008e600000| PB 0x000000008e600000| Complete |  0
|  69|0x000000008e700000, 0x000000008e800000, 0x000000008e800000|100%| S|CS|TAMS 0x000000008e700000| PB 0x000000008e700000| Complete |  0
|  70|0x000000008e800000, 0x000000008e900000, 0x000000008e900000|100%| S|CS|TAMS 0x000000008e800000| PB 0x000000008e800000| Complete |  0
|  71|0x000000008e900000, 0x000000008e900000, 0x000000008ea00000|  0%| F|  |TAMS 0x000000008e900000| PB 0x000000008e900000| Untracked |  0
|  72|0x000000008ea00000, 0x000000008ea00000, 0x000000008eb00000|  0%| F|  |TAMS 0x000000008ea00000| PB 0x000000008ea00000| Untracked |  0
|  73|0x000000008eb00000, 0x000000008eb00000, 0x000000008ec00000|  0%| F|  |TAMS 0x000000008eb00000| PB 0x000000008eb00000| Untracked |  0
|  74|0x000000008ec00000, 0x000000008ec00000, 0x000000008ed00000|  0%| F|  |TAMS 0x000000008ec00000| PB 0x000000008ec00000| Untracked |  0
|  75|0x000000008ed00000, 0x000000008ed00000, 0x000000008ee00000|  0%| F|  |TAMS 0x000000008ed00000| PB 0x000000008ed00000| Untracked |  0
|  76|0x000000008ee00000, 0x000000008ee00000, 0x000000008ef00000|  0%| F|  |TAMS 0x000000008ee00000| PB 0x000000008ee00000| Untracked |  0
|  77|0x000000008ef00000, 0x000000008ef00000, 0x000000008f000000|  0%| F|  |TAMS 0x000000008ef00000| PB 0x000000008ef00000| Untracked |  0
|  78|0x000000008f000000, 0x000000008f000000, 0x000000008f100000|  0%| F|  |TAMS 0x000000008f000000| PB 0x000000008f000000| Untracked |  0
|  79|0x000000008f100000, 0x000000008f100000, 0x000000008f200000|  0%| F|  |TAMS 0x000000008f100000| PB 0x000000008f100000| Untracked |  0
|  80|0x000000008f200000, 0x000000008f200000, 0x000000008f300000|  0%| F|  |TAMS 0x000000008f200000| PB 0x000000008f200000| Untracked |  0
|  81|0x000000008f300000, 0x000000008f300000, 0x000000008f400000|  0%| F|  |TAMS 0x000000008f300000| PB 0x000000008f300000| Untracked |  0
|  82|0x000000008f400000, 0x000000008f400000, 0x000000008f500000|  0%| F|  |TAMS 0x000000008f400000| PB 0x000000008f400000| Untracked |  0
|  83|0x000000008f500000, 0x000000008f580000, 0x000000008f600000| 50%| E|  |TAMS 0x000000008f500000| PB 0x000000008f500000| Complete |  0
|  84|0x000000008f600000, 0x000000008f700000, 0x000000008f700000|100%| E|CS|TAMS 0x000000008f600000| PB 0x000000008f600000| Complete |  0
|  85|0x000000008f700000, 0x000000008f800000, 0x000000008f800000|100%| E|CS|TAMS 0x000000008f700000| PB 0x000000008f700000| Complete |  0
|  86|0x000000008f800000, 0x000000008f900000, 0x000000008f900000|100%| E|CS|TAMS 0x000000008f800000| PB 0x000000008f800000| Complete |  0
|  87|0x000000008f900000, 0x000000008fa00000, 0x000000008fa00000|100%| E|CS|TAMS 0x000000008f900000| PB 0x000000008f900000| Complete |  0
|  88|0x000000008fa00000, 0x000000008fb00000, 0x000000008fb00000|100%| E|CS|TAMS 0x000000008fa00000| PB 0x000000008fa00000| Complete |  0
|  89|0x000000008fb00000, 0x000000008fc00000, 0x000000008fc00000|100%| E|CS|TAMS 0x000000008fb00000| PB 0x000000008fb00000| Complete |  0
|  90|0x000000008fc00000, 0x000000008fd00000, 0x000000008fd00000|100%| E|CS|TAMS 0x000000008fc00000| PB 0x000000008fc00000| Complete |  0
|  91|0x000000008fd00000, 0x000000008fe00000, 0x000000008fe00000|100%| E|CS|TAMS 0x000000008fd00000| PB 0x000000008fd00000| Complete |  0
|  92|0x000000008fe00000, 0x000000008ff00000, 0x000000008ff00000|100%| E|CS|TAMS 0x000000008fe00000| PB 0x000000008fe00000| Complete |  0
|  93|0x000000008ff00000, 0x0000000090000000, 0x0000000090000000|100%| E|CS|TAMS 0x000000008ff00000| PB 0x000000008ff00000| Complete |  0
|  94|0x0000000090000000, 0x0000000090100000, 0x0000000090100000|100%| E|CS|TAMS 0x0000000090000000| PB 0x0000000090000000| Complete |  0
|  95|0x0000000090100000, 0x0000000090200000, 0x0000000090200000|100%| E|CS|TAMS 0x0000000090100000| PB 0x0000000090100000| Complete |  0
|  96|0x0000000090200000, 0x0000000090300000, 0x0000000090300000|100%| E|CS|TAMS 0x0000000090200000| PB 0x0000000090200000| Complete |  0
|  97|0x0000000090300000, 0x0000000090400000, 0x0000000090400000|100%| E|CS|TAMS 0x0000000090300000| PB 0x0000000090300000| Complete |  0
|  98|0x0000000090400000, 0x0000000090500000, 0x0000000090500000|100%| E|CS|TAMS 0x0000000090400000| PB 0x0000000090400000| Complete |  0
|  99|0x0000000090500000, 0x0000000090600000, 0x0000000090600000|100%| E|CS|TAMS 0x0000000090500000| PB 0x0000000090500000| Complete |  0
| 100|0x0000000090600000, 0x0000000090700000, 0x0000000090700000|100%| E|CS|TAMS 0x0000000090600000| PB 0x0000000090600000| Complete |  0
| 101|0x0000000090700000, 0x0000000090800000, 0x0000000090800000|100%| E|CS|TAMS 0x0000000090700000| PB 0x0000000090700000| Complete |  0
| 102|0x0000000090800000, 0x0000000090900000, 0x0000000090900000|100%| E|CS|TAMS 0x0000000090800000| PB 0x0000000090800000| Complete |  0
| 103|0x0000000090900000, 0x0000000090a00000, 0x0000000090a00000|100%| E|CS|TAMS 0x0000000090900000| PB 0x0000000090900000| Complete |  0
| 104|0x0000000090a00000, 0x0000000090b00000, 0x0000000090b00000|100%| E|CS|TAMS 0x0000000090a00000| PB 0x0000000090a00000| Complete |  0
| 105|0x0000000090b00000, 0x0000000090c00000, 0x0000000090c00000|100%| E|CS|TAMS 0x0000000090b00000| PB 0x0000000090b00000| Complete |  0
| 106|0x0000000090c00000, 0x0000000090d00000, 0x0000000090d00000|100%| E|CS|TAMS 0x0000000090c00000| PB 0x0000000090c00000| Complete |  0
| 107|0x0000000090d00000, 0x0000000090e00000, 0x0000000090e00000|100%| E|CS|TAMS 0x0000000090d00000| PB 0x0000000090d00000| Complete |  0
| 108|0x0000000090e00000, 0x0000000090f00000, 0x0000000090f00000|100%| E|CS|TAMS 0x0000000090e00000| PB 0x0000000090e00000| Complete |  0
| 109|0x0000000090f00000, 0x0000000091000000, 0x0000000091000000|100%| E|CS|TAMS 0x0000000090f00000| PB 0x0000000090f00000| Complete |  0
| 110|0x0000000091000000, 0x0000000091100000, 0x0000000091100000|100%| E|CS|TAMS 0x0000000091000000| PB 0x0000000091000000| Complete |  0
| 111|0x0000000091100000, 0x0000000091200000, 0x0000000091200000|100%| E|CS|TAMS 0x0000000091100000| PB 0x0000000091100000| Complete |  0
| 112|0x0000000091200000, 0x0000000091300000, 0x0000000091300000|100%| E|CS|TAMS 0x0000000091200000| PB 0x0000000091200000| Complete |  0
| 113|0x0000000091300000, 0x0000000091400000, 0x0000000091400000|100%| E|CS|TAMS 0x0000000091300000| PB 0x0000000091300000| Complete |  0
| 114|0x0000000091400000, 0x0000000091500000, 0x0000000091500000|100%| E|CS|TAMS 0x0000000091400000| PB 0x0000000091400000| Complete |  0
| 115|0x0000000091500000, 0x0000000091600000, 0x0000000091600000|100%| E|CS|TAMS 0x0000000091500000| PB 0x0000000091500000| Complete |  0
| 116|0x0000000091600000, 0x0000000091700000, 0x0000000091700000|100%| E|CS|TAMS 0x0000000091600000| PB 0x0000000091600000| Complete |  0
| 117|0x0000000091700000, 0x0000000091800000, 0x0000000091800000|100%| E|CS|TAMS 0x0000000091700000| PB 0x0000000091700000| Complete |  0
|1884|0x00000000ffe00000, 0x00000000fff00000, 0x00000000fff00000|100%| O|  |TAMS 0x00000000ffe00000| PB 0x00000000ffe00000| Untracked |  0
|1885|0x00000000fff00000, 0x00000000fff1d248, 0x0000000100000000| 11%| O|  |TAMS 0x00000000fff00000| PB 0x00000000fff00000| Untracked |  0

Card table byte_map: [0x00000236557b0000,0x0000023655b60000] _byte_map_base: 0x000002365535f000

Marking Bits: (CMBitMap*) 0x000002363d875fd0
 Bits: [0x0000023655b60000, 0x00000236578d8000)

Polling page: 0x000002363b720000

Metaspace:

Usage:
  Non-class:     13.06 MB used.
      Class:      1.42 MB used.
       Both:     14.48 MB used.

Virtual space:
  Non-class space:       64.00 MB reserved,      13.19 MB ( 21%) committed,  1 nodes.
      Class space:        1.00 GB reserved,       1.56 MB ( <1%) committed,  1 nodes.
             Both:        1.06 GB reserved,      14.75 MB (  1%) committed. 

Chunk freelists:
   Non-Class:  2.41 MB
       Class:  14.41 MB
        Both:  16.81 MB

MaxMetaspaceSize: unlimited
CompressedClassSpaceSize: 1.00 GB
Initial GC threshold: 21.00 MB
Current GC threshold: 21.00 MB
CDS: on
 - commit_granule_bytes: 65536.
 - commit_granule_words: 8192.
 - virtual_space_node_default_size: 8388608.
 - enlarge_chunks_in_place: 1.
UseCompressedClassPointers 1, UseCompactObjectHeaders 0
Narrow klass pointer bits 32, Max shift 3
Narrow klass base: 0x000002365b000000, Narrow klass shift: 0
Encoding Range: [0x000002365b000000 - 0x000002375b000000), (4294967296 bytes)
Klass Range:    [0x000002365b000000 - 0x000002369c000000), (1090519040 bytes)
Klass ID Range:  [8 - 1090519033) (1090519025)


Internal statistics:

num_allocs_failed_limit: 0.
num_arena_births: 132.
num_arena_deaths: 0.
num_vsnodes_births: 2.
num_vsnodes_deaths: 0.
num_space_committed: 236.
num_space_uncommitted: 0.
num_chunks_returned_to_freelist: 0.
num_chunks_taken_from_freelist: 640.
num_chunk_merges: 0.
num_chunk_splits: 430.
num_chunks_enlarged: 344.
num_inconsistent_stats: 0.

CodeHeap 'non-profiled nmethods': size=120064Kb used=1080Kb max_used=1080Kb free=118983Kb
 bounds [0x000002364db90000, 0x000002364de00000, 0x00000236550d0000]
CodeHeap 'profiled nmethods': size=120000Kb used=5800Kb max_used=5800Kb free=114199Kb
 bounds [0x00000236460d0000, 0x0000023646680000, 0x000002364d600000]
CodeHeap 'non-nmethods': size=5696Kb used=1328Kb max_used=1378Kb free=4367Kb
 bounds [0x000002364d600000, 0x000002364d870000, 0x000002364db90000]
CodeCache: size=245760Kb, used=8208Kb, max_used=8258Kb, free=237549Kb
 total_blobs=3788, nmethods=3294, adapters=397, full_count=0
Compilation: enabled, stopped_count=0, restarted_count=0

Compilation events (20 events):
Event: 34.874 Thread 0x000002365a303e50 3280       4       java.util.concurrent.ConcurrentHashMap$EntryIterator::next (51 bytes)
Event: 34.874 Thread 0x000002365a309190 nmethod 3279 0x000002364666fb88 code [0x000002364666fcc0, 0x0000023646670048]
Event: 34.874 Thread 0x000002365a309190 3282       3       org.apache.maven.model.merge.ModelMerger::merge (15 bytes)
Event: 34.875 Thread 0x000002365a309190 nmethod 3282 0x0000023646670088 code [0x00000236466701c0, 0x0000023646670400]
Event: 34.878 Thread 0x000002365a303e50 nmethod 3280 0x000002364dc9cc88 code [0x000002364dc9cdc0, 0x000002364dc9d3b0]
Event: 34.878 Thread 0x000002365a303e50 3281       4       java.util.concurrent.ConcurrentHashMap$EntryIterator::next (5 bytes)
Event: 34.882 Thread 0x000002365a303e50 nmethod 3281 0x000002364dc9d408 code [0x000002364dc9d540, 0x000002364dc9db30]
Event: 34.883 Thread 0x000002365a309190 3283       1       org.apache.maven.model.Model::getBuild (5 bytes)
Event: 34.884 Thread 0x000002365a309190 nmethod 3283 0x000002364dc9db88 code [0x000002364dc9dc80, 0x000002364dc9dd48]
Event: 34.885 Thread 0x000002365a309190 3284   !   3       org.codehaus.plexus.interpolation.ObjectBasedValueSource::getValue (66 bytes)
Event: 34.886 Thread 0x000002365a309190 nmethod 3284 0x0000023646670488 code [0x0000023646670720, 0x0000023646671bd0]
Event: 34.886 Thread 0x000002365a309190 3285       3       org.codehaus.plexus.interpolation.reflection.ReflectionValueExtractor::evaluate (242 bytes)
Event: 34.888 Thread 0x000002365a309190 nmethod 3285 0x0000023646671c88 code [0x0000023646672160, 0x0000023646675418]
Event: 34.888 Thread 0x000002365a309190 3286       3       java.lang.Character::isJavaIdentifierStart (5 bytes)
Event: 34.888 Thread 0x000002365a309190 nmethod 3286 0x0000023646675588 code [0x00000236466756c0, 0x0000023646675910]
Event: 34.903 Thread 0x000002365a303e50 3287       4       java.lang.StringLatin1::canEncode (13 bytes)
Event: 34.904 Thread 0x000002365a303e50 nmethod 3287 0x000002364dc9de88 code [0x000002364dc9df80, 0x000002364dc9dff8]
Event: 34.905 Thread 0x000002365a309190 3288       3       java.util.regex.Pattern$GroupHead::match (47 bytes)
Event: 34.905 Thread 0x000002365a309190 nmethod 3288 0x0000023646675988 code [0x0000023646675ac0, 0x0000023646675d28]
Event: 34.911 Thread 0x000002365a303e50 3289       4       java.lang.StringLatin1::trim (76 bytes)

GC Heap History (2 events):
Event: 22.222 GC heap before
{Heap before GC invocations=0 (full 0):
 garbage-first heap   total reserved 1931264K, committed 122880K, used 49268K [0x000000008a200000, 0x0000000100000000)
  region size 1024K, 47 young (48128K), 0 survivors (0K)
 Metaspace       used 9292K, committed 9536K, reserved 1114112K
  class space    used 833K, committed 960K, reserved 1048576K
}
Event: 22.286 GC heap after
{Heap after GC invocations=1 (full 0):
 garbage-first heap   total reserved 1931264K, committed 122880K, used 5236K [0x000000008a200000, 0x0000000100000000)
  region size 1024K, 4 young (4096K), 4 survivors (4096K)
 Metaspace       used 9292K, committed 9536K, reserved 1114112K
  class space    used 833K, committed 960K, reserved 1048576K
}

Dll operation events (8 events):
Event: 0.181 Loaded shared library C:\Program Files\Java\jdk-24\bin\java.dll
Event: 0.578 Loaded shared library C:\Program Files\Java\jdk-24\bin\jsvml.dll
Event: 0.727 Loaded shared library C:\Program Files\Java\jdk-24\bin\net.dll
Event: 0.731 Loaded shared library C:\Program Files\Java\jdk-24\bin\nio.dll
Event: 0.742 Loaded shared library C:\Program Files\Java\jdk-24\bin\zip.dll
Event: 9.360 Loaded shared library C:\Program Files\Java\jdk-24\bin\jimage.dll
Event: 12.992 Loaded shared library C:\Users\Isidora\AppData\Local\Temp\jansi-2.4.2-c48335c5fe30e609-jansi.dll
Event: 13.019 Loaded shared library C:\Program Files\Java\jdk-24\bin\verify.dll

Deoptimization events (20 events):
Event: 34.021 Thread 0x000002363d81e330 Uncommon trap: trap_request=0xffffff4d fr.pc=0x000002364dc8e5b8 relative=0x0000000000000838
Event: 34.021 Thread 0x000002363d81e330 Uncommon trap: reason=unstable_if action=reinterpret pc=0x000002364dc8e5b8 method=java.lang.StringUTF16.compress([CII)[B @ 17 c2
Event: 34.021 Thread 0x000002363d81e330 DEOPT PACKING pc=0x000002364dc8e5b8 sp=0x0000008a7cafdf10
Event: 34.021 Thread 0x000002363d81e330 DEOPT UNPACKING pc=0x000002364d717c02 sp=0x0000008a7cafdd48 mode 2
Event: 34.026 Thread 0x000002363d81e330 Uncommon trap: trap_request=0xffffff4d fr.pc=0x000002364dc90a70 relative=0x0000000000000550
Event: 34.026 Thread 0x000002363d81e330 Uncommon trap: reason=unstable_if action=reinterpret pc=0x000002364dc90a70 method=java.lang.String.indexOf(Ljava/lang/String;)I @ 10 c2
Event: 34.026 Thread 0x000002363d81e330 DEOPT PACKING pc=0x000002364dc90a70 sp=0x0000008a7cafe1a0
Event: 34.026 Thread 0x000002363d81e330 DEOPT UNPACKING pc=0x000002364d717c02 sp=0x0000008a7cafe070 mode 2
Event: 34.585 Thread 0x000002363d81e330 Uncommon trap: trap_request=0xffffff4d fr.pc=0x000002364dc96370 relative=0x0000000000000d30
Event: 34.585 Thread 0x000002363d81e330 Uncommon trap: reason=unstable_if action=reinterpret pc=0x000002364dc96370 method=org.codehaus.plexus.util.xml.pull.MXParser.nextImpl()I @ 884 c2
Event: 34.585 Thread 0x000002363d81e330 DEOPT PACKING pc=0x000002364dc96370 sp=0x0000008a7cafdb90
Event: 34.585 Thread 0x000002363d81e330 DEOPT UNPACKING pc=0x000002364d717c02 sp=0x0000008a7cafdb08 mode 2
Event: 34.629 Thread 0x000002363d81e330 Uncommon trap: trap_request=0xffffff4d fr.pc=0x000002364dc70358 relative=0x0000000000000058
Event: 34.629 Thread 0x000002363d81e330 Uncommon trap: reason=unstable_if action=reinterpret pc=0x000002364dc70358 method=org.codehaus.plexus.util.xml.pull.MXParser.isValidCodePoint(I)Z @ 3 c2
Event: 34.629 Thread 0x000002363d81e330 DEOPT PACKING pc=0x000002364dc70358 sp=0x0000008a7cafdc10
Event: 34.629 Thread 0x000002363d81e330 DEOPT UNPACKING pc=0x000002364d717c02 sp=0x0000008a7cafdba0 mode 2
Event: 34.653 Thread 0x000002363d81e330 Uncommon trap: trap_request=0xffffff4d fr.pc=0x000002364dc99a18 relative=0x0000000000000098
Event: 34.653 Thread 0x000002363d81e330 Uncommon trap: reason=unstable_if action=reinterpret pc=0x000002364dc99a18 method=org.apache.maven.model.validation.DefaultModelValidator.isValidIdCharacter(C)Z @ 15 c2
Event: 34.653 Thread 0x000002363d81e330 DEOPT PACKING pc=0x000002364dc99a18 sp=0x0000008a7cafe0a0
Event: 34.654 Thread 0x000002363d81e330 DEOPT UNPACKING pc=0x000002364d717c02 sp=0x0000008a7cafe028 mode 2

Classes loaded (20 events):
Event: 31.454 Loading class java/util/AbstractMap$ValueIterator
Event: 31.455 Loading class java/util/AbstractMap$ValueIterator done
Event: 31.906 Loading class java/util/stream/IntStream
Event: 31.917 Loading class java/util/stream/IntStream done
Event: 31.917 Loading class java/util/Spliterators$EmptySpliterator$OfInt
Event: 31.921 Loading class java/util/Spliterator$OfInt
Event: 31.924 Loading class java/util/Spliterator$OfPrimitive
Event: 31.925 Loading class java/util/Spliterator$OfPrimitive done
Event: 31.926 Loading class java/util/Spliterator$OfInt done
Event: 31.926 Loading class java/util/Spliterators$EmptySpliterator$OfInt done
Event: 31.926 Loading class java/util/stream/IntPipeline$Head
Event: 31.929 Loading class java/util/stream/IntPipeline
Event: 31.933 Loading class java/util/stream/IntPipeline done
Event: 31.933 Loading class java/util/stream/IntPipeline$Head done
Event: 32.701 Loading class sun/invoke/util/ValueConversions$1
Event: 32.705 Loading class sun/invoke/util/ValueConversions$1 done
Event: 32.705 Loading class java/lang/invoke/BoundMethodHandle$Species_LI
Event: 32.705 Loading class java/lang/invoke/BoundMethodHandle$Species_LI done
Event: 33.911 Loading class java/util/stream/Streams$RangeIntSpliterator
Event: 33.916 Loading class java/util/stream/Streams$RangeIntSpliterator done

Classes unloaded (0 events):
No events

Classes redefined (0 events):
No events

Internal exceptions (20 events):
Event: 16.137 Thread 0x000002363d81e330 Exception <a 'java/lang/NoSuchMethodError'{0x00000000909bacd0}: 'java.lang.Object java.lang.invoke.DirectMethodHandle$Holder.invokeInterface(java.lang.Object, java.lang.Object)'> (0x00000000909bacd0) 
thrown [s\open\src\hotspot\share\interpreter\linkResolver.cpp, line 805]
Event: 16.233 Thread 0x000002363d81e330 Exception <a 'java/lang/NoSuchMethodError'{0x000000009086c6e0}: 'int java.lang.invoke.DirectMethodHandle$Holder.invokeStatic(java.lang.Object, java.lang.Object, java.lang.Object, java.lang.Object)'> (0x000000009086c6e0) 
thrown [s\open\src\hotspot\share\interpreter\linkResolver.cpp, line 805]
Event: 16.279 Thread 0x000002363d81e330 Exception <a 'java/lang/NoSuchMethodError'{0x0000000090896af0}: 'int java.lang.invoke.DirectMethodHandle$Holder.invokeSpecialIFC(java.lang.Object, java.lang.Object, java.lang.Object, java.lang.Object, java.lang.Object)'> (0x0000000090896af0) 
thrown [s\open\src\hotspot\share\interpreter\linkResolver.cpp, line 805]
Event: 16.477 Thread 0x000002363d81e330 Exception <a 'java/lang/NoSuchMethodError'{0x0000000090671cf0}: 'java.lang.Object java.lang.invoke.DirectMethodHandle$Holder.newInvokeSpecial(java.lang.Object, java.lang.Object, java.lang.Object, java.lang.Object, java.lang.Object)'> (0x0000000090671cf0) 
thrown [s\open\src\hotspot\share\interpreter\linkResolver.cpp, line 805]
Event: 16.642 Thread 0x000002363d81e330 Exception <a 'java/lang/NoSuchMethodError'{0x0000000090590370}: 'int java.lang.invoke.DirectMethodHandle$Holder.invokeStaticInit(java.lang.Object, java.lang.Object)'> (0x0000000090590370) 
thrown [s\open\src\hotspot\share\interpreter\linkResolver.cpp, line 805]
Event: 16.683 Thread 0x000002363d81e330 Exception <a 'java/lang/NoClassDefFoundError'{0x00000000905cb520}: javax/enterprise/inject/Typed> (0x00000000905cb520) 
thrown [s\open\src\hotspot\share\classfile\systemDictionary.cpp, line 316]
Event: 24.013 Thread 0x000002363d81e330 Exception <a 'java/lang/NoSuchMethodError'{0x0000000091044688}: 'void java.lang.invoke.DirectMethodHandle$Holder.invokeStaticInit(java.lang.Object, java.lang.Object, java.lang.Object)'> (0x0000000091044688) 
thrown [s\open\src\hotspot\share\interpreter\linkResolver.cpp, line 805]
Event: 24.074 Thread 0x000002363d81e330 Implicit null exception at 0x000002364dbfe13d to 0x000002364dbfe2cc
Event: 24.878 Thread 0x000002363d81e330 Exception <a 'java/lang/NoSuchMethodError'{0x00000000910d9270}: 'java.lang.Object java.lang.invoke.Invokers$Holder.invokeExact_MT(java.lang.Object, int, java.lang.Object)'> (0x00000000910d9270) 
thrown [s\open\src\hotspot\share\interpreter\linkResolver.cpp, line 805]
Event: 27.654 Thread 0x000002363d81e330 Exception <a 'java/lang/NoSuchMethodError'{0x0000000090702920}: 'void java.lang.invoke.Invokers$Holder.invokeExact_MT(java.lang.Object, java.lang.Object, java.lang.Object, java.lang.Object)'> (0x0000000090702920) 
thrown [s\open\src\hotspot\share\interpreter\linkResolver.cpp, line 805]
Event: 27.858 Thread 0x000002363d81e330 Exception <a 'java/lang/NoClassDefFoundError'{0x00000000907a8140}: com/google/inject/servlet/ServletModuleTargetVisitor> (0x00000000907a8140) 
thrown [s\open\src\hotspot\share\classfile\systemDictionary.cpp, line 316]
Event: 29.482 Thread 0x000002363d81e330 Exception <a 'java/lang/NoSuchMethodError'{0x00000000904e07b8}: 'java.lang.Object java.lang.invoke.DirectMethodHandle$Holder.invokeStaticInit(java.lang.Object, int, int, int, int)'> (0x00000000904e07b8) 
thrown [s\open\src\hotspot\share\interpreter\linkResolver.cpp, line 805]
Event: 31.021 Thread 0x000002363d81e330 Implicit null exception at 0x000002364dbcf014 to 0x000002364dbcf5b8
Event: 31.021 Thread 0x000002363d81e330 Implicit null exception at 0x000002364dbcf990 to 0x000002364dbcff28
Event: 31.506 Thread 0x000002363d81e330 Exception <a 'java/lang/NoSuchMethodError'{0x000000008ffde0d0}: 'void java.lang.invoke.DirectMethodHandle$Holder.invokeSpecial(java.lang.Object, java.lang.Object, java.lang.Object, java.lang.Object, java.lang.Object, java.lang.Object)'> (0x000000008ffde0d0) 
thrown [s\open\src\hotspot\share\interpreter\linkResolver.cpp, line 805]
Event: 31.839 Thread 0x000002363d81e330 Exception <a 'java/lang/NoSuchMethodError'{0x000000008fd26a70}: 'java.lang.Object java.lang.invoke.DirectMethodHandle$Holder.invokeVirtual(java.lang.Object, java.lang.Object, java.lang.Object)'> (0x000000008fd26a70) 
thrown [s\open\src\hotspot\share\interpreter\linkResolver.cpp, line 805]
Event: 32.701 Thread 0x000002363d81e330 Exception <a 'java/lang/NoSuchMethodError'{0x000000008fcb1788}: 'void java.lang.invoke.DirectMethodHandle$Holder.invokeVirtual(java.lang.Object, java.lang.Object, int)'> (0x000000008fcb1788) 
thrown [s\open\src\hotspot\share\interpreter\linkResolver.cpp, line 805]
Event: 32.707 Thread 0x000002363d81e330 Exception <a 'java/lang/NoSuchMethodError'{0x000000008fcc9580}: 'java.lang.Object java.lang.invoke.DirectMethodHandle$Holder.invokeStatic(java.lang.Object, java.lang.Object, java.lang.Object, java.lang.Object, int)'> (0x000000008fcc9580) 
thrown [s\open\src\hotspot\share\interpreter\linkResolver.cpp, line 805]
Event: 32.709 Thread 0x000002363d81e330 Exception <a 'java/lang/NoSuchMethodError'{0x000000008fcdabe8}: 'void java.lang.invoke.DirectMethodHandle$Holder.invokeSpecial(java.lang.Object, java.lang.Object, java.lang.Object, int)'> (0x000000008fcdabe8) 
thrown [s\open\src\hotspot\share\interpreter\linkResolver.cpp, line 805]
Event: 32.710 Thread 0x000002363d81e330 Exception <a 'java/lang/NoSuchMethodError'{0x000000008fce2f48}: 'void java.lang.invoke.DelegatingMethodHandle$Holder.reinvoke_L(java.lang.Object, java.lang.Object, int)'> (0x000000008fce2f48) 
thrown [s\open\src\hotspot\share\interpreter\linkResolver.cpp, line 805]

VM Operations (20 events):
Event: 25.153 Executing VM operation: HandshakeAllThreads (Deoptimize)
Event: 25.153 Executing VM operation: HandshakeAllThreads (Deoptimize) done
Event: 25.156 Executing VM operation: HandshakeAllThreads (Deoptimize)
Event: 25.156 Executing VM operation: HandshakeAllThreads (Deoptimize) done
Event: 26.460 Executing VM operation: HandshakeAllThreads (Deoptimize)
Event: 26.460 Executing VM operation: HandshakeAllThreads (Deoptimize) done
Event: 27.637 Executing VM operation: HandshakeAllThreads (Deoptimize)
Event: 27.637 Executing VM operation: HandshakeAllThreads (Deoptimize) done
Event: 28.444 Executing VM operation: HandshakeAllThreads (Deoptimize)
Event: 28.444 Executing VM operation: HandshakeAllThreads (Deoptimize) done
Event: 28.994 Executing VM operation: HandshakeAllThreads (Deoptimize)
Event: 28.995 Executing VM operation: HandshakeAllThreads (Deoptimize) done
Event: 29.923 Executing VM operation: HandshakeAllThreads (Deoptimize)
Event: 29.923 Executing VM operation: HandshakeAllThreads (Deoptimize) done
Event: 30.566 Executing VM operation: HandshakeAllThreads (Deoptimize)
Event: 30.582 Executing VM operation: HandshakeAllThreads (Deoptimize) done
Event: 30.641 Executing VM operation: HandshakeAllThreads (Deoptimize)
Event: 30.650 Executing VM operation: HandshakeAllThreads (Deoptimize) done
Event: 30.651 Executing VM operation: HandshakeAllThreads (Deoptimize)
Event: 30.651 Executing VM operation: HandshakeAllThreads (Deoptimize) done

Memory protections (0 events):
No events

Nmethod flushes (0 events):
No events

Events (14 events):
Event: 0.448 Thread 0x000002363d81e330 Thread added: 0x000002363d81e330
Event: 0.502 Thread 0x000002363d81e330 Thread added: 0x000002365a2f9510
Event: 0.503 Thread 0x000002363d81e330 Thread added: 0x000002365a2f9db0
Event: 0.517 Thread 0x000002363d81e330 Thread added: 0x000002365a2fb8f0
Event: 0.518 Thread 0x000002363d81e330 Thread added: 0x000002365a2ff700
Event: 0.524 Thread 0x000002363d81e330 Thread added: 0x000002365a2fc810
Event: 0.526 Thread 0x000002363d81e330 Thread added: 0x000002365a2fd340
Event: 0.526 Thread 0x000002363d81e330 Thread added: 0x000002365a303e50
Event: 0.558 Thread 0x000002363d81e330 Thread added: 0x000002365a309190
Event: 0.587 Thread 0x000002363d81e330 Thread added: 0x000002365a36d640
Event: 0.642 Thread 0x000002363d81e330 Thread added: 0x000002365a36e590
Event: 9.346 Thread 0x000002363d81e330 Thread added: 0x000002365a3fd0c0
Event: 15.978 Thread 0x000002365a3fd0c0 Thread exited: 0x000002365a3fd0c0
Event: 30.416 Thread 0x000002363d81e330 Thread added: 0x00000236a0057000


Dynamic libraries:
0x00007ff6ec9f0000 - 0x00007ff6eca00000 	C:\Program Files\Java\jdk-24\bin\java.exe
0x00007ffd08350000 - 0x00007ffd08548000 	C:\Windows\SYSTEM32\ntdll.dll
0x00007ffd07660000 - 0x00007ffd07722000 	C:\Windows\System32\KERNEL32.DLL
0x00007ffd05ec0000 - 0x00007ffd061b6000 	C:\Windows\System32\KERNELBASE.dll
0x00007ffd05dc0000 - 0x00007ffd05ec0000 	C:\Windows\System32\ucrtbase.dll
0x00007ffceed60000 - 0x00007ffceed76000 	C:\Program Files\Java\jdk-24\bin\jli.dll
0x00007ffd08030000 - 0x00007ffd081d1000 	C:\Windows\System32\USER32.dll
0x00007ffd05a10000 - 0x00007ffd05a32000 	C:\Windows\System32\win32u.dll
0x00007ffd07440000 - 0x00007ffd0746b000 	C:\Windows\System32\GDI32.dll
0x00007ffd06250000 - 0x00007ffd06369000 	C:\Windows\System32\gdi32full.dll
0x00007ffd05c20000 - 0x00007ffd05cbd000 	C:\Windows\System32\msvcp_win.dll
0x00007ffcfd260000 - 0x00007ffcfd27b000 	C:\Program Files\Java\jdk-24\bin\VCRUNTIME140.dll
0x00007ffced300000 - 0x00007ffced59b000 	C:\Windows\WinSxS\amd64_microsoft.windows.common-controls_6595b64144ccf1df_6.0.19041.6456_none_60b8a6cb71f64256\COMCTL32.dll
0x00007ffd074a0000 - 0x00007ffd0753e000 	C:\Windows\System32\msvcrt.dll
0x00007ffd07470000 - 0x00007ffd0749f000 	C:\Windows\System32\IMM32.DLL
0x00007ffcf0000000 - 0x00007ffcf000c000 	C:\Program Files\Java\jdk-24\bin\vcruntime140_1.dll
0x00007ffcd1190000 - 0x00007ffcd121e000 	C:\Program Files\Java\jdk-24\bin\msvcp140.dll
0x00007ffcafb70000 - 0x00007ffcb0911000 	C:\Program Files\Java\jdk-24\bin\server\jvm.dll
0x00007ffd06a50000 - 0x00007ffd06b01000 	C:\Windows\System32\ADVAPI32.dll
0x00007ffd081e0000 - 0x00007ffd0827f000 	C:\Windows\System32\sechost.dll
0x00007ffd077f0000 - 0x00007ffd07910000 	C:\Windows\System32\RPCRT4.dll
0x00007ffd059e0000 - 0x00007ffd05a07000 	C:\Windows\System32\bcrypt.dll
0x00007ffd07e80000 - 0x00007ffd07eeb000 	C:\Windows\System32\WS2_32.dll
0x00007ffd053f0000 - 0x00007ffd0543b000 	C:\Windows\SYSTEM32\POWRPROF.dll
0x00007ffcfc0c0000 - 0x00007ffcfc0e7000 	C:\Windows\SYSTEM32\WINMM.dll
0x00007ffcfc0b0000 - 0x00007ffcfc0ba000 	C:\Windows\SYSTEM32\VERSION.dll
0x00007ffd053d0000 - 0x00007ffd053e2000 	C:\Windows\SYSTEM32\UMPDC.dll
0x00007ffd037f0000 - 0x00007ffd03802000 	C:\Windows\SYSTEM32\kernel.appcore.dll
0x00007ffcefb80000 - 0x00007ffcefb8a000 	C:\Program Files\Java\jdk-24\bin\jimage.dll
0x00007ffcfb970000 - 0x00007ffcfbb71000 	C:\Windows\SYSTEM32\DBGHELP.DLL
0x00007ffcef250000 - 0x00007ffcef284000 	C:\Windows\SYSTEM32\dbgcore.DLL
0x00007ffd061c0000 - 0x00007ffd06242000 	C:\Windows\System32\bcryptPrimitives.dll
0x00007ffcee750000 - 0x00007ffcee76e000 	C:\Program Files\Java\jdk-24\bin\java.dll
0x00007ffd07f00000 - 0x00007ffd0802b000 	C:\Windows\System32\ole32.dll
0x00007ffd07a50000 - 0x00007ffd07da4000 	C:\Windows\System32\combase.dll
0x00007ffd06b10000 - 0x00007ffd07280000 	C:\Windows\System32\SHELL32.dll
0x00007ffd03a10000 - 0x00007ffd041b5000 	C:\Windows\SYSTEM32\windows.storage.dll
0x00007ffd05250000 - 0x00007ffd0527b000 	C:\Windows\SYSTEM32\Wldp.dll
0x00007ffd06850000 - 0x00007ffd0691d000 	C:\Windows\System32\OLEAUT32.dll
0x00007ffd069a0000 - 0x00007ffd06a4d000 	C:\Windows\System32\SHCORE.dll
0x00007ffd07790000 - 0x00007ffd077eb000 	C:\Windows\System32\shlwapi.dll
0x00007ffd05910000 - 0x00007ffd05934000 	C:\Windows\SYSTEM32\profapi.dll
0x00007ffccf430000 - 0x00007ffccf507000 	C:\Program Files\Java\jdk-24\bin\jsvml.dll
0x00007ffceed50000 - 0x00007ffceed60000 	C:\Program Files\Java\jdk-24\bin\net.dll
0x00007ffd05030000 - 0x00007ffd0509a000 	C:\Windows\system32\mswsock.dll
0x00007ffcee730000 - 0x00007ffcee746000 	C:\Program Files\Java\jdk-24\bin\nio.dll
0x00007ffcee710000 - 0x00007ffcee727000 	C:\Program Files\Java\jdk-24\bin\zip.dll
0x00007ffcc9c50000 - 0x00007ffcc9c74000 	C:\Users\Isidora\AppData\Local\Temp\jansi-2.4.2-c48335c5fe30e609-jansi.dll
0x00007ffcff180000 - 0x00007ffcff190000 	C:\Program Files\Java\jdk-24\bin\verify.dll

JVMTI agents: none

dbghelp: loaded successfully - version: 4.0.5 - missing functions: none
symbol engine: initialized successfully - sym options: 0x614 - pdb path: .;C:\Program Files\Java\jdk-24\bin;C:\Windows\SYSTEM32;C:\Windows\WinSxS\amd64_microsoft.windows.common-controls_6595b64144ccf1df_6.0.19041.6456_none_60b8a6cb71f64256;C:\Program Files\Java\jdk-24\bin\server;C:\Users\Isidora\AppData\Local\Temp

VM Arguments:
jvm_args: -Dmaven.multiModuleProjectDirectory=C:\Users\Isidora\Desktop\mas\sep\sep\backend\psp -Djansi.passthrough=true -Dmaven.home=C:\Users\Isidora\.m2\wrapper\dists\apache-maven-3.9.12-bin\5nmfsn99br87k5d4ajlekdq10k\apache-maven-3.9.12 -Dclassworlds.conf=C:\Users\Isidora\.m2\wrapper\dists\apache-maven-3.9.12-bin\5nmfsn99br87k5d4ajlekdq10k\apache-maven-3.9.12\bin\m2.conf -Dmaven.ext.class.path=C:\Program Files\JetBrains\IntelliJ IDEA 2024.2.4\plugins\maven\lib\maven-event-listener.jar -Dfile.encoding=UTF-8 -Dsun.stdout.encoding=UTF-8 -Dsun.stderr.encoding=UTF-8 
java_command: org.codehaus.classworlds.Launcher -Didea.version=2024.2.4 install
java_class_path (initial): C:\Users\Isidora\.m2\wrapper\dists\apache-maven-3.9.12-bin\5nmfsn99br87k5d4ajlekdq10k\apache-maven-3.9.12\boot\plexus-classworlds-2.9.0.jar;C:\Users\Isidora\.m2\wrapper\dists\apache-maven-3.9.12-bin\5nmfsn99br87k5d4ajlekdq10k\apache-maven-3.9.12\boot\plexus-classworlds.license
Launcher Type: SUN_STANDARD

[Global flags]
     intx CICompilerCount                          = 4                                         {product} {ergonomic}
     uint ConcGCThreads                            = 2                                         {product} {ergonomic}
     uint G1ConcRefinementThreads                  = 8                                         {product} {ergonomic}
   size_t G1HeapRegionSize                         = 1048576                                   {product} {ergonomic}
   size_t InitialHeapSize                          = 123731968                                 {product} {ergonomic}
   size_t MarkStackSize                            = 4194304                                   {product} {ergonomic}
   size_t MarkStackSizeMax                         = 536870912                                 {product} {ergonomic}
   size_t MaxHeapSize                              = 1977614336                                {product} {ergonomic}
   size_t MaxNewSize                               = 1185939456                                {product} {ergonomic}
   size_t MinHeapDeltaBytes                        = 1048576                                   {product} {ergonomic}
   size_t MinHeapSize                              = 8388608                                   {product} {ergonomic}
    uintx NonNMethodCodeHeapSize                   = 5832704                                {pd product} {ergonomic}
    uintx NonProfiledCodeHeapSize                  = 122945536                              {pd product} {ergonomic}
    uintx ProfiledCodeHeapSize                     = 122880000                              {pd product} {ergonomic}
    uintx ReservedCodeCacheSize                    = 251658240                              {pd product} {ergonomic}
     bool SegmentedCodeCache                       = true                                      {product} {ergonomic}
   size_t SoftMaxHeapSize                          = 1977614336                             {manageable} {ergonomic}
     bool UseCompressedOops                        = true                           {product lp64_product} {ergonomic}
     bool UseG1GC                                  = true                                      {product} {ergonomic}
     bool UseLargePagesIndividualAllocation        = false                                  {pd product} {ergonomic}

Logging:
Log output configuration:
 #0: stdout all=warning uptime,level,tags foldmultilines=false
 #1: stderr all=off uptime,level,tags foldmultilines=false

Environment Variables:
PATH=C:\Program Files\Common Files\Oracle\Java\javapath;C:\Windows\system32;C:\Windows;C:\Windows\System32\Wbem;C:\Windows\System32\WindowsPowerShell\v1.0\;C:\Windows\System32\OpenSSH\;C:\Program Files\Microsoft SQL Server\150\Tools\Binn\;C:\Program Files\Microsoft SQL Server\Client SDK\ODBC\170\Tools\Binn\;C:\Program Files\dotnet\;C:\Program Files\nodejs\;C:\ProgramData\chocolatey\bin;C:\Program Files (x86)\Windows Kits\10\Windows Performance Toolkit\;C:\Users\Isidora\Downloads\curl-8.14.1_1-win64-mingw\bin;C:\maven-mvnd-1.0.2-windows-amd64\bin;C:\Program Files\Git\cmd;C:\Program Files\Docker\Docker\resources\bin;C:\Users\Isidora\AppData\Local\Programs\Python\Python311\Scripts\;C:\Users\Isidora\AppData\Local\Programs\Python\Python311\;C:\Users\Isidora\AppData\Local\Microsoft\WindowsApps;C:\Users\Isidora\AppData\Local\Programs\Microsoft VS Code\bin;C:\Users\Isidora\.dotnet\tools;C:\Users\Isidora\AppData\Local\Microsoft\WinGet\Packages\Schniz.fnm_Microsoft.Winget.Source_8wekyb3d8bbwe;C:\Users\Isidora\AppData\Roaming\npm;C:\Program Files\JetBrains\IntelliJ IDEA 2024.2.4\bin;
USERNAME=Isidora
OS=Windows_NT
PROCESSOR_IDENTIFIER=AMD64 Family 23 Model 96 Stepping 1, AuthenticAMD
TMP=C:\Users\Isidora\AppData\Local\Temp
TEMP=C:\Users\Isidora\AppData\Local\Temp




Periodic native trim disabled

---------------  S Y S T E M  ---------------

OS:
 Windows 10 , 64 bit Build 19041 (10.0.19041.5915)
OS uptime: 10 days 15:21 hours
Hyper-V role detected

CPU: total 8 (initial active 8) (8 cores per cpu, 1 threads per core) family 23 model 96 stepping 1 microcode 0x0, cx8, cmov, fxsr, mmx, 3dnowpref, sse, sse2, sse3, ssse3, sse4a, sse4.1, sse4.2, popcnt, lzcnt, tsc, tscinvbit, avx, avx2, aes, clmul, bmi1, bmi2, adx, sha, fma, vzeroupper, clflush, clflushopt, hv, rdtscp, rdpid, f16c
Processor Information for the first 8 processors :
  Max Mhz: 2000, Current Mhz: 2000, Mhz Limit: 2000

Memory: 4k page, system-wide physical 7541M (97M free)
TotalPageFile size 31093M (AvailPageFile size 36M)
current process WorkingSet (physical memory assigned to process): 71M, peak: 100M
current process commit charge ("private bytes"): 233M, peak: 240M

vm_info: Java HotSpot(TM) 64-Bit Server VM (24.0.2+12-54) for windows-amd64 JRE (24.0.2+12-54), built on 2025-07-08T12:10:27Z with MS VC++ 17.6 (VS2022)

END.
