#
# There is insufficient memory for the Java Runtime Environment to continue.
# Native memory allocation (malloc) failed to allocate 1004176 bytes. Error detail: Chunk::new
# Possible reasons:
#   The system is out of physical RAM or swap space
#   This process is running with CompressedOops enabled, and the Java Heap may be blocking the growth of the native heap
# Possible solutions:
#   Reduce memory load on the system
#   Increase physical memory or swap space
#   Check if swap backing store is full
#   Decrease Java heap size (-Xmx/-Xms)
#   Decrease number of Java threads
#   Decrease Java thread stack sizes (-Xss)
#   Set larger code cache with -XX:ReservedCodeCacheSize=
#   JVM is running with Unscaled Compressed Oops mode in which the Java heap is
#     placed in the first 4GB address space. The Java Heap base address is the
#     maximum limit for the native heap growth. Please use -XX:HeapBaseMinAddress
#     to set the Java Heap base and to place the Java Heap above 4GB virtual address.
# This output file may be truncated or incomplete.
#
#  Out of Memory Error (arena.cpp:162), pid=23656, tid=20936
#
# JRE version: Java(TM) SE Runtime Environment (24.0.2+12) (build 24.0.2+12-54)
# Java VM: Java HotSpot(TM) 64-Bit Server VM (24.0.2+12-54, mixed mode, sharing, tiered, compressed oops, compressed class ptrs, g1 gc, windows-amd64)
# No core dump will be written. Minidumps are not enabled by default on client versions of Windows
#

---------------  S U M M A R Y ------------

Command Line: C:\Users\Isidora\AppData\Local\Temp\surefire17211944384903973250\surefirebooter-20260104132904681_3.jar C:\Users\Isidora\AppData\Local\Temp\surefire17211944384903973250 2026-01-04T13-29-03_370-jvmRun1 surefire-20260104132904681_1tmp surefire_0-20260104132904681_2tmp

Host: AMD Ryzen 7 4700U with Radeon Graphics         , 8 cores, 7G,  Windows 10 , 64 bit Build 19041 (10.0.19041.5915)
Time: Sun Jan  4 13:32:21 2026 Central Europe Standard Time elapsed time: 193.582631 seconds (0d 0h 3m 13s)

---------------  T H R E A D  ---------------

Current thread (0x0000025ff506c270):  JavaThread "C2 CompilerThread0" daemon [_thread_in_native, id=20936, stack(0x0000007229800000,0x0000007229900000) (1024K)]


Current CompileTask:
C2:193582 6392       4       org.springframework.beans.factory.support.AbstractBeanFactory::isTypeMatch (776 bytes)

Stack: [0x0000007229800000,0x0000007229900000]
Native frames: (J=compiled Java code, j=interpreted, Vv=VM code, C=native code)
V  [jvm.dll+0x730829]  (no source info available)
V  [jvm.dll+0x8d9da3]  (no source info available)
V  [jvm.dll+0x8dc28d]  (no source info available)
V  [jvm.dll+0x8dc903]  (no source info available)
V  [jvm.dll+0x2a9f56]  (no source info available)
V  [jvm.dll+0xced7f]  (no source info available)
V  [jvm.dll+0xcefdf]  (no source info available)
V  [jvm.dll+0x3f3642]  (no source info available)
V  [jvm.dll+0x3c0040]  (no source info available)
V  [jvm.dll+0x3bf4ca]  (no source info available)
V  [jvm.dll+0x26f637]  (no source info available)
V  [jvm.dll+0x26e8ff]  (no source info available)
V  [jvm.dll+0x1e9c90]  (no source info available)
V  [jvm.dll+0x27e0cb]  (no source info available)
V  [jvm.dll+0x27c36a]  (no source info available)
V  [jvm.dll+0x42f396]  (no source info available)
V  [jvm.dll+0x87d9eb]  (no source info available)
V  [jvm.dll+0x72ef45]  (no source info available)
C  [ucrtbase.dll+0x21bb2]  (no source info available)
C  [KERNEL32.DLL+0x17374]  (no source info available)
C  [ntdll.dll+0x4cc91]  (no source info available)

Lock stack of current Java thread (top to bottom):


---------------  P R O C E S S  ---------------

Threads class SMR info:
_java_thread_list=0x0000025fc668d4a0, length=15, elements={
0x0000025fd631d7c0, 0x0000025ff5060d20, 0x0000025ff5061720, 0x0000025ff5065270,
0x0000025ff5065da0, 0x0000025ff50668d0, 0x0000025ff5067400, 0x0000025ff506c270,
0x0000025ff50c83a0, 0x0000025fc502bbc0, 0x0000025fc502c300, 0x0000025fc5406320,
0x0000025fc54070a0, 0x0000025fc6318520, 0x0000025fc6318c70
}

Java Threads: ( => current thread )
  0x0000025fd631d7c0 JavaThread "main"                              [_thread_in_Java, id=8936, stack(0x0000007228900000,0x0000007228a00000) (1024K)]
  0x0000025ff5060d20 JavaThread "Reference Handler"          daemon [_thread_blocked, id=22760, stack(0x0000007229200000,0x0000007229300000) (1024K)]
  0x0000025ff5061720 JavaThread "Finalizer"                  daemon [_thread_blocked, id=24124, stack(0x0000007229300000,0x0000007229400000) (1024K)]
  0x0000025ff5065270 JavaThread "Signal Dispatcher"          daemon [_thread_blocked, id=23276, stack(0x0000007229400000,0x0000007229500000) (1024K)]
  0x0000025ff5065da0 JavaThread "Attach Listener"            daemon [_thread_blocked, id=23204, stack(0x0000007229500000,0x0000007229600000) (1024K)]
  0x0000025ff50668d0 JavaThread "Service Thread"             daemon [_thread_blocked, id=22720, stack(0x0000007229600000,0x0000007229700000) (1024K)]
  0x0000025ff5067400 JavaThread "Monitor Deflation Thread"   daemon [_thread_blocked, id=13360, stack(0x0000007229700000,0x0000007229800000) (1024K)]
=>0x0000025ff506c270 JavaThread "C2 CompilerThread0"         daemon [_thread_in_native, id=20936, stack(0x0000007229800000,0x0000007229900000) (1024K)]
  0x0000025ff50c83a0 JavaThread "C1 CompilerThread0"         daemon [_thread_in_vm, id=15288, stack(0x0000007229900000,0x0000007229a00000) (1024K)]
  0x0000025fc502bbc0 JavaThread "Notification Thread"        daemon [_thread_blocked, id=21032, stack(0x0000007229a00000,0x0000007229b00000) (1024K)]
  0x0000025fc502c300 JavaThread "Common-Cleaner"             daemon [_thread_blocked, id=17160, stack(0x0000007229b00000,0x0000007229c00000) (1024K)]
  0x0000025fc5406320 JavaThread "surefire-forkedjvm-stream-flusher" daemon [_thread_blocked, id=24304, stack(0x0000007229c00000,0x0000007229d00000) (1024K)]
  0x0000025fc54070a0 JavaThread "surefire-forkedjvm-command-thread" daemon [_thread_in_native, id=23948, stack(0x0000007229d00000,0x0000007229e00000) (1024K)]
  0x0000025fc6318520 JavaThread "PostgreSQL-JDBC-Cleaner"    daemon [_thread_blocked, id=24020, stack(0x000000722a700000,0x000000722a800000) (1024K)]
  0x0000025fc6318c70 JavaThread "HikariPool-1:housekeeper"   daemon [_thread_blocked, id=24580, stack(0x000000722a800000,0x000000722a900000) (1024K)]
Total: 15

Other Threads:
  0x0000025ff5053c70 VMThread "VM Thread"                           [id=22840, stack(0x0000007229100000,0x0000007229200000) (1024K)]
  0x0000025ff50429a0 WatcherThread "VM Periodic Task Thread"        [id=1076, stack(0x0000007229000000,0x0000007229100000) (1024K)]
  0x0000025fd85c9dc0 WorkerThread "GC Thread#0"                     [id=24176, stack(0x0000007228b00000,0x0000007228c00000) (1024K)]
  0x0000025fc6265130 WorkerThread "GC Thread#1"                     [id=1456, stack(0x0000007229e00000,0x0000007229f00000) (1024K)]
  0x0000025fc6104290 WorkerThread "GC Thread#2"                     [id=11416, stack(0x0000007229f00000,0x000000722a000000) (1024K)]
  0x0000025fc5d5eb00 WorkerThread "GC Thread#3"                     [id=9456, stack(0x000000722a000000,0x000000722a100000) (1024K)]
  0x0000025fc62654e0 WorkerThread "GC Thread#4"                     [id=23012, stack(0x000000722a100000,0x000000722a200000) (1024K)]
  0x0000025fc6342e20 WorkerThread "GC Thread#5"                     [id=22496, stack(0x000000722a200000,0x000000722a300000) (1024K)]
  0x0000025fc6718e60 WorkerThread "GC Thread#6"                     [id=23720, stack(0x000000722a400000,0x000000722a500000) (1024K)]
  0x0000025fc6718ab0 WorkerThread "GC Thread#7"                     [id=23632, stack(0x000000722a500000,0x000000722a600000) (1024K)]
  0x0000025fd85dd4c0 ConcurrentGCThread "G1 Main Marker"            [id=12572, stack(0x0000007228c00000,0x0000007228d00000) (1024K)]
  0x0000025fd85e0300 WorkerThread "G1 Conc#0"                       [id=22032, stack(0x0000007228d00000,0x0000007228e00000) (1024K)]
  0x0000025fc6719210 WorkerThread "G1 Conc#1"                       [id=5984, stack(0x000000722a600000,0x000000722a700000) (1024K)]
  0x0000025fd863d5e0 ConcurrentGCThread "G1 Refine#0"               [id=21916, stack(0x0000007228e00000,0x0000007228f00000) (1024K)]
  0x0000025fd863e070 ConcurrentGCThread "G1 Service"                [id=13072, stack(0x0000007228f00000,0x0000007229000000) (1024K)]
Total: 15

Threads with active compile tasks:
C2 CompilerThread0  193663 6392       4       org.springframework.beans.factory.support.AbstractBeanFactory::isTypeMatch (776 bytes)
C1 CompilerThread0  193663 6404   !   3       org.springframework.core.annotation.AnnotationsScanner::processClassHierarchy (234 bytes)
Total: 2

VM state: not at safepoint (normal execution)

VM Mutex/Monitor currently owned by a thread: None

Heap address: 0x000000008a200000, size: 1886 MB, Compressed Oops mode: 32-bit

CDS archive(s) mapped at: [0x0000025f80000000-0x0000025f80d40000-0x0000025f80d40000), size 13893632, SharedBaseAddress: 0x0000025f80000000, ArchiveRelocationMode: 1.
Compressed class space mapped at: 0x0000025f81000000-0x0000025fc1000000, reserved size: 1073741824
UseCompressedClassPointers 1, UseCompactObjectHeaders 0
Narrow klass pointer bits 32, Max shift 3
Narrow klass base: 0x0000025f80000000, Narrow klass shift: 0
Encoding Range: [0x0000025f80000000 - 0x0000026080000000), (4294967296 bytes)
Klass Range:    [0x0000025f80000000 - 0x0000025fc1000000), (1090519040 bytes)
Klass ID Range:  [8 - 1090519033) (1090519025)

GC Precious Log:
 CardTable entry size: 512
 Card Set container configuration: InlinePtr #cards 5 size 8 Array Of Cards #cards 10 size 36 Howl #buckets 4 coarsen threshold 1843 Howl Bitmap #cards 512 size 80 coarsen threshold 460 Card regions per heap region 1 cards per card region 2048
 CPUs: 8 total, 8 available
 Memory: 7541M
 Large Page Support: Disabled
 NUMA Support: Disabled
 Compressed Oops: Enabled (32-bit)
 Heap Region Size: 1M
 Heap Min Capacity: 8M
 Heap Initial Capacity: 118M
 Heap Max Capacity: 1886M
 Pre-touch: Disabled
 Parallel Workers: 8
 Concurrent Workers: 2
 Concurrent Refinement Workers: 8
 Periodic GC: Disabled

Heap:
 garbage-first heap   total reserved 1931264K, committed 58368K, used 34558K [0x000000008a200000, 0x0000000100000000)
  region size 1024K, 4 young (4096K), 1 survivors (1024K)
 Metaspace       used 67798K, committed 68288K, reserved 1114112K
  class space    used 7428K, committed 7616K, reserved 1048576K

Heap Regions: E=young(eden), S=young(survivor), O=old, HS=humongous(starts), HC=humongous(continues), CS=collection set, F=free, TAMS=top-at-mark-start, PB=parsable bottom
|   0|0x000000008a200000, 0x000000008a300000, 0x000000008a300000|100%|HS|  |TAMS 0x000000008a200000| PB 0x000000008a200000| Complete |  0
|   1|0x000000008a300000, 0x000000008a400000, 0x000000008a400000|100%|HS|  |TAMS 0x000000008a300000| PB 0x000000008a300000| Complete |  0
|   2|0x000000008a400000, 0x000000008a500000, 0x000000008a500000|100%| O|  |TAMS 0x000000008a400000| PB 0x000000008a400000| Untracked |  0
|   3|0x000000008a500000, 0x000000008a600000, 0x000000008a600000|100%| O|  |TAMS 0x000000008a500000| PB 0x000000008a500000| Untracked |  0
|   4|0x000000008a600000, 0x000000008a700000, 0x000000008a700000|100%| O|  |TAMS 0x000000008a600000| PB 0x000000008a600000| Untracked |  0
|   5|0x000000008a700000, 0x000000008a800000, 0x000000008a800000|100%| O|  |TAMS 0x000000008a700000| PB 0x000000008a700000| Untracked |  0
|   6|0x000000008a800000, 0x000000008a900000, 0x000000008a900000|100%| O|  |TAMS 0x000000008a800000| PB 0x000000008a800000| Untracked |  0
|   7|0x000000008a900000, 0x000000008aa00000, 0x000000008aa00000|100%| O|  |TAMS 0x000000008a900000| PB 0x000000008a900000| Untracked |  0
|   8|0x000000008aa00000, 0x000000008ab00000, 0x000000008ab00000|100%| O|  |TAMS 0x000000008aa00000| PB 0x000000008aa00000| Untracked |  0
|   9|0x000000008ab00000, 0x000000008ac00000, 0x000000008ac00000|100%| O|  |TAMS 0x000000008ab00000| PB 0x000000008ab00000| Untracked |  0
|  10|0x000000008ac00000, 0x000000008ad00000, 0x000000008ad00000|100%| O|  |TAMS 0x000000008ac00000| PB 0x000000008ac00000| Untracked |  0
|  11|0x000000008ad00000, 0x000000008ae00000, 0x000000008ae00000|100%| O|  |TAMS 0x000000008ad00000| PB 0x000000008ad00000| Untracked |  0
|  12|0x000000008ae00000, 0x000000008af00000, 0x000000008af00000|100%| O|  |TAMS 0x000000008ae00000| PB 0x000000008ae00000| Untracked |  0
|  13|0x000000008af00000, 0x000000008b000000, 0x000000008b000000|100%| O|  |TAMS 0x000000008af00000| PB 0x000000008af00000| Untracked |  0
|  14|0x000000008b000000, 0x000000008b100000, 0x000000008b100000|100%| O|  |TAMS 0x000000008b000000| PB 0x000000008b000000| Untracked |  0
|  15|0x000000008b100000, 0x000000008b200000, 0x000000008b200000|100%| O|  |TAMS 0x000000008b100000| PB 0x000000008b100000| Untracked |  0
|  16|0x000000008b200000, 0x000000008b300000, 0x000000008b300000|100%| O|  |TAMS 0x000000008b200000| PB 0x000000008b200000| Untracked |  0
|  17|0x000000008b300000, 0x000000008b400000, 0x000000008b400000|100%| O|  |TAMS 0x000000008b300000| PB 0x000000008b300000| Untracked |  0
|  18|0x000000008b400000, 0x000000008b400000, 0x000000008b500000|  0%| F|  |TAMS 0x000000008b400000| PB 0x000000008b400000| Untracked |  0
|  19|0x000000008b500000, 0x000000008b600000, 0x000000008b600000|100%| O|  |TAMS 0x000000008b500000| PB 0x000000008b500000| Untracked |  0
|  20|0x000000008b600000, 0x000000008b700000, 0x000000008b700000|100%| O|  |TAMS 0x000000008b600000| PB 0x000000008b600000| Untracked |  0
|  21|0x000000008b700000, 0x000000008b800000, 0x000000008b800000|100%| O|  |TAMS 0x000000008b700000| PB 0x000000008b700000| Untracked |  0
|  22|0x000000008b800000, 0x000000008b900000, 0x000000008b900000|100%| O|  |TAMS 0x000000008b800000| PB 0x000000008b800000| Untracked |  0
|  23|0x000000008b900000, 0x000000008ba00000, 0x000000008ba00000|100%| O|  |TAMS 0x000000008b900000| PB 0x000000008b900000| Untracked |  0
|  24|0x000000008ba00000, 0x000000008bb00000, 0x000000008bb00000|100%| O|  |TAMS 0x000000008ba00000| PB 0x000000008ba00000| Untracked |  0
|  25|0x000000008bb00000, 0x000000008bc00000, 0x000000008bc00000|100%| O|  |TAMS 0x000000008bb00000| PB 0x000000008bb00000| Untracked |  0
|  26|0x000000008bc00000, 0x000000008bd00000, 0x000000008bd00000|100%| O|  |TAMS 0x000000008bc00000| PB 0x000000008bc00000| Untracked |  0
|  27|0x000000008bd00000, 0x000000008be00000, 0x000000008be00000|100%| O|  |TAMS 0x000000008bd00000| PB 0x000000008bd00000| Untracked |  0
|  28|0x000000008be00000, 0x000000008bf00000, 0x000000008bf00000|100%| O|  |TAMS 0x000000008be00000| PB 0x000000008be00000| Untracked |  0
|  29|0x000000008bf00000, 0x000000008c000000, 0x000000008c000000|100%| O|  |TAMS 0x000000008bf00000| PB 0x000000008bf00000| Untracked |  0
|  30|0x000000008c000000, 0x000000008c0d7800, 0x000000008c100000| 84%| O|  |TAMS 0x000000008c000000| PB 0x000000008c000000| Untracked |  0
|  31|0x000000008c100000, 0x000000008c100000, 0x000000008c200000|  0%| F|  |TAMS 0x000000008c100000| PB 0x000000008c100000| Untracked |  0
|  32|0x000000008c200000, 0x000000008c200000, 0x000000008c300000|  0%| F|  |TAMS 0x000000008c200000| PB 0x000000008c200000| Untracked |  0
|  33|0x000000008c300000, 0x000000008c300000, 0x000000008c400000|  0%| F|  |TAMS 0x000000008c300000| PB 0x000000008c300000| Untracked |  0
|  34|0x000000008c400000, 0x000000008c400000, 0x000000008c500000|  0%| F|  |TAMS 0x000000008c400000| PB 0x000000008c400000| Untracked |  0
|  35|0x000000008c500000, 0x000000008c500000, 0x000000008c600000|  0%| F|  |TAMS 0x000000008c500000| PB 0x000000008c500000| Untracked |  0
|  36|0x000000008c600000, 0x000000008c600000, 0x000000008c700000|  0%| F|  |TAMS 0x000000008c600000| PB 0x000000008c600000| Untracked |  0
|  37|0x000000008c700000, 0x000000008c700000, 0x000000008c800000|  0%| F|  |TAMS 0x000000008c700000| PB 0x000000008c700000| Untracked |  0
|  38|0x000000008c800000, 0x000000008c800000, 0x000000008c900000|  0%| F|  |TAMS 0x000000008c800000| PB 0x000000008c800000| Untracked |  0
|  39|0x000000008c900000, 0x000000008c900000, 0x000000008ca00000|  0%| F|  |TAMS 0x000000008c900000| PB 0x000000008c900000| Untracked |  0
|  40|0x000000008ca00000, 0x000000008ca00000, 0x000000008cb00000|  0%| F|  |TAMS 0x000000008ca00000| PB 0x000000008ca00000| Untracked |  0
|  41|0x000000008cb00000, 0x000000008cb00000, 0x000000008cc00000|  0%| F|  |TAMS 0x000000008cb00000| PB 0x000000008cb00000| Untracked |  0
|  42|0x000000008cc00000, 0x000000008cc00000, 0x000000008cd00000|  0%| F|  |TAMS 0x000000008cc00000| PB 0x000000008cc00000| Untracked |  0
|  43|0x000000008cd00000, 0x000000008cde8240, 0x000000008ce00000| 90%| S|CS|TAMS 0x000000008cd00000| PB 0x000000008cd00000| Complete |  0
|  44|0x000000008ce00000, 0x000000008ce00000, 0x000000008cf00000|  0%| F|  |TAMS 0x000000008ce00000| PB 0x000000008ce00000| Untracked |  0
|  45|0x000000008cf00000, 0x000000008cf00000, 0x000000008d000000|  0%| F|  |TAMS 0x000000008cf00000| PB 0x000000008cf00000| Untracked |  0
|  46|0x000000008d000000, 0x000000008d000000, 0x000000008d100000|  0%| F|  |TAMS 0x000000008d000000| PB 0x000000008d000000| Untracked |  0
| 108|0x0000000090e00000, 0x0000000090e00000, 0x0000000090f00000|  0%| F|  |TAMS 0x0000000090e00000| PB 0x0000000090e00000| Untracked |  0
| 109|0x0000000090f00000, 0x0000000090f00000, 0x0000000091000000|  0%| F|  |TAMS 0x0000000090f00000| PB 0x0000000090f00000| Untracked |  0
| 110|0x0000000091000000, 0x0000000091000000, 0x0000000091100000|  0%| F|  |TAMS 0x0000000091000000| PB 0x0000000091000000| Untracked |  0
| 111|0x0000000091100000, 0x0000000091100000, 0x0000000091200000|  0%| F|  |TAMS 0x0000000091100000| PB 0x0000000091100000| Untracked |  0
| 114|0x0000000091400000, 0x0000000091400000, 0x0000000091500000|  0%| F|  |TAMS 0x0000000091400000| PB 0x0000000091400000| Untracked |  0
| 115|0x0000000091500000, 0x0000000091500000, 0x0000000091600000|  0%| F|  |TAMS 0x0000000091500000| PB 0x0000000091500000| Untracked |  0
| 116|0x0000000091600000, 0x00000000916cc4a0, 0x0000000091700000| 79%| E|  |TAMS 0x0000000091600000| PB 0x0000000091600000| Complete |  0
| 117|0x0000000091700000, 0x0000000091800000, 0x0000000091800000|100%| E|CS|TAMS 0x0000000091700000| PB 0x0000000091700000| Complete |  0
|1884|0x00000000ffe00000, 0x00000000fff00000, 0x00000000fff00000|100%| O|  |TAMS 0x00000000ffe00000| PB 0x00000000ffe00000| Untracked |  0
|1885|0x00000000fff00000, 0x0000000100000000, 0x0000000100000000|100%| E|CS|TAMS 0x00000000fff00000| PB 0x00000000fff00000| Complete |  0

Card table byte_map: [0x0000025ff0500000,0x0000025ff08b0000] _byte_map_base: 0x0000025ff00af000

Marking Bits: (CMBitMap*) 0x0000025fd85ca4d0
 Bits: [0x0000025ff08b0000, 0x0000025ff2628000)

Polling page: 0x0000025fd7d40000

Metaspace:

Usage:
  Non-class:     58.95 MB used.
      Class:      7.25 MB used.
       Both:     66.21 MB used.

Virtual space:
  Non-class space:       64.00 MB reserved,      59.25 MB ( 93%) committed,  1 nodes.
      Class space:        1.00 GB reserved,       7.44 MB ( <1%) committed,  1 nodes.
             Both:        1.06 GB reserved,      66.69 MB (  6%) committed. 

Chunk freelists:
   Non-Class:  4.01 MB
       Class:  8.52 MB
        Both:  12.53 MB

MaxMetaspaceSize: unlimited
CompressedClassSpaceSize: 1.00 GB
Initial GC threshold: 21.00 MB
Current GC threshold: 101.81 MB
CDS: on
 - commit_granule_bytes: 65536.
 - commit_granule_words: 8192.
 - virtual_space_node_default_size: 8388608.
 - enlarge_chunks_in_place: 1.
UseCompressedClassPointers 1, UseCompactObjectHeaders 0
Narrow klass pointer bits 32, Max shift 3
Narrow klass base: 0x0000025f80000000, Narrow klass shift: 0
Encoding Range: [0x0000025f80000000 - 0x0000026080000000), (4294967296 bytes)
Klass Range:    [0x0000025f80000000 - 0x0000025fc1000000), (1090519040 bytes)
Klass ID Range:  [8 - 1090519033) (1090519025)


Internal statistics:

num_allocs_failed_limit: 15.
num_arena_births: 598.
num_arena_deaths: 0.
num_vsnodes_births: 2.
num_vsnodes_deaths: 0.
num_space_committed: 1067.
num_space_uncommitted: 0.
num_chunks_returned_to_freelist: 15.
num_chunks_taken_from_freelist: 2939.
num_chunk_merges: 15.
num_chunk_splits: 2193.
num_chunks_enlarged: 1833.
num_inconsistent_stats: 0.

CodeHeap 'non-profiled nmethods': size=120064Kb used=3043Kb max_used=3043Kb free=117020Kb
 bounds [0x0000025fe88e0000, 0x0000025fe8be0000, 0x0000025fefe20000]
CodeHeap 'profiled nmethods': size=120000Kb used=9213Kb max_used=9319Kb free=110786Kb
 bounds [0x0000025fe0e20000, 0x0000025fe1750000, 0x0000025fe8350000]
CodeHeap 'non-nmethods': size=5696Kb used=1533Kb max_used=1673Kb free=4162Kb
 bounds [0x0000025fe8350000, 0x0000025fe85c0000, 0x0000025fe88e0000]
CodeCache: size=245760Kb, used=13789Kb, max_used=14035Kb, free=231968Kb
 total_blobs=6282, nmethods=5586, adapters=599, full_count=0
Compilation: enabled, stopped_count=0, restarted_count=0

Compilation events (20 events):
Event: 193.346 Thread 0x0000025ff506c270 nmethod 6382 0x0000025fe8bd7588 code [0x0000025fe8bd7680, 0x0000025fe8bd78a8]
Event: 193.346 Thread 0x0000025ff506c270 6383       4       java.lang.StringLatin1::compareTo (14 bytes)
Event: 193.349 Thread 0x0000025ff506c270 nmethod 6383 0x0000025fe8bd7908 code [0x0000025fe8bd7a20, 0x0000025fe8bd7ca8]
Event: 193.349 Thread 0x0000025ff506c270 6384       4       java.lang.StringLatin1::compareTo (41 bytes)
Event: 193.350 Thread 0x0000025ff50c83a0 6385       3       org.springframework.boot.context.properties.bind.Bindable::of (29 bytes)
Event: 193.350 Thread 0x0000025ff50c83a0 nmethod 6385 0x0000025fe1033008 code [0x0000025fe1033160, 0x0000025fe10334b0]
Event: 193.354 Thread 0x0000025ff506c270 nmethod 6384 0x0000025fe8bd7d08 code [0x0000025fe8bd7e20, 0x0000025fe8bd80f8]
Event: 193.363 Thread 0x0000025ff50c83a0 6386       3       java.lang.invoke.InvokerBytecodeGenerator$4$1::accept (854 bytes)
Event: 193.369 Thread 0x0000025ff50c83a0 nmethod 6386 0x0000025fe12c0c08 code [0x0000025fe12c10e0, 0x0000025fe12c3ce0]
Event: 193.389 Thread 0x0000025ff50c83a0 6387       3       java.beans.PropertyDescriptor::<init> (63 bytes)
Event: 193.390 Thread 0x0000025ff50c83a0 nmethod 6387 0x0000025fe1032388 code [0x0000025fe1032540, 0x0000025fe1032fa0]
Event: 193.390 Thread 0x0000025ff50c83a0 6388       3       java.beans.FeatureDescriptor::<init> (5 bytes)
Event: 193.390 Thread 0x0000025ff50c83a0 nmethod 6388 0x0000025fe1032088 code [0x0000025fe10321a0, 0x0000025fe1032300]
Event: 193.401 Thread 0x0000025ff50c83a0 6389   !   3       java.beans.PropertyDescriptor::findPropertyType (151 bytes)
Event: 193.405 Thread 0x0000025ff50c83a0 nmethod 6389 0x0000025fe14df608 code [0x0000025fe14dfb40, 0x0000025fe14e2e10]
Event: 193.405 Thread 0x0000025ff50c83a0 6390       3       java.beans.PropertyDescriptor::setPropertyType (9 bytes)
Event: 193.405 Thread 0x0000025ff50c83a0 nmethod 6390 0x0000025fe12c0708 code [0x0000025fe12c0840, 0x0000025fe12c0bc0]
Event: 193.405 Thread 0x0000025ff50c83a0 6391       3       java.beans.FeatureDescriptor::getWeakReference (17 bytes)
Event: 193.406 Thread 0x0000025ff50c83a0 nmethod 6391 0x0000025fe12c0108 code [0x0000025fe12c0260, 0x0000025fe12c0680]
Event: 193.492 Thread 0x0000025ff506c270 6392       4       org.springframework.beans.factory.support.AbstractBeanFactory::isTypeMatch (776 bytes)

GC Heap History (20 events):
Event: 43.474 GC heap before
{Heap before GC invocations=4 (full 0):
 garbage-first heap   total reserved 1931264K, committed 58368K, used 45262K [0x000000008a200000, 0x0000000100000000)
  region size 1024K, 34 young (34816K), 4 survivors (4096K)
 Metaspace       used 28784K, committed 29120K, reserved 1114112K
  class space    used 3096K, committed 3264K, reserved 1048576K
}
Event: 43.483 GC heap after
{Heap after GC invocations=5 (full 0):
 garbage-first heap   total reserved 1931264K, committed 58368K, used 19170K [0x000000008a200000, 0x0000000100000000)
  region size 1024K, 5 young (5120K), 5 survivors (5120K)
 Metaspace       used 28784K, committed 29120K, reserved 1114112K
  class space    used 3096K, committed 3264K, reserved 1048576K
}
Event: 48.592 GC heap before
{Heap before GC invocations=5 (full 0):
 garbage-first heap   total reserved 1931264K, committed 58368K, used 42722K [0x000000008a200000, 0x0000000100000000)
  region size 1024K, 28 young (28672K), 5 survivors (5120K)
 Metaspace       used 31453K, committed 31808K, reserved 1114112K
  class space    used 3350K, committed 3520K, reserved 1048576K
}
Event: 48.603 GC heap after
{Heap after GC invocations=6 (full 0):
 garbage-first heap   total reserved 1931264K, committed 58368K, used 21863K [0x000000008a200000, 0x0000000100000000)
  region size 1024K, 3 young (3072K), 3 survivors (3072K)
 Metaspace       used 31453K, committed 31808K, reserved 1114112K
  class space    used 3350K, committed 3520K, reserved 1048576K
}
Event: 54.710 GC heap before
{Heap before GC invocations=6 (full 0):
 garbage-first heap   total reserved 1931264K, committed 58368K, used 45415K [0x000000008a200000, 0x0000000100000000)
  region size 1024K, 26 young (26624K), 3 survivors (3072K)
 Metaspace       used 35187K, committed 35584K, reserved 1114112K
  class space    used 3800K, committed 3968K, reserved 1048576K
}
Event: 54.719 GC heap after
{Heap after GC invocations=7 (full 0):
 garbage-first heap   total reserved 1931264K, committed 58368K, used 24239K [0x000000008a200000, 0x0000000100000000)
  region size 1024K, 3 young (3072K), 3 survivors (3072K)
 Metaspace       used 35187K, committed 35584K, reserved 1114112K
  class space    used 3800K, committed 3968K, reserved 1048576K
}
Event: 57.056 GC heap before
{Heap before GC invocations=7 (full 0):
 garbage-first heap   total reserved 1931264K, committed 58368K, used 35503K [0x000000008a200000, 0x0000000100000000)
  region size 1024K, 15 young (15360K), 3 survivors (3072K)
 Metaspace       used 37513K, committed 37888K, reserved 1114112K
  class space    used 4054K, committed 4224K, reserved 1048576K
}
Event: 57.063 GC heap after
{Heap after GC invocations=8 (full 0):
 garbage-first heap   total reserved 1931264K, committed 58368K, used 24989K [0x000000008a200000, 0x0000000100000000)
  region size 1024K, 1 young (1024K), 1 survivors (1024K)
 Metaspace       used 37513K, committed 37888K, reserved 1114112K
  class space    used 4054K, committed 4224K, reserved 1048576K
}
Event: 62.891 GC heap before
{Heap before GC invocations=9 (full 0):
 garbage-first heap   total reserved 1931264K, committed 58368K, used 48541K [0x000000008a200000, 0x0000000100000000)
  region size 1024K, 24 young (24576K), 1 survivors (1024K)
 Metaspace       used 43004K, committed 43456K, reserved 1114112K
  class space    used 4740K, committed 4928K, reserved 1048576K
}
Event: 62.898 GC heap after
{Heap after GC invocations=10 (full 0):
 garbage-first heap   total reserved 1931264K, committed 58368K, used 26724K [0x000000008a200000, 0x0000000100000000)
  region size 1024K, 3 young (3072K), 3 survivors (3072K)
 Metaspace       used 43004K, committed 43456K, reserved 1114112K
  class space    used 4740K, committed 4928K, reserved 1048576K
}
Event: 116.307 GC heap before
{Heap before GC invocations=10 (full 0):
 garbage-first heap   total reserved 1931264K, committed 58368K, used 49252K [0x000000008a200000, 0x0000000100000000)
  region size 1024K, 25 young (25600K), 3 survivors (3072K)
 Metaspace       used 50013K, committed 50432K, reserved 1114112K
  class space    used 5444K, committed 5632K, reserved 1048576K
}
Event: 116.424 GC heap after
{Heap after GC invocations=11 (full 0):
 garbage-first heap   total reserved 1931264K, committed 58368K, used 28208K [0x000000008a200000, 0x0000000100000000)
  region size 1024K, 4 young (4096K), 4 survivors (4096K)
 Metaspace       used 50013K, committed 50432K, reserved 1114112K
  class space    used 5444K, committed 5632K, reserved 1048576K
}
Event: 121.167 GC heap before
{Heap before GC invocations=11 (full 0):
 garbage-first heap   total reserved 1931264K, committed 58368K, used 47664K [0x000000008a200000, 0x0000000100000000)
  region size 1024K, 24 young (24576K), 4 survivors (4096K)
 Metaspace       used 55205K, committed 55616K, reserved 1114112K
  class space    used 5937K, committed 6080K, reserved 1048576K
}
Event: 121.179 GC heap after
{Heap after GC invocations=12 (full 0):
 garbage-first heap   total reserved 1931264K, committed 58368K, used 29505K [0x000000008a200000, 0x0000000100000000)
  region size 1024K, 3 young (3072K), 3 survivors (3072K)
 Metaspace       used 55205K, committed 55616K, reserved 1114112K
  class space    used 5937K, committed 6080K, reserved 1048576K
}
Event: 126.396 GC heap before
{Heap before GC invocations=12 (full 0):
 garbage-first heap   total reserved 1931264K, committed 58368K, used 49985K [0x000000008a200000, 0x0000000100000000)
  region size 1024K, 24 young (24576K), 3 survivors (3072K)
 Metaspace       used 62037K, committed 62528K, reserved 1114112K
  class space    used 6798K, committed 6976K, reserved 1048576K
}
Event: 126.408 GC heap after
{Heap after GC invocations=13 (full 0):
 garbage-first heap   total reserved 1931264K, committed 58368K, used 29909K [0x000000008a200000, 0x0000000100000000)
  region size 1024K, 2 young (2048K), 2 survivors (2048K)
 Metaspace       used 62037K, committed 62528K, reserved 1114112K
  class space    used 6798K, committed 6976K, reserved 1048576K
}
Event: 184.861 GC heap before
{Heap before GC invocations=14 (full 0):
 garbage-first heap   total reserved 1931264K, committed 58368K, used 51413K [0x000000008a200000, 0x0000000100000000)
  region size 1024K, 23 young (23552K), 2 survivors (2048K)
 Metaspace       used 65170K, committed 65664K, reserved 1114112K
  class space    used 7178K, committed 7360K, reserved 1048576K
}
Event: 185.215 GC heap after
{Heap after GC invocations=15 (full 0):
 garbage-first heap   total reserved 1931264K, committed 58368K, used 31850K [0x000000008a200000, 0x0000000100000000)
  region size 1024K, 3 young (3072K), 3 survivors (3072K)
 Metaspace       used 65170K, committed 65664K, reserved 1114112K
  class space    used 7178K, committed 7360K, reserved 1048576K
}
Event: 192.061 GC heap before
{Heap before GC invocations=15 (full 0):
 garbage-first heap   total reserved 1931264K, committed 58368K, used 44138K [0x000000008a200000, 0x0000000100000000)
  region size 1024K, 15 young (15360K), 3 survivors (3072K)
 Metaspace       used 67569K, committed 68096K, reserved 1114112K
  class space    used 7407K, committed 7616K, reserved 1048576K
}
Event: 192.121 GC heap after
{Heap after GC invocations=16 (full 0):
 garbage-first heap   total reserved 1931264K, committed 58368K, used 32510K [0x000000008a200000, 0x0000000100000000)
  region size 1024K, 1 young (1024K), 1 survivors (1024K)
 Metaspace       used 67569K, committed 68096K, reserved 1114112K
  class space    used 7407K, committed 7616K, reserved 1048576K
}

Dll operation events (10 events):
Event: 0.109 Loaded shared library C:\Program Files\Java\jdk-24\bin\java.dll
Event: 1.024 Loaded shared library C:\Program Files\Java\jdk-24\bin\jsvml.dll
Event: 1.169 Loaded shared library C:\Program Files\Java\jdk-24\bin\net.dll
Event: 1.172 Loaded shared library C:\Program Files\Java\jdk-24\bin\nio.dll
Event: 1.176 Loaded shared library C:\Program Files\Java\jdk-24\bin\zip.dll
Event: 2.329 Loaded shared library C:\Program Files\Java\jdk-24\bin\management.dll
Event: 2.350 Loaded shared library C:\Program Files\Java\jdk-24\bin\management_ext.dll
Event: 2.415 Loaded shared library C:\Program Files\Java\jdk-24\bin\jimage.dll
Event: 35.790 Loaded shared library C:\Program Files\Java\jdk-24\bin\sunmscapi.dll
Event: 63.949 Loaded shared library C:\Program Files\Java\jdk-24\bin\extnet.dll

Deoptimization events (20 events):
Event: 193.264 Thread 0x0000025fd631d7c0 Uncommon trap: trap_request=0xffffffde fr.pc=0x0000025fe8a533f0 relative=0x0000000000000150
Event: 193.264 Thread 0x0000025fd631d7c0 Uncommon trap: reason=class_check action=maybe_recompile pc=0x0000025fe8a533f0 method=java.lang.reflect.Array.newInstance(Ljava/lang/Class;I)Ljava/lang/Object; @ 2 c2
Event: 193.264 Thread 0x0000025fd631d7c0 DEOPT PACKING pc=0x0000025fe8a533f0 sp=0x00000072289f78d0
Event: 193.264 Thread 0x0000025fd631d7c0 DEOPT UNPACKING pc=0x0000025fe83ce502 sp=0x00000072289f7868 mode 2
Event: 193.265 Thread 0x0000025fd631d7c0 Uncommon trap: trap_request=0xffffffde fr.pc=0x0000025fe8a533f0 relative=0x0000000000000150
Event: 193.266 Thread 0x0000025fd631d7c0 Uncommon trap: reason=class_check action=maybe_recompile pc=0x0000025fe8a533f0 method=java.lang.reflect.Array.newInstance(Ljava/lang/Class;I)Ljava/lang/Object; @ 2 c2
Event: 193.266 Thread 0x0000025fd631d7c0 DEOPT PACKING pc=0x0000025fe8a533f0 sp=0x00000072289f78d0
Event: 193.266 Thread 0x0000025fd631d7c0 DEOPT UNPACKING pc=0x0000025fe83ce502 sp=0x00000072289f7868 mode 2
Event: 193.266 Thread 0x0000025fd631d7c0 Uncommon trap: trap_request=0xffffffde fr.pc=0x0000025fe8a533f0 relative=0x0000000000000150
Event: 193.266 Thread 0x0000025fd631d7c0 Uncommon trap: reason=class_check action=maybe_recompile pc=0x0000025fe8a533f0 method=java.lang.reflect.Array.newInstance(Ljava/lang/Class;I)Ljava/lang/Object; @ 2 c2
Event: 193.266 Thread 0x0000025fd631d7c0 DEOPT PACKING pc=0x0000025fe8a533f0 sp=0x00000072289f78d0
Event: 193.266 Thread 0x0000025fd631d7c0 DEOPT UNPACKING pc=0x0000025fe83ce502 sp=0x00000072289f7868 mode 2
Event: 193.266 Thread 0x0000025fd631d7c0 Uncommon trap: trap_request=0xffffffde fr.pc=0x0000025fe8a533f0 relative=0x0000000000000150
Event: 193.266 Thread 0x0000025fd631d7c0 Uncommon trap: reason=class_check action=maybe_recompile pc=0x0000025fe8a533f0 method=java.lang.reflect.Array.newInstance(Ljava/lang/Class;I)Ljava/lang/Object; @ 2 c2
Event: 193.266 Thread 0x0000025fd631d7c0 DEOPT PACKING pc=0x0000025fe8a533f0 sp=0x00000072289f78d0
Event: 193.266 Thread 0x0000025fd631d7c0 DEOPT UNPACKING pc=0x0000025fe83ce502 sp=0x00000072289f7868 mode 2
Event: 193.351 Thread 0x0000025fd631d7c0 Uncommon trap: trap_request=0xffffffdc fr.pc=0x0000025fe8bd71f4 relative=0x00000000000002d4
Event: 193.351 Thread 0x0000025fd631d7c0 Uncommon trap: reason=class_check action=make_not_entrant pc=0x0000025fe8bd71f4 method=java.util.ArrayList.toArray([Ljava/lang/Object;)[Ljava/lang/Object; @ 21 c2
Event: 193.351 Thread 0x0000025fd631d7c0 DEOPT PACKING pc=0x0000025fe8bd71f4 sp=0x00000072289f7e60
Event: 193.352 Thread 0x0000025fd631d7c0 DEOPT UNPACKING pc=0x0000025fe83ce502 sp=0x00000072289f7e30 mode 2

Classes loaded (20 events):
Event: 119.863 Loading class java/util/WeakHashMap$HashIterator done
Event: 119.863 Loading class java/util/WeakHashMap$EntryIterator done
Event: 123.783 Loading class java/util/AbstractList$SubList
Event: 123.783 Loading class java/util/AbstractList$SubList done
Event: 166.356 Loading class javax/naming/Reference
Event: 166.372 Loading class javax/naming/Reference done
Event: 174.579 Loading class java/lang/SafeVarargs
Event: 174.579 Loading class java/lang/SafeVarargs done
Event: 174.919 Loading class sun/reflect/generics/reflectiveObjects/GenericArrayTypeImpl
Event: 174.920 Loading class sun/reflect/generics/reflectiveObjects/GenericArrayTypeImpl done
Event: 185.589 Loading class java/lang/Package$1PackageInfoProxy
Event: 185.589 Loading class java/lang/Package$1PackageInfoProxy done
Event: 190.517 Loading class java/util/WeakHashMap$KeyIterator
Event: 190.523 Loading class java/util/WeakHashMap$KeyIterator done
Event: 191.062 Loading class java/lang/invoke/MethodHandleImpl$CountingWrapper$1
Event: 191.062 Loading class java/lang/invoke/MethodHandleImpl$CountingWrapper$1 done
Event: 191.389 Loading class sun/reflect/ReflectionFactory
Event: 191.394 Loading class sun/reflect/ReflectionFactory done
Event: 191.394 Loading class java/io/OptionalDataException
Event: 191.402 Loading class java/io/OptionalDataException done

Classes unloaded (0 events):
No events

Classes redefined (0 events):
No events

Internal exceptions (20 events):
Event: 120.383 Thread 0x0000025fd631d7c0 Exception <a 'java/lang/IncompatibleClassChangeError'{0x000000008ccf0900}: Found class java.lang.Object, but interface was expected> (0x000000008ccf0900) 
thrown [s\open\src\hotspot\share\interpreter\linkResolver.cpp, line 872]
Event: 120.438 Thread 0x0000025fd631d7c0 Exception <a 'java/lang/NoSuchMethodError'{0x000000008cb9fbb8}: 'java.lang.Object java.lang.invoke.DirectMethodHandle$Holder.invokeStatic(java.lang.Object, java.lang.Object, int, java.lang.Object)'> (0x000000008cb9fbb8) 
thrown [s\open\src\hotspot\share\interpreter\linkResolver.cpp, line 805]
Event: 120.439 Thread 0x0000025fd631d7c0 Exception <a 'java/lang/NoSuchMethodError'{0x000000008cba8568}: 'java.lang.Object java.lang.invoke.DirectMethodHandle$Holder.invokeStaticInit(java.lang.Object, java.lang.Object, int, java.lang.Object)'> (0x000000008cba8568) 
thrown [s\open\src\hotspot\share\interpreter\linkResolver.cpp, line 805]
Event: 125.783 Thread 0x0000025fd631d7c0 Exception <a 'java/lang/NoSuchMethodError'{0x000000008c858670}: 'void java.lang.invoke.DirectMethodHandle$Holder.invokeStatic(java.lang.Object, java.lang.Object, java.lang.Object, int, java.lang.Object)'> (0x000000008c858670) 
thrown [s\open\src\hotspot\share\interpreter\linkResolver.cpp, line 805]
Event: 125.786 Thread 0x0000025fd631d7c0 Exception <a 'java/lang/NoSuchMethodError'{0x000000008c86e7d0}: 'void java.lang.invoke.DirectMethodHandle$Holder.invokeInterface(java.lang.Object, java.lang.Object, int, java.lang.Object)'> (0x000000008c86e7d0) 
thrown [s\open\src\hotspot\share\interpreter\linkResolver.cpp, line 805]
Event: 125.809 Thread 0x0000025fd631d7c0 Exception <a 'java/lang/NoSuchMethodError'{0x000000008c8ba9c0}: 'java.lang.Object java.lang.invoke.DirectMethodHandle$Holder.newInvokeSpecial(java.lang.Object, java.lang.Object, int, java.lang.Object)'> (0x000000008c8ba9c0) 
thrown [s\open\src\hotspot\share\interpreter\linkResolver.cpp, line 805]
Event: 125.943 Thread 0x0000025fd631d7c0 Exception <a 'java/lang/NoSuchMethodError'{0x000000008c77f840}: 'void java.lang.invoke.DirectMethodHandle$Holder.invokeSpecial(java.lang.Object, java.lang.Object, java.lang.Object, java.lang.Object, java.lang.Object, java.lang.Object, java.lang.Object, java.lang.Object)'> (0x000000008c77f840) 
thrown [s\open\src\hotspot\share\interpreter\linkResolver.cpp, line 805]
Event: 126.030 Thread 0x0000025fd631d7c0 Exception <a 'java/lang/NoSuchMethodError'{0x000000008c7ce8c8}: 'void java.lang.invoke.DirectMethodHandle$Holder.invokeSpecial(java.lang.Object, java.lang.Object, int, java.lang.Object)'> (0x000000008c7ce8c8) 
thrown [s\open\src\hotspot\share\interpreter\linkResolver.cpp, line 805]
Event: 126.180 Thread 0x0000025fd631d7c0 Exception <a 'java/lang/NoSuchMethodError'{0x000000008c331500}: 'int java.lang.invoke.DirectMethodHandle$Holder.invokeStatic(java.lang.Object, int, java.lang.Object)'> (0x000000008c331500) 
thrown [s\open\src\hotspot\share\interpreter\linkResolver.cpp, line 805]
Event: 126.386 Thread 0x0000025fd631d7c0 Exception <a 'java/lang/NoSuchMethodError'{0x000000008c3aa000}: 'java.lang.Object java.lang.invoke.Invokers$Holder.linkToTargetMethod(java.lang.Object, java.lang.Object, java.lang.Object, java.lang.Object, java.lang.Object, java.lang.Object, java.lang.Object, java.lang.Object, java.lang.Object, java.lang.Object, java.lang.Object, java.lang.Object)'> (0x000000008c3aa000) 
thrown [s\open\src\hotspot\share\interpreter\linkResolver.cpp, line 805]
Event: 126.702 Thread 0x0000025fd631d7c0 Exception <a 'java/lang/IncompatibleClassChangeError'{0x0000000091755550}: Found class java.lang.Object, but interface was expected> (0x0000000091755550) 
thrown [s\open\src\hotspot\share\interpreter\linkResolver.cpp, line 872]
Event: 163.015 Thread 0x0000025fc594f960 Implicit null exception at 0x0000025fe8b2d650 to 0x0000025fe8b37978
Event: 171.133 Thread 0x0000025fd631d7c0 Exception <a 'java/lang/NoSuchMethodError'{0x000000008ce6dbd8}: 'void java.lang.invoke.Invokers$Holder.invokeExact_MT(java.lang.Object, java.lang.Object, java.lang.Object, java.lang.Object)'> (0x000000008ce6dbd8) 
thrown [s\open\src\hotspot\share\interpreter\linkResolver.cpp, line 805]
Event: 174.260 Thread 0x0000025fd631d7c0 Implicit null exception at 0x0000025fe8b64f83 to 0x0000025fe8b65268
Event: 175.492 Thread 0x0000025fd631d7c0 Implicit null exception at 0x0000025fe89ec67f to 0x0000025fe89edcac
Event: 176.259 Thread 0x0000025fd631d7c0 Exception <a 'java/lang/IncompatibleClassChangeError'{0x000000008ccebae8}: Found class java.lang.Object, but interface was expected> (0x000000008ccebae8) 
thrown [s\open\src\hotspot\share\interpreter\linkResolver.cpp, line 872]
Event: 178.061 Thread 0x0000025fd631d7c0 Exception <a 'java/lang/IncompatibleClassChangeError'{0x000000008cac4e70}: Found class java.lang.Object, but interface was expected> (0x000000008cac4e70) 
thrown [s\open\src\hotspot\share\interpreter\linkResolver.cpp, line 872]
Event: 189.755 Thread 0x0000025fd631d7c0 Exception <a 'java/lang/IncompatibleClassChangeError'{0x0000000090f33268}: Found class java.lang.Object, but interface was expected> (0x0000000090f33268) 
thrown [s\open\src\hotspot\share\interpreter\linkResolver.cpp, line 872]
Event: 191.021 Thread 0x0000025fd631d7c0 Exception <a 'java/lang/NoSuchMethodError'{0x000000008cf570e8}: 'int java.lang.invoke.DirectMethodHandle$Holder.invokeStaticInit(java.lang.Object, int, java.lang.Object, java.lang.Object, java.lang.Object, java.lang.Object)'> (0x000000008cf570e8) 
thrown [s\open\src\hotspot\share\interpreter\linkResolver.cpp, line 805]
Event: 193.513 Thread 0x0000025fd631d7c0 Exception <a 'java/lang/NoSuchMethodError'{0x0000000091632aa0}: 'java.lang.Object java.lang.invoke.DirectMethodHandle$Holder.newInvokeSpecial(java.lang.Object, java.lang.Object, java.lang.Object, java.lang.Object, java.lang.Object, java.lang.Object, java.lang.Object, java.lang.Object, java.lang.Object, java.lang.Object, java.lang.Object)'> (0x0000000091632aa0) 
thrown [s\open\src\hotspot\share\interpreter\linkResolver.cpp, line 805]

VM Operations (20 events):
Event: 123.634 Executing VM operation: HandshakeAllThreads (Deoptimize)
Event: 123.634 Executing VM operation: HandshakeAllThreads (Deoptimize) done
Event: 124.654 Executing VM operation: HandshakeAllThreads (Deoptimize)
Event: 124.655 Executing VM operation: HandshakeAllThreads (Deoptimize) done
Event: 126.396 Executing VM operation: G1CollectForAllocation (G1 Evacuation Pause)
Event: 126.408 Executing VM operation: G1CollectForAllocation (G1 Evacuation Pause) done
Event: 126.478 Executing VM operation: G1PauseRemark
Event: 126.544 Executing VM operation: G1PauseRemark done
Event: 126.552 Executing VM operation: G1PauseCleanup
Event: 126.552 Executing VM operation: G1PauseCleanup done
Event: 180.437 Executing VM operation: HandshakeAllThreads (HandshakeForDeflation)
Event: 180.438 Executing VM operation: HandshakeAllThreads (HandshakeForDeflation) done
Event: 180.440 Executing VM operation: RendezvousGCThreads
Event: 180.440 Executing VM operation: RendezvousGCThreads done
Event: 184.390 Executing VM operation: G1CollectForAllocation (G1 Evacuation Pause)
Event: 185.216 Executing VM operation: G1CollectForAllocation (G1 Evacuation Pause) done
Event: 186.016 Executing VM operation: HandshakeAllThreads (Deoptimize)
Event: 186.028 Executing VM operation: HandshakeAllThreads (Deoptimize) done
Event: 192.061 Executing VM operation: G1CollectForAllocation (G1 Evacuation Pause)
Event: 192.121 Executing VM operation: G1CollectForAllocation (G1 Evacuation Pause) done

Memory protections (0 events):
No events

Nmethod flushes (20 events):
Event: 126.538 Thread 0x0000025ff5053c70 flushing  nmethod 0x0000025fe1471608
Event: 126.538 Thread 0x0000025ff5053c70 flushing  nmethod 0x0000025fe1476288
Event: 126.538 Thread 0x0000025ff5053c70 flushing  nmethod 0x0000025fe14aff08
Event: 126.540 Thread 0x0000025ff5053c70 flushing  nmethod 0x0000025fe14cae08
Event: 126.540 Thread 0x0000025ff5053c70 flushing  nmethod 0x0000025fe14d3b08
Event: 126.540 Thread 0x0000025ff5053c70 flushing  nmethod 0x0000025fe14d4208
Event: 126.540 Thread 0x0000025ff5053c70 flushing  nmethod 0x0000025fe14db608
Event: 126.540 Thread 0x0000025ff5053c70 flushing  nmethod 0x0000025fe14f3608
Event: 126.540 Thread 0x0000025ff5053c70 flushing  nmethod 0x0000025fe1501008
Event: 126.540 Thread 0x0000025ff5053c70 flushing  nmethod 0x0000025fe150a288
Event: 126.540 Thread 0x0000025ff5053c70 flushing  nmethod 0x0000025fe1539e88
Event: 126.540 Thread 0x0000025ff5053c70 flushing  nmethod 0x0000025fe153a688
Event: 126.540 Thread 0x0000025ff5053c70 flushing  nmethod 0x0000025fe1543288
Event: 126.540 Thread 0x0000025ff5053c70 flushing  nmethod 0x0000025fe1570d08
Event: 126.540 Thread 0x0000025ff5053c70 flushing  nmethod 0x0000025fe1574988
Event: 126.540 Thread 0x0000025ff5053c70 flushing  nmethod 0x0000025fe1576d88
Event: 126.540 Thread 0x0000025ff5053c70 flushing  nmethod 0x0000025fe15cd408
Event: 126.540 Thread 0x0000025ff5053c70 flushing  nmethod 0x0000025fe169ff08
Event: 126.540 Thread 0x0000025ff5053c70 flushing  nmethod 0x0000025fe16a1408
Event: 126.540 Thread 0x0000025ff5053c70 flushing  nmethod 0x0000025fe16a1b08

Events (20 events):
Event: 1.105 Thread 0x0000025fd631d7c0 Thread added: 0x0000025fc502bbc0
Event: 1.107 Thread 0x0000025fd631d7c0 Thread added: 0x0000025fc502c300
Event: 17.283 Thread 0x0000025fd631d7c0 Thread added: 0x0000025fc5406320
Event: 17.376 Thread 0x0000025fd631d7c0 Thread added: 0x0000025fc54070a0
Event: 19.838 Thread 0x0000025ff50c83a0 Thread added: 0x0000025fc6069990
Event: 20.241 Thread 0x0000025fc6069990 Thread exited: 0x0000025fc6069990
Event: 31.731 Thread 0x0000025fd631d7c0 Thread added: 0x0000025fc63193c0
Event: 36.377 Thread 0x0000025fc63193c0 Thread exited: 0x0000025fc63193c0
Event: 39.054 Thread 0x0000025fd631d7c0 Thread added: 0x0000025fc6317680
Event: 39.604 Thread 0x0000025fc6317680 Thread exited: 0x0000025fc6317680
Event: 52.100 Thread 0x0000025ff50c83a0 Thread added: 0x0000025fc6037a50
Event: 52.647 Thread 0x0000025fc6037a50 Thread exited: 0x0000025fc6037a50
Event: 55.418 Thread 0x0000025ff50c83a0 Thread added: 0x0000025fc6039100
Event: 56.441 Thread 0x0000025fc6039100 Thread exited: 0x0000025fc6039100
Event: 66.318 Thread 0x0000025fd631d7c0 Thread added: 0x0000025fc6318520
Event: 68.252 Thread 0x0000025fd631d7c0 Thread added: 0x0000025fc6318c70
Event: 68.400 Thread 0x0000025fc6318c70 Thread added: 0x0000025fc594f960
Event: 132.828 Thread 0x0000025fd631d7c0 Thread added: 0x0000025fc59516a0
Event: 140.652 Thread 0x0000025fc59516a0 Thread exited: 0x0000025fc59516a0
Event: 185.259 Thread 0x0000025fc594f960 Thread exited: 0x0000025fc594f960


Dynamic libraries:
0x00007ff6ec9f0000 - 0x00007ff6eca00000 	C:\Program Files\Java\jdk-24\bin\java.exe
0x00007ffd08350000 - 0x00007ffd08548000 	C:\Windows\SYSTEM32\ntdll.dll
0x00007ffd07660000 - 0x00007ffd07722000 	C:\Windows\System32\KERNEL32.DLL
0x00007ffd05ec0000 - 0x00007ffd061b6000 	C:\Windows\System32\KERNELBASE.dll
0x00007ffd05dc0000 - 0x00007ffd05ec0000 	C:\Windows\System32\ucrtbase.dll
0x00007ffceed60000 - 0x00007ffceed76000 	C:\Program Files\Java\jdk-24\bin\jli.dll
0x00007ffd08030000 - 0x00007ffd081d1000 	C:\Windows\System32\USER32.dll
0x00007ffd05a10000 - 0x00007ffd05a32000 	C:\Windows\System32\win32u.dll
0x00007ffd07440000 - 0x00007ffd0746b000 	C:\Windows\System32\GDI32.dll
0x00007ffd06250000 - 0x00007ffd06369000 	C:\Windows\System32\gdi32full.dll
0x00007ffd05c20000 - 0x00007ffd05cbd000 	C:\Windows\System32\msvcp_win.dll
0x00007ffcfd260000 - 0x00007ffcfd27b000 	C:\Program Files\Java\jdk-24\bin\VCRUNTIME140.dll
0x00007ffced300000 - 0x00007ffced59b000 	C:\Windows\WinSxS\amd64_microsoft.windows.common-controls_6595b64144ccf1df_6.0.19041.6456_none_60b8a6cb71f64256\COMCTL32.dll
0x00007ffd074a0000 - 0x00007ffd0753e000 	C:\Windows\System32\msvcrt.dll
0x00007ffd07470000 - 0x00007ffd0749f000 	C:\Windows\System32\IMM32.DLL
0x00007ffcf0000000 - 0x00007ffcf000c000 	C:\Program Files\Java\jdk-24\bin\vcruntime140_1.dll
0x00007ffcd1190000 - 0x00007ffcd121e000 	C:\Program Files\Java\jdk-24\bin\msvcp140.dll
0x00007ffcafb70000 - 0x00007ffcb0911000 	C:\Program Files\Java\jdk-24\bin\server\jvm.dll
0x00007ffd06a50000 - 0x00007ffd06b01000 	C:\Windows\System32\ADVAPI32.dll
0x00007ffd081e0000 - 0x00007ffd0827f000 	C:\Windows\System32\sechost.dll
0x00007ffd077f0000 - 0x00007ffd07910000 	C:\Windows\System32\RPCRT4.dll
0x00007ffd059e0000 - 0x00007ffd05a07000 	C:\Windows\System32\bcrypt.dll
0x00007ffd07e80000 - 0x00007ffd07eeb000 	C:\Windows\System32\WS2_32.dll
0x00007ffd053f0000 - 0x00007ffd0543b000 	C:\Windows\SYSTEM32\POWRPROF.dll
0x00007ffcfc0c0000 - 0x00007ffcfc0e7000 	C:\Windows\SYSTEM32\WINMM.dll
0x00007ffcfc0b0000 - 0x00007ffcfc0ba000 	C:\Windows\SYSTEM32\VERSION.dll
0x00007ffd053d0000 - 0x00007ffd053e2000 	C:\Windows\SYSTEM32\UMPDC.dll
0x00007ffd037f0000 - 0x00007ffd03802000 	C:\Windows\SYSTEM32\kernel.appcore.dll
0x00007ffcefb80000 - 0x00007ffcefb8a000 	C:\Program Files\Java\jdk-24\bin\jimage.dll
0x00007ffcfb970000 - 0x00007ffcfbb71000 	C:\Windows\SYSTEM32\DBGHELP.DLL
0x00007ffcef250000 - 0x00007ffcef284000 	C:\Windows\SYSTEM32\dbgcore.DLL
0x00007ffd061c0000 - 0x00007ffd06242000 	C:\Windows\System32\bcryptPrimitives.dll
0x00007ffcee750000 - 0x00007ffcee76e000 	C:\Program Files\Java\jdk-24\bin\java.dll
0x00007ffd07f00000 - 0x00007ffd0802b000 	C:\Windows\System32\ole32.dll
0x00007ffd07a50000 - 0x00007ffd07da4000 	C:\Windows\System32\combase.dll
0x00007ffd06b10000 - 0x00007ffd07280000 	C:\Windows\System32\SHELL32.dll
0x00007ffd03a10000 - 0x00007ffd041b5000 	C:\Windows\SYSTEM32\windows.storage.dll
0x00007ffd05250000 - 0x00007ffd0527b000 	C:\Windows\SYSTEM32\Wldp.dll
0x00007ffd06850000 - 0x00007ffd0691d000 	C:\Windows\System32\OLEAUT32.dll
0x00007ffd069a0000 - 0x00007ffd06a4d000 	C:\Windows\System32\SHCORE.dll
0x00007ffd07790000 - 0x00007ffd077eb000 	C:\Windows\System32\shlwapi.dll
0x00007ffd05910000 - 0x00007ffd05934000 	C:\Windows\SYSTEM32\profapi.dll
0x00007ffccf430000 - 0x00007ffccf507000 	C:\Program Files\Java\jdk-24\bin\jsvml.dll
0x00007ffceed50000 - 0x00007ffceed60000 	C:\Program Files\Java\jdk-24\bin\net.dll
0x00007ffd05030000 - 0x00007ffd0509a000 	C:\Windows\system32\mswsock.dll
0x00007ffcee730000 - 0x00007ffcee746000 	C:\Program Files\Java\jdk-24\bin\nio.dll
0x00007ffcee710000 - 0x00007ffcee727000 	C:\Program Files\Java\jdk-24\bin\zip.dll
0x00007ffcfd2c0000 - 0x00007ffcfd2ca000 	C:\Program Files\Java\jdk-24\bin\management.dll
0x00007ffcfd2b0000 - 0x00007ffcfd2bb000 	C:\Program Files\Java\jdk-24\bin\management_ext.dll
0x00007ffd07430000 - 0x00007ffd07438000 	C:\Windows\System32\PSAPI.DLL
0x00007ffcefa00000 - 0x00007ffcefa0e000 	C:\Program Files\Java\jdk-24\bin\sunmscapi.dll
0x00007ffd05ac0000 - 0x00007ffd05c1d000 	C:\Windows\System32\CRYPT32.dll
0x00007ffd05480000 - 0x00007ffd054a7000 	C:\Windows\SYSTEM32\ncrypt.dll
0x00007ffd05440000 - 0x00007ffd0547b000 	C:\Windows\SYSTEM32\NTASN1.dll
0x00007ffd05290000 - 0x00007ffd052a8000 	C:\Windows\SYSTEM32\CRYPTSP.dll
0x00007ffd04970000 - 0x00007ffd049a8000 	C:\Windows\system32\rsaenh.dll
0x00007ffd05890000 - 0x00007ffd058be000 	C:\Windows\SYSTEM32\USERENV.dll
0x00007ffd051c0000 - 0x00007ffd051cc000 	C:\Windows\SYSTEM32\CRYPTBASE.dll
0x00007ffd04d30000 - 0x00007ffd04d6b000 	C:\Windows\SYSTEM32\IPHLPAPI.DLL
0x00007ffd07ef0000 - 0x00007ffd07ef8000 	C:\Windows\System32\NSI.dll
0x00007ffd04d70000 - 0x00007ffd04e3a000 	C:\Windows\SYSTEM32\DNSAPI.dll
0x00007ffcf9de0000 - 0x00007ffcf9dea000 	C:\Windows\System32\rasadhlp.dll
0x00007ffcfbdc0000 - 0x00007ffcfbe40000 	C:\Windows\System32\fwpuclnt.dll
0x00007ffcff260000 - 0x00007ffcff269000 	C:\Program Files\Java\jdk-24\bin\extnet.dll

JVMTI agents: none

dbghelp: loaded successfully - version: 4.0.5 - missing functions: none
symbol engine: initialized successfully - sym options: 0x614 - pdb path: .;C:\Program Files\Java\jdk-24\bin;C:\Windows\SYSTEM32;C:\Windows\WinSxS\amd64_microsoft.windows.common-controls_6595b64144ccf1df_6.0.19041.6456_none_60b8a6cb71f64256;C:\Program Files\Java\jdk-24\bin\server

VM Arguments:
java_command: C:\Users\Isidora\AppData\Local\Temp\surefire17211944384903973250\surefirebooter-20260104132904681_3.jar C:\Users\Isidora\AppData\Local\Temp\surefire17211944384903973250 2026-01-04T13-29-03_370-jvmRun1 surefire-20260104132904681_1tmp surefire_0-20260104132904681_2tmp
java_class_path (initial): C:\Users\Isidora\AppData\Local\Temp\surefire17211944384903973250\surefirebooter-20260104132904681_3.jar
Launcher Type: SUN_STANDARD

[Global flags]
     intx CICompilerCount                          = 4                                         {product} {ergonomic}
     uint ConcGCThreads                            = 2                                         {product} {ergonomic}
     uint G1ConcRefinementThreads                  = 8                                         {product} {ergonomic}
   size_t G1HeapRegionSize                         = 1048576                                   {product} {ergonomic}
   size_t InitialHeapSize                          = 123731968                                 {product} {ergonomic}
   size_t MarkStackSize                            = 4194304                                   {product} {ergonomic}
   size_t MarkStackSizeMax                         = 536870912                                 {product} {ergonomic}
   size_t MaxHeapSize                              = 1977614336                                {product} {ergonomic}
   size_t MaxNewSize                               = 1185939456                                {product} {ergonomic}
   size_t MinHeapDeltaBytes                        = 1048576                                   {product} {ergonomic}
   size_t MinHeapSize                              = 8388608                                   {product} {ergonomic}
    uintx NonNMethodCodeHeapSize                   = 5832704                                {pd product} {ergonomic}
    uintx NonProfiledCodeHeapSize                  = 122945536                              {pd product} {ergonomic}
    uintx ProfiledCodeHeapSize                     = 122880000                              {pd product} {ergonomic}
    uintx ReservedCodeCacheSize                    = 251658240                              {pd product} {ergonomic}
     bool SegmentedCodeCache                       = true                                      {product} {ergonomic}
   size_t SoftMaxHeapSize                          = 1977614336                             {manageable} {ergonomic}
     bool UseCompressedOops                        = true                           {product lp64_product} {ergonomic}
     bool UseG1GC                                  = true                                      {product} {ergonomic}
     bool UseLargePagesIndividualAllocation        = false                                  {pd product} {ergonomic}

Logging:
Log output configuration:
 #0: stdout all=warning uptime,level,tags foldmultilines=false
 #1: stderr all=off uptime,level,tags foldmultilines=false

Environment Variables:
PATH=C:\Program Files\Common Files\Oracle\Java\javapath;C:\Windows\system32;C:\Windows;C:\Windows\System32\Wbem;C:\Windows\System32\WindowsPowerShell\v1.0\;C:\Windows\System32\OpenSSH\;C:\Program Files\Microsoft SQL Server\150\Tools\Binn\;C:\Program Files\Microsoft SQL Server\Client SDK\ODBC\170\Tools\Binn\;C:\Program Files\dotnet\;C:\Program Files\nodejs\;C:\ProgramData\chocolatey\bin;C:\Program Files (x86)\Windows Kits\10\Windows Performance Toolkit\;C:\Users\Isidora\Downloads\curl-8.14.1_1-win64-mingw\bin;C:\maven-mvnd-1.0.2-windows-amd64\bin;C:\Program Files\Git\cmd;C:\Program Files\Docker\Docker\resources\bin;C:\Users\Isidora\AppData\Local\Programs\Python\Python311\Scripts\;C:\Users\Isidora\AppData\Local\Programs\Python\Python311\;C:\Users\Isidora\AppData\Local\Microsoft\WindowsApps;C:\Users\Isidora\AppData\Local\Programs\Microsoft VS Code\bin;C:\Users\Isidora\.dotnet\tools;C:\Users\Isidora\AppData\Local\Microsoft\WinGet\Packages\Schniz.fnm_Microsoft.Winget.Source_8wekyb3d8bbwe;C:\Users\Isidora\AppData\Roaming\npm;C:\Program Files\JetBrains\IntelliJ IDEA 2024.2.4\bin;
USERNAME=Isidora
OS=Windows_NT
PROCESSOR_IDENTIFIER=AMD64 Family 23 Model 96 Stepping 1, AuthenticAMD
TMP=C:\Users\Isidora\AppData\Local\Temp
TEMP=C:\Users\Isidora\AppData\Local\Temp




Periodic native trim disabled

---------------  S Y S T E M  ---------------

OS:
 Windows 10 , 64 bit Build 19041 (10.0.19041.5915)
OS uptime: 10 days 15:21 hours
Hyper-V role detected

CPU: total 8 (initial active 8) (8 cores per cpu, 1 threads per core) family 23 model 96 stepping 1 microcode 0x0, cx8, cmov, fxsr, mmx, 3dnowpref, sse, sse2, sse3, ssse3, sse4a, sse4.1, sse4.2, popcnt, lzcnt, tsc, tscinvbit, avx, avx2, aes, clmul, bmi1, bmi2, adx, sha, fma, vzeroupper, clflush, clflushopt, hv, rdtscp, rdpid, f16c
Processor Information for the first 8 processors :
  Max Mhz: 2000, Current Mhz: 2000, Mhz Limit: 2000

Memory: 4k page, system-wide physical 7541M (101M free)
TotalPageFile size 31093M (AvailPageFile size 35M)
current process WorkingSet (physical memory assigned to process): 130M, peak: 200M
current process commit charge ("private bytes"): 256M, peak: 303M

vm_info: Java HotSpot(TM) 64-Bit Server VM (24.0.2+12-54) for windows-amd64 JRE (24.0.2+12-54), built on 2025-07-08T12:10:27Z with MS VC++ 17.6 (VS2022)

END.
