#
# There is insufficient memory for the Java Runtime Environment to continue.
# Native memory allocation (malloc) failed to allocate 19003728 bytes. Error detail: Chunk::new
# Possible reasons:
#   The system is out of physical RAM or swap space
#   This process is running with CompressedOops enabled, and the Java Heap may be blocking the growth of the native heap
# Possible solutions:
#   Reduce memory load on the system
#   Increase physical memory or swap space
#   Check if swap backing store is full
#   Decrease Java heap size (-Xmx/-Xms)
#   Decrease number of Java threads
#   Decrease Java thread stack sizes (-Xss)
#   Set larger code cache with -XX:ReservedCodeCacheSize=
#   JVM is running with Unscaled Compressed Oops mode in which the Java heap is
#     placed in the first 4GB address space. The Java Heap base address is the
#     maximum limit for the native heap growth. Please use -XX:HeapBaseMinAddress
#     to set the Java Heap base and to place the Java Heap above 4GB virtual address.
# This output file may be truncated or incomplete.
#
#  Out of Memory Error (arena.cpp:162), pid=25316, tid=11556
#
# JRE version: Java(TM) SE Runtime Environment (24.0.2+12) (build 24.0.2+12-54)
# Java VM: Java HotSpot(TM) 64-Bit Server VM (24.0.2+12-54, mixed mode, sharing, tiered, compressed oops, compressed class ptrs, g1 gc, windows-amd64)
# No core dump will be written. Minidumps are not enabled by default on client versions of Windows
#

---------------  S U M M A R Y ------------

Command Line: C:\Users\Isidora\AppData\Local\Temp\surefire3029162186720669253\surefirebooter-20260105153549660_3.jar C:\Users\Isidora\AppData\Local\Temp\surefire3029162186720669253 2026-01-05T15-35-40_425-jvmRun1 surefire-20260105153549660_1tmp surefire_0-20260105153549660_2tmp

Host: AMD Ryzen 7 4700U with Radeon Graphics         , 8 cores, 7G,  Windows 10 , 64 bit Build 19041 (10.0.19041.5915)
Time: Mon Jan  5 15:36:20 2026 Central Europe Standard Time elapsed time: 27.503058 seconds (0d 0h 0m 27s)

---------------  T H R E A D  ---------------

Current thread (0x0000020a20eca340):  JavaThread "C2 CompilerThread0" daemon [_thread_in_native, id=11556, stack(0x000000a65cc00000,0x000000a65cd00000) (1024K)]


Current CompileTask:
C2:27503 4823   !   4       jdk.internal.loader.BuiltinClassLoader::findClassOnClassPathOrNull (38 bytes)

Stack: [0x000000a65cc00000,0x000000a65cd00000]
Native frames: (J=compiled Java code, j=interpreted, Vv=VM code, C=native code)
V  [jvm.dll+0x730829]  (no source info available)
V  [jvm.dll+0x8d9da3]  (no source info available)
V  [jvm.dll+0x8dc28d]  (no source info available)
V  [jvm.dll+0x8dc903]  (no source info available)
V  [jvm.dll+0x2a9f56]  (no source info available)
V  [jvm.dll+0xced7f]  (no source info available)
V  [jvm.dll+0xcefdf]  (no source info available)
V  [jvm.dll+0x154c83]  (no source info available)
V  [jvm.dll+0x73604f]  (no source info available)
V  [jvm.dll+0x26f8dc]  (no source info available)
V  [jvm.dll+0x26e8ff]  (no source info available)
V  [jvm.dll+0x1e9c90]  (no source info available)
V  [jvm.dll+0x27e0cb]  (no source info available)
V  [jvm.dll+0x27c36a]  (no source info available)
V  [jvm.dll+0x42f396]  (no source info available)
V  [jvm.dll+0x87d9eb]  (no source info available)
V  [jvm.dll+0x72ef45]  (no source info available)
C  [ucrtbase.dll+0x21bb2]  (no source info available)
C  [KERNEL32.DLL+0x17374]  (no source info available)
C  [ntdll.dll+0x4cc91]  (no source info available)

Lock stack of current Java thread (top to bottom):


---------------  P R O C E S S  ---------------

Threads class SMR info:
_java_thread_list=0x0000020a67001f40, length=13, elements={
0x0000020a020ed900, 0x0000020a20ec0e00, 0x0000020a20ec1800, 0x0000020a20ec3340,
0x0000020a20ec3e70, 0x0000020a20ec49a0, 0x0000020a20ec54d0, 0x0000020a20eca340,
0x0000020a20ecf4f0, 0x0000020a20edb780, 0x0000020a20edded0, 0x0000020a6659a3c0,
0x0000020a6654bab0
}
_to_delete_list=0x0000020a6791b180, length=14, elements={
0x0000020a020ed900, 0x0000020a20ec0e00, 0x0000020a20ec1800, 0x0000020a20ec3340,
0x0000020a20ec3e70, 0x0000020a20ec49a0, 0x0000020a20ec54d0, 0x0000020a20eca340,
0x0000020a20ecf4f0, 0x0000020a20edb780, 0x0000020a20edded0, 0x0000020a6659a3c0,
0x0000020a6654bab0, 0x0000020a672c9fd0
}

Java Threads: ( => current thread )
  0x0000020a020ed900 JavaThread "main"                              [_thread_in_vm, id=8304, stack(0x000000a65bd00000,0x000000a65be00000) (1024K)]
  0x0000020a20ec0e00 JavaThread "Reference Handler"          daemon [_thread_blocked, id=24856, stack(0x000000a65c600000,0x000000a65c700000) (1024K)]
  0x0000020a20ec1800 JavaThread "Finalizer"                  daemon [_thread_blocked, id=6184, stack(0x000000a65c700000,0x000000a65c800000) (1024K)]
  0x0000020a20ec3340 JavaThread "Signal Dispatcher"          daemon [_thread_blocked, id=5692, stack(0x000000a65c800000,0x000000a65c900000) (1024K)]
  0x0000020a20ec3e70 JavaThread "Attach Listener"            daemon [_thread_blocked, id=7780, stack(0x000000a65c900000,0x000000a65ca00000) (1024K)]
  0x0000020a20ec49a0 JavaThread "Service Thread"             daemon [_thread_blocked, id=18108, stack(0x000000a65ca00000,0x000000a65cb00000) (1024K)]
  0x0000020a20ec54d0 JavaThread "Monitor Deflation Thread"   daemon [_thread_blocked, id=18688, stack(0x000000a65cb00000,0x000000a65cc00000) (1024K)]
=>0x0000020a20eca340 JavaThread "C2 CompilerThread0"         daemon [_thread_in_native, id=11556, stack(0x000000a65cc00000,0x000000a65cd00000) (1024K)]
  0x0000020a20ecf4f0 JavaThread "C1 CompilerThread0"         daemon [_thread_blocked, id=17176, stack(0x000000a65cd00000,0x000000a65ce00000) (1024K)]
  0x0000020a20edb780 JavaThread "Notification Thread"        daemon [_thread_blocked, id=5420, stack(0x000000a65ce00000,0x000000a65cf00000) (1024K)]
  0x0000020a20edded0 JavaThread "Common-Cleaner"             daemon [_thread_blocked, id=14732, stack(0x000000a65cf00000,0x000000a65d000000) (1024K)]
  0x0000020a6659a3c0 JavaThread "surefire-forkedjvm-stream-flusher" daemon [_thread_blocked, id=14596, stack(0x000000a65d000000,0x000000a65d100000) (1024K)]
  0x0000020a6654bab0 JavaThread "surefire-forkedjvm-command-thread" daemon [_thread_in_native, id=12972, stack(0x000000a65d100000,0x000000a65d200000) (1024K)]
Total: 13

Other Threads:
  0x0000020a20eb3c70 VMThread "VM Thread"                           [id=24724, stack(0x000000a65c500000,0x000000a65c600000) (1024K)]
  0x0000020a20ea29a0 WatcherThread "VM Periodic Task Thread"        [id=4268, stack(0x000000a65c400000,0x000000a65c500000) (1024K)]
  0x0000020a04449f90 WorkerThread "GC Thread#0"                     [id=9696, stack(0x000000a65bf00000,0x000000a65c000000) (1024K)]
  0x0000020a66bd1e50 WorkerThread "GC Thread#1"                     [id=6208, stack(0x000000a65d200000,0x000000a65d300000) (1024K)]
  0x0000020a66d450a0 WorkerThread "GC Thread#2"                     [id=24700, stack(0x000000a65d300000,0x000000a65d400000) (1024K)]
  0x0000020a67727b20 WorkerThread "GC Thread#3"                     [id=24976, stack(0x000000a65d400000,0x000000a65d500000) (1024K)]
  0x0000020a676af6c0 WorkerThread "GC Thread#4"                     [id=968, stack(0x000000a65d500000,0x000000a65d600000) (1024K)]
  0x0000020a676aa410 WorkerThread "GC Thread#5"                     [id=4832, stack(0x000000a65d600000,0x000000a65d700000) (1024K)]
  0x0000020a681985f0 WorkerThread "GC Thread#6"                     [id=24584, stack(0x000000a65d800000,0x000000a65d900000) (1024K)]
  0x0000020a68199100 WorkerThread "GC Thread#7"                     [id=25436, stack(0x000000a65d900000,0x000000a65da00000) (1024K)]
  0x0000020a0445d690 ConcurrentGCThread "G1 Main Marker"            [id=16188, stack(0x000000a65c000000,0x000000a65c100000) (1024K)]
  0x0000020a0445f730 WorkerThread "G1 Conc#0"                       [id=18684, stack(0x000000a65c100000,0x000000a65c200000) (1024K)]
  0x0000020a68197ae0 WorkerThread "G1 Conc#1"                       [id=8776, stack(0x000000a65da00000,0x000000a65db00000) (1024K)]
  0x0000020a044be5a0 ConcurrentGCThread "G1 Refine#0"               [id=21252, stack(0x000000a65c200000,0x000000a65c300000) (1024K)]
  0x0000020a20d683e0 ConcurrentGCThread "G1 Service"                [id=25036, stack(0x000000a65c300000,0x000000a65c400000) (1024K)]
Total: 15

Threads with active compile tasks:
C2 CompilerThread0  27566 4823   !   4       jdk.internal.loader.BuiltinClassLoader::findClassOnClassPathOrNull (38 bytes)
Total: 1

VM state: not at safepoint (normal execution)

VM Mutex/Monitor currently owned by a thread: None

Heap address: 0x000000008a200000, size: 1886 MB, Compressed Oops mode: 32-bit

CDS archive(s) mapped at: [0x0000020a21000000-0x0000020a21d40000-0x0000020a21d40000), size 13893632, SharedBaseAddress: 0x0000020a21000000, ArchiveRelocationMode: 1.
Compressed class space mapped at: 0x0000020a22000000-0x0000020a62000000, reserved size: 1073741824
UseCompressedClassPointers 1, UseCompactObjectHeaders 0
Narrow klass pointer bits 32, Max shift 3
Narrow klass base: 0x0000020a21000000, Narrow klass shift: 0
Encoding Range: [0x0000020a21000000 - 0x0000020b21000000), (4294967296 bytes)
Klass Range:    [0x0000020a21000000 - 0x0000020a62000000), (1090519040 bytes)
Klass ID Range:  [8 - 1090519033) (1090519025)

GC Precious Log:
 CardTable entry size: 512
 Card Set container configuration: InlinePtr #cards 5 size 8 Array Of Cards #cards 10 size 36 Howl #buckets 4 coarsen threshold 1843 Howl Bitmap #cards 512 size 80 coarsen threshold 460 Card regions per heap region 1 cards per card region 2048
 CPUs: 8 total, 8 available
 Memory: 7541M
 Large Page Support: Disabled
 NUMA Support: Disabled
 Compressed Oops: Enabled (32-bit)
 Heap Region Size: 1M
 Heap Min Capacity: 8M
 Heap Initial Capacity: 118M
 Heap Max Capacity: 1886M
 Pre-touch: Disabled
 Parallel Workers: 8
 Concurrent Workers: 2
 Concurrent Refinement Workers: 8
 Periodic GC: Disabled

Heap:
 garbage-first heap   total reserved 1931264K, committed 58368K, used 26945K [0x000000008a200000, 0x0000000100000000)
  region size 1024K, 3 young (3072K), 1 survivors (1024K)
 Metaspace       used 37732K, committed 38144K, reserved 1114112K
  class space    used 4072K, committed 4224K, reserved 1048576K

Heap Regions: E=young(eden), S=young(survivor), O=old, HS=humongous(starts), HC=humongous(continues), CS=collection set, F=free, TAMS=top-at-mark-start, PB=parsable bottom
|   0|0x000000008a200000, 0x000000008a300000, 0x000000008a300000|100%|HS|  |TAMS 0x000000008a200000| PB 0x000000008a200000| Complete |  0
|   1|0x000000008a300000, 0x000000008a400000, 0x000000008a400000|100%|HS|  |TAMS 0x000000008a300000| PB 0x000000008a300000| Complete |  0
|   2|0x000000008a400000, 0x000000008a500000, 0x000000008a500000|100%| O|  |TAMS 0x000000008a400000| PB 0x000000008a400000| Untracked |  0
|   3|0x000000008a500000, 0x000000008a600000, 0x000000008a600000|100%| O|  |TAMS 0x000000008a500000| PB 0x000000008a500000| Untracked |  0
|   4|0x000000008a600000, 0x000000008a700000, 0x000000008a700000|100%| O|  |TAMS 0x000000008a600000| PB 0x000000008a600000| Untracked |  0
|   5|0x000000008a700000, 0x000000008a800000, 0x000000008a800000|100%| O|  |TAMS 0x000000008a700000| PB 0x000000008a700000| Untracked |  0
|   6|0x000000008a800000, 0x000000008a900000, 0x000000008a900000|100%| O|  |TAMS 0x000000008a800000| PB 0x000000008a800000| Untracked |  0
|   7|0x000000008a900000, 0x000000008aa00000, 0x000000008aa00000|100%| O|  |TAMS 0x000000008a900000| PB 0x000000008a900000| Untracked |  0
|   8|0x000000008aa00000, 0x000000008ab00000, 0x000000008ab00000|100%| O|  |TAMS 0x000000008aa00000| PB 0x000000008aa00000| Untracked |  0
|   9|0x000000008ab00000, 0x000000008ac00000, 0x000000008ac00000|100%| O|  |TAMS 0x000000008ab00000| PB 0x000000008ab00000| Untracked |  0
|  10|0x000000008ac00000, 0x000000008ace3680, 0x000000008ad00000| 88%| O|  |TAMS 0x000000008ac00000| PB 0x000000008ac00000| Untracked |  0
|  11|0x000000008ad00000, 0x000000008ae00000, 0x000000008ae00000|100%| O|  |TAMS 0x000000008ad00000| PB 0x000000008ad00000| Untracked |  0
|  12|0x000000008ae00000, 0x000000008af00000, 0x000000008af00000|100%| O|  |TAMS 0x000000008ae00000| PB 0x000000008ae00000| Untracked |  0
|  13|0x000000008af00000, 0x000000008b000000, 0x000000008b000000|100%| O|  |TAMS 0x000000008af00000| PB 0x000000008af00000| Untracked |  0
|  14|0x000000008b000000, 0x000000008b100000, 0x000000008b100000|100%| O|  |TAMS 0x000000008b000000| PB 0x000000008b000000| Untracked |  0
|  15|0x000000008b100000, 0x000000008b200000, 0x000000008b200000|100%| O|  |TAMS 0x000000008b100000| PB 0x000000008b100000| Untracked |  0
|  16|0x000000008b200000, 0x000000008b300000, 0x000000008b300000|100%| O|  |TAMS 0x000000008b200000| PB 0x000000008b200000| Untracked |  0
|  17|0x000000008b300000, 0x000000008b400000, 0x000000008b400000|100%| O|  |TAMS 0x000000008b300000| PB 0x000000008b300000| Untracked |  0
|  18|0x000000008b400000, 0x000000008b500000, 0x000000008b500000|100%| O|  |TAMS 0x000000008b400000| PB 0x000000008b400000| Untracked |  0
|  19|0x000000008b500000, 0x000000008b600000, 0x000000008b600000|100%| O|  |TAMS 0x000000008b500000| PB 0x000000008b500000| Untracked |  0
|  20|0x000000008b600000, 0x000000008b68b510, 0x000000008b700000| 54%| O|  |TAMS 0x000000008b600000| PB 0x000000008b600000| Untracked |  0
|  21|0x000000008b700000, 0x000000008b800000, 0x000000008b800000|100%| O|  |TAMS 0x000000008b700000| PB 0x000000008b700000| Untracked |  0
|  22|0x000000008b800000, 0x000000008b900000, 0x000000008b900000|100%| O|  |TAMS 0x000000008b800000| PB 0x000000008b800000| Untracked |  0
|  23|0x000000008b900000, 0x000000008ba00000, 0x000000008ba00000|100%| O|Cm|TAMS 0x000000008b900000| PB 0x000000008b900000| Complete |  0
|  24|0x000000008ba00000, 0x000000008ba00000, 0x000000008bb00000|  0%| F|  |TAMS 0x000000008ba00000| PB 0x000000008ba00000| Untracked |  0
|  25|0x000000008bb00000, 0x000000008bb00000, 0x000000008bc00000|  0%| F|  |TAMS 0x000000008bb00000| PB 0x000000008bb00000| Untracked |  0
|  26|0x000000008bc00000, 0x000000008bc00000, 0x000000008bd00000|  0%| F|  |TAMS 0x000000008bc00000| PB 0x000000008bc00000| Untracked |  0
|  27|0x000000008bd00000, 0x000000008bd00000, 0x000000008be00000|  0%| F|  |TAMS 0x000000008bd00000| PB 0x000000008bd00000| Untracked |  0
|  28|0x000000008be00000, 0x000000008be00000, 0x000000008bf00000|  0%| F|  |TAMS 0x000000008be00000| PB 0x000000008be00000| Untracked |  0
|  29|0x000000008bf00000, 0x000000008bf00000, 0x000000008c000000|  0%| F|  |TAMS 0x000000008bf00000| PB 0x000000008bf00000| Untracked |  0
|  30|0x000000008c000000, 0x000000008c000000, 0x000000008c100000|  0%| F|  |TAMS 0x000000008c000000| PB 0x000000008c000000| Untracked |  0
|  31|0x000000008c100000, 0x000000008c100000, 0x000000008c200000|  0%| F|  |TAMS 0x000000008c100000| PB 0x000000008c100000| Untracked |  0
|  32|0x000000008c200000, 0x000000008c200000, 0x000000008c300000|  0%| F|  |TAMS 0x000000008c200000| PB 0x000000008c200000| Untracked |  0
|  33|0x000000008c300000, 0x000000008c300000, 0x000000008c400000|  0%| F|  |TAMS 0x000000008c300000| PB 0x000000008c300000| Untracked |  0
|  34|0x000000008c400000, 0x000000008c400000, 0x000000008c500000|  0%| F|  |TAMS 0x000000008c400000| PB 0x000000008c400000| Untracked |  0
|  35|0x000000008c500000, 0x000000008c500000, 0x000000008c600000|  0%| F|  |TAMS 0x000000008c500000| PB 0x000000008c500000| Untracked |  0
|  36|0x000000008c600000, 0x000000008c600000, 0x000000008c700000|  0%| F|  |TAMS 0x000000008c600000| PB 0x000000008c600000| Untracked |  0
|  37|0x000000008c700000, 0x000000008c700000, 0x000000008c800000|  0%| F|  |TAMS 0x000000008c700000| PB 0x000000008c700000| Untracked |  0
|  38|0x000000008c800000, 0x000000008c800000, 0x000000008c900000|  0%| F|  |TAMS 0x000000008c800000| PB 0x000000008c800000| Untracked |  0
|  39|0x000000008c900000, 0x000000008c900000, 0x000000008ca00000|  0%| F|  |TAMS 0x000000008c900000| PB 0x000000008c900000| Untracked |  0
|  40|0x000000008ca00000, 0x000000008ca00000, 0x000000008cb00000|  0%| F|  |TAMS 0x000000008ca00000| PB 0x000000008ca00000| Untracked |  0
|  41|0x000000008cb00000, 0x000000008cb00000, 0x000000008cc00000|  0%| F|  |TAMS 0x000000008cb00000| PB 0x000000008cb00000| Untracked |  0
|  42|0x000000008cc00000, 0x000000008cc00000, 0x000000008cd00000|  0%| F|  |TAMS 0x000000008cc00000| PB 0x000000008cc00000| Untracked |  0
|  43|0x000000008cd00000, 0x000000008cde1c60, 0x000000008ce00000| 88%| S|CS|TAMS 0x000000008cd00000| PB 0x000000008cd00000| Complete |  0
|  44|0x000000008ce00000, 0x000000008ce00000, 0x000000008cf00000|  0%| F|  |TAMS 0x000000008ce00000| PB 0x000000008ce00000| Untracked |  0
|  45|0x000000008cf00000, 0x000000008cf00000, 0x000000008d000000|  0%| F|  |TAMS 0x000000008cf00000| PB 0x000000008cf00000| Untracked |  0
|  46|0x000000008d000000, 0x000000008d000000, 0x000000008d100000|  0%| F|  |TAMS 0x000000008d000000| PB 0x000000008d000000| Untracked |  0
| 109|0x0000000090f00000, 0x0000000090f00000, 0x0000000091000000|  0%| F|  |TAMS 0x0000000090f00000| PB 0x0000000090f00000| Untracked |  0
| 110|0x0000000091000000, 0x0000000091000000, 0x0000000091100000|  0%| F|  |TAMS 0x0000000091000000| PB 0x0000000091000000| Untracked |  0
| 111|0x0000000091100000, 0x0000000091100000, 0x0000000091200000|  0%| F|  |TAMS 0x0000000091100000| PB 0x0000000091100000| Untracked |  0
| 112|0x0000000091200000, 0x0000000091200000, 0x0000000091300000|  0%| F|  |TAMS 0x0000000091200000| PB 0x0000000091200000| Untracked |  0
| 114|0x0000000091400000, 0x0000000091400000, 0x0000000091500000|  0%| F|  |TAMS 0x0000000091400000| PB 0x0000000091400000| Untracked |  0
| 115|0x0000000091500000, 0x0000000091500000, 0x0000000091600000|  0%| F|  |TAMS 0x0000000091500000| PB 0x0000000091500000| Untracked |  0
| 116|0x0000000091600000, 0x0000000091600000, 0x0000000091700000|  0%| F|  |TAMS 0x0000000091600000| PB 0x0000000091600000| Untracked |  0
| 117|0x0000000091700000, 0x00000000917d1398, 0x0000000091800000| 81%| E|  |TAMS 0x0000000091700000| PB 0x0000000091700000| Complete |  0
|1884|0x00000000ffe00000, 0x00000000fff00000, 0x00000000fff00000|100%| O|  |TAMS 0x00000000ffe00000| PB 0x00000000ffe00000| Untracked |  0
|1885|0x00000000fff00000, 0x0000000100000000, 0x0000000100000000|100%| E|CS|TAMS 0x00000000fff00000| PB 0x00000000fff00000| Complete |  0

Card table byte_map: [0x0000020a1c380000,0x0000020a1c730000] _byte_map_base: 0x0000020a1bf2f000

Marking Bits: (CMBitMap*) 0x0000020a0444a6a0
 Bits: [0x0000020a1c730000, 0x0000020a1e4a8000)

Polling page: 0x0000020a023f0000

Metaspace:

Usage:
  Non-class:     32.87 MB used.
      Class:      3.98 MB used.
       Both:     36.85 MB used.

Virtual space:
  Non-class space:       64.00 MB reserved,      33.12 MB ( 52%) committed,  1 nodes.
      Class space:        1.00 GB reserved,       4.12 MB ( <1%) committed,  1 nodes.
             Both:        1.06 GB reserved,      37.25 MB (  3%) committed. 

Chunk freelists:
   Non-Class:  14.48 MB
       Class:  11.78 MB
        Both:  26.26 MB

MaxMetaspaceSize: unlimited
CompressedClassSpaceSize: 1.00 GB
Initial GC threshold: 21.00 MB
Current GC threshold: 61.50 MB
CDS: on
 - commit_granule_bytes: 65536.
 - commit_granule_words: 8192.
 - virtual_space_node_default_size: 8388608.
 - enlarge_chunks_in_place: 1.
UseCompressedClassPointers 1, UseCompactObjectHeaders 0
Narrow klass pointer bits 32, Max shift 3
Narrow klass base: 0x0000020a21000000, Narrow klass shift: 0
Encoding Range: [0x0000020a21000000 - 0x0000020b21000000), (4294967296 bytes)
Klass Range:    [0x0000020a21000000 - 0x0000020a62000000), (1090519040 bytes)
Klass ID Range:  [8 - 1090519033) (1090519025)


Internal statistics:

num_allocs_failed_limit: 15.
num_arena_births: 470.
num_arena_deaths: 0.
num_vsnodes_births: 2.
num_vsnodes_deaths: 0.
num_space_committed: 596.
num_space_uncommitted: 0.
num_chunks_returned_to_freelist: 15.
num_chunks_taken_from_freelist: 1754.
num_chunk_merges: 12.
num_chunk_splits: 1224.
num_chunks_enlarged: 967.
num_inconsistent_stats: 0.

CodeHeap 'non-profiled nmethods': size=120064Kb used=1968Kb max_used=2176Kb free=118095Kb
 bounds [0x0000020a14760000, 0x0000020a149d0000, 0x0000020a1bca0000]
CodeHeap 'profiled nmethods': size=120000Kb used=7920Kb max_used=8999Kb free=112080Kb
 bounds [0x0000020a0cca0000, 0x0000020a0d570000, 0x0000020a141d0000]
CodeHeap 'non-nmethods': size=5696Kb used=1400Kb max_used=1563Kb free=4295Kb
 bounds [0x0000020a141d0000, 0x0000020a14440000, 0x0000020a14760000]
CodeCache: size=245760Kb, used=11288Kb, max_used=12738Kb, free=234470Kb
 total_blobs=4939, nmethods=4374, adapters=468, full_count=0
Compilation: enabled, stopped_count=0, restarted_count=0

Compilation events (20 events):
Event: 26.884 Thread 0x0000020a20eca340 nmethod 4821 0x0000020a1497ff88 code [0x0000020a149800a0, 0x0000020a14980338]
Event: 26.885 Thread 0x0000020a20ecf4f0 4822       3       java.lang.reflect.AccessibleObject::isAccessChecked (25 bytes)
Event: 26.885 Thread 0x0000020a20ecf4f0 nmethod 4822 0x0000020a0d569708 code [0x0000020a0d569840, 0x0000020a0d569d40]
Event: 26.952 Thread 0x0000020a20eca340 4823   !   4       jdk.internal.loader.BuiltinClassLoader::findClassOnClassPathOrNull (38 bytes)
Event: 27.398 Thread 0x0000020a20ecf4f0 4828       3       java.lang.invoke.VarHandleByteArrayAsInts$ArrayHandle::get (36 bytes)
Event: 27.398 Thread 0x0000020a20ecf4f0 nmethod 4828 0x0000020a0ccab088 code [0x0000020a0ccab1c0, 0x0000020a0ccab630]
Event: 27.398 Thread 0x0000020a20ecf4f0 4829       3       java.lang.invoke.VarHandleByteArrayAsInts$ArrayHandle::index (12 bytes)
Event: 27.398 Thread 0x0000020a20ecf4f0 nmethod 4829 0x0000020a0ccc4708 code [0x0000020a0ccc4820, 0x0000020a0ccc4960]
Event: 27.398 Thread 0x0000020a20ecf4f0 4830       3       java.lang.Integer::rotateLeft (9 bytes)
Event: 27.398 Thread 0x0000020a20ecf4f0 nmethod 4830 0x0000020a0cceb008 code [0x0000020a0cceb120, 0x0000020a0cceb218]
Event: 27.400 Thread 0x0000020a20ecf4f0 4833       3       sun.security.provider.SHA::implCompress0 (478 bytes)
Event: 27.401 Thread 0x0000020a20ecf4f0 nmethod 4833 0x0000020a0cca9988 code [0x0000020a0cca9b80, 0x0000020a0ccaa888]
Event: 27.401 Thread 0x0000020a20ecf4f0 4834       3       sun.security.provider.ByteArrayAccess::b2iBig64 (231 bytes)
Event: 27.405 Thread 0x0000020a20ecf4f0 nmethod 4834 0x0000020a0d105888 code [0x0000020a0d105f60, 0x0000020a0d10b888]
Event: 27.405 Thread 0x0000020a20ecf4f0 4835       3       sun.security.provider.SHA::implCompress (13 bytes)
Event: 27.405 Thread 0x0000020a20ecf4f0 nmethod 4835 0x0000020a0cdb7708 code [0x0000020a0cdb7880, 0x0000020a0cdb7ca8]
Event: 27.406 Thread 0x0000020a20ecf4f0 4836       3       sun.security.provider.SHA::implCompressCheck (18 bytes)
Event: 27.406 Thread 0x0000020a20ecf4f0 nmethod 4836 0x0000020a0ccbcb88 code [0x0000020a0ccbcce0, 0x0000020a0ccbd060]
Event: 27.406 Thread 0x0000020a20ecf4f0 4837       3       java.lang.String::encodeUTF8 (141 bytes)
Event: 27.406 Thread 0x0000020a20ecf4f0 nmethod 4837 0x0000020a0cca6a08 code [0x0000020a0cca6ba0, 0x0000020a0cca7260]

GC Heap History (14 events):
Event: 8.658 GC heap before
{Heap before GC invocations=0 (full 0):
 garbage-first heap   total reserved 1931264K, committed 122880K, used 51316K [0x000000008a200000, 0x0000000100000000)
  region size 1024K, 47 young (48128K), 0 survivors (0K)
 Metaspace       used 8952K, committed 9216K, reserved 1114112K
  class space    used 960K, committed 1088K, reserved 1048576K
}
Event: 8.762 GC heap after
{Heap after GC invocations=1 (full 0):
 garbage-first heap   total reserved 1931264K, committed 122880K, used 11636K [0x000000008a200000, 0x0000000100000000)
  region size 1024K, 6 young (6144K), 6 survivors (6144K)
 Metaspace       used 8952K, committed 9216K, reserved 1114112K
  class space    used 960K, committed 1088K, reserved 1048576K
}
Event: 14.360 GC heap before
{Heap before GC invocations=1 (full 0):
 garbage-first heap   total reserved 1931264K, committed 122880K, used 59764K [0x000000008a200000, 0x0000000100000000)
  region size 1024K, 53 young (54272K), 6 survivors (6144K)
 Metaspace       used 20315K, committed 20608K, reserved 1114112K
  class space    used 2357K, committed 2496K, reserved 1048576K
}
Event: 14.372 GC heap after
{Heap after GC invocations=2 (full 0):
 garbage-first heap   total reserved 1931264K, committed 122880K, used 16083K [0x000000008a200000, 0x0000000100000000)
  region size 1024K, 4 young (4096K), 4 survivors (4096K)
 Metaspace       used 20315K, committed 20608K, reserved 1114112K
  class space    used 2357K, committed 2496K, reserved 1048576K
}
Event: 14.949 GC heap before
{Heap before GC invocations=2 (full 0):
 garbage-first heap   total reserved 1931264K, committed 122880K, used 20179K [0x000000008a200000, 0x0000000100000000)
  region size 1024K, 9 young (9216K), 4 survivors (4096K)
 Metaspace       used 21215K, committed 21504K, reserved 1114112K
  class space    used 2448K, committed 2560K, reserved 1048576K
}
Event: 14.954 GC heap after
{Heap after GC invocations=3 (full 0):
 garbage-first heap   total reserved 1931264K, committed 122880K, used 16386K [0x000000008a200000, 0x0000000100000000)
  region size 1024K, 4 young (4096K), 4 survivors (4096K)
 Metaspace       used 21215K, committed 21504K, reserved 1114112K
  class space    used 2448K, committed 2560K, reserved 1048576K
}
Event: 17.648 GC heap before
{Heap before GC invocations=4 (full 0):
 garbage-first heap   total reserved 1931264K, committed 58368K, used 46082K [0x000000008a200000, 0x0000000100000000)
  region size 1024K, 34 young (34816K), 4 survivors (4096K)
 Metaspace       used 28838K, committed 29248K, reserved 1114112K
  class space    used 3098K, committed 3264K, reserved 1048576K
}
Event: 17.657 GC heap after
{Heap after GC invocations=5 (full 0):
 garbage-first heap   total reserved 1931264K, committed 58368K, used 20315K [0x000000008a200000, 0x0000000100000000)
  region size 1024K, 5 young (5120K), 5 survivors (5120K)
 Metaspace       used 28838K, committed 29248K, reserved 1114112K
  class space    used 3098K, committed 3264K, reserved 1048576K
}
Event: 20.356 GC heap before
{Heap before GC invocations=5 (full 0):
 garbage-first heap   total reserved 1931264K, committed 58368K, used 42843K [0x000000008a200000, 0x0000000100000000)
  region size 1024K, 27 young (27648K), 5 survivors (5120K)
 Metaspace       used 31400K, committed 31744K, reserved 1114112K
  class space    used 3339K, committed 3520K, reserved 1048576K
}
Event: 20.368 GC heap after
{Heap after GC invocations=6 (full 0):
 garbage-first heap   total reserved 1931264K, committed 58368K, used 22945K [0x000000008a200000, 0x0000000100000000)
  region size 1024K, 3 young (3072K), 3 survivors (3072K)
 Metaspace       used 31400K, committed 31744K, reserved 1114112K
  class space    used 3339K, committed 3520K, reserved 1048576K
}
Event: 23.935 GC heap before
{Heap before GC invocations=6 (full 0):
 garbage-first heap   total reserved 1931264K, committed 58368K, used 46497K [0x000000008a200000, 0x0000000100000000)
  region size 1024K, 26 young (26624K), 3 survivors (3072K)
 Metaspace       used 35100K, committed 35520K, reserved 1114112K
  class space    used 3788K, committed 3968K, reserved 1048576K
}
Event: 23.946 GC heap after
{Heap after GC invocations=7 (full 0):
 garbage-first heap   total reserved 1931264K, committed 58368K, used 25124K [0x000000008a200000, 0x0000000100000000)
  region size 1024K, 3 young (3072K), 3 survivors (3072K)
 Metaspace       used 35100K, committed 35520K, reserved 1114112K
  class space    used 3788K, committed 3968K, reserved 1048576K
}
Event: 26.962 GC heap before
{Heap before GC invocations=7 (full 0):
 garbage-first heap   total reserved 1931264K, committed 58368K, used 36388K [0x000000008a200000, 0x0000000100000000)
  region size 1024K, 15 young (15360K), 3 survivors (3072K)
 Metaspace       used 37347K, committed 37696K, reserved 1114112K
  class space    used 4033K, committed 4160K, reserved 1048576K
}
Event: 26.970 GC heap after
{Heap after GC invocations=8 (full 0):
 garbage-first heap   total reserved 1931264K, committed 58368K, used 25921K [0x000000008a200000, 0x0000000100000000)
  region size 1024K, 1 young (1024K), 1 survivors (1024K)
 Metaspace       used 37347K, committed 37696K, reserved 1114112K
  class space    used 4033K, committed 4160K, reserved 1048576K
}

Dll operation events (9 events):
Event: 0.075 Loaded shared library C:\Program Files\Java\jdk-24\bin\java.dll
Event: 0.933 Loaded shared library C:\Program Files\Java\jdk-24\bin\net.dll
Event: 1.001 Loaded shared library C:\Program Files\Java\jdk-24\bin\jsvml.dll
Event: 1.004 Loaded shared library C:\Program Files\Java\jdk-24\bin\nio.dll
Event: 1.022 Loaded shared library C:\Program Files\Java\jdk-24\bin\zip.dll
Event: 1.214 Loaded shared library C:\Program Files\Java\jdk-24\bin\management.dll
Event: 1.339 Loaded shared library C:\Program Files\Java\jdk-24\bin\management_ext.dll
Event: 1.543 Loaded shared library C:\Program Files\Java\jdk-24\bin\jimage.dll
Event: 16.979 Loaded shared library C:\Program Files\Java\jdk-24\bin\sunmscapi.dll

Deoptimization events (20 events):
Event: 25.539 Thread 0x0000020a020ed900 Uncommon trap: trap_request=0xffffff4d fr.pc=0x0000020a148c25a4 relative=0x0000000000000e84
Event: 25.539 Thread 0x0000020a020ed900 Uncommon trap: reason=unstable_if action=reinterpret pc=0x0000020a148c25a4 method=java.net.URL.<init>(Ljava/net/URL;Ljava/lang/String;Ljava/net/URLStreamHandler;)V @ 37 c2
Event: 25.539 Thread 0x0000020a020ed900 DEOPT PACKING pc=0x0000020a148c25a4 sp=0x000000a65bdfb1e0
Event: 25.539 Thread 0x0000020a020ed900 DEOPT UNPACKING pc=0x0000020a142ece82 sp=0x000000a65bdfb170 mode 2
Event: 25.539 Thread 0x0000020a020ed900 Uncommon trap: trap_request=0xffffff4d fr.pc=0x0000020a148c6778 relative=0x0000000000000b18
Event: 25.539 Thread 0x0000020a020ed900 Uncommon trap: reason=unstable_if action=reinterpret pc=0x0000020a148c6778 method=java.io.WinNTFileSystem.resolve(Ljava/lang/String;Ljava/lang/String;)Ljava/lang/String; @ 42 c2
Event: 25.539 Thread 0x0000020a020ed900 DEOPT PACKING pc=0x0000020a148c6778 sp=0x000000a65bdfb110
Event: 25.539 Thread 0x0000020a020ed900 DEOPT UNPACKING pc=0x0000020a142ece82 sp=0x000000a65bdfb088 mode 2
Event: 26.163 Thread 0x0000020a020ed900 Uncommon trap: trap_request=0xffffff4d fr.pc=0x0000020a14906b58 relative=0x0000000000000058
Event: 26.163 Thread 0x0000020a020ed900 Uncommon trap: reason=unstable_if action=reinterpret pc=0x0000020a14906b58 method=java.lang.ClassLoader.createOrGetClassLoaderValueMap()Ljava/util/concurrent/ConcurrentHashMap; @ 6 c2
Event: 26.163 Thread 0x0000020a020ed900 DEOPT PACKING pc=0x0000020a14906b58 sp=0x000000a65bdfad80
Event: 26.163 Thread 0x0000020a020ed900 DEOPT UNPACKING pc=0x0000020a142ece82 sp=0x000000a65bdfad08 mode 2
Event: 27.026 Thread 0x0000020a020ed900 Uncommon trap: trap_request=0xffffff4d fr.pc=0x0000020a14910424 relative=0x00000000000001c4
Event: 27.026 Thread 0x0000020a020ed900 Uncommon trap: reason=unstable_if action=reinterpret pc=0x0000020a14910424 method=org.springframework.beans.factory.support.AbstractAutowireCapableBeanFactory.determineTargetType(Ljava/lang/String;Lorg/springframework/beans/factory/support/RootBeanDefinit
Event: 27.026 Thread 0x0000020a020ed900 DEOPT PACKING pc=0x0000020a14910424 sp=0x000000a65bdfab20
Event: 27.026 Thread 0x0000020a020ed900 DEOPT UNPACKING pc=0x0000020a142ece82 sp=0x000000a65bdfaae8 mode 2
Event: 27.246 Thread 0x0000020a020ed900 Uncommon trap: trap_request=0xffffff4d fr.pc=0x0000020a1486f704 relative=0x00000000000000e4
Event: 27.247 Thread 0x0000020a020ed900 Uncommon trap: reason=unstable_if action=reinterpret pc=0x0000020a1486f704 method=java.lang.ClassLoader.getClassLoadingLock(Ljava/lang/String;)Ljava/lang/Object; @ 6 c2
Event: 27.247 Thread 0x0000020a020ed900 DEOPT PACKING pc=0x0000020a1486f704 sp=0x000000a65bdfa5e0
Event: 27.247 Thread 0x0000020a020ed900 DEOPT UNPACKING pc=0x0000020a142ece82 sp=0x000000a65bdfa570 mode 2

Classes loaded (20 events):
Event: 27.389 Loading class sun/security/provider/NativeSeedGenerator
Event: 27.389 Loading class sun/security/provider/NativeSeedGenerator done
Event: 27.394 Loading class java/security/MessageDigest
Event: 27.394 Loading class java/security/MessageDigestSpi
Event: 27.394 Loading class java/security/MessageDigestSpi done
Event: 27.394 Loading class java/security/MessageDigest done
Event: 27.394 Loading class sun/security/provider/SHA
Event: 27.394 Loading class sun/security/provider/DigestBase
Event: 27.394 Loading class sun/security/provider/DigestBase done
Event: 27.394 Loading class sun/security/provider/SHA done
Event: 27.395 Loading class java/security/MessageDigest$Delegate
Event: 27.395 Loading class sun/security/util/MessageDigestSpi2
Event: 27.395 Loading class sun/security/util/MessageDigestSpi2 done
Event: 27.395 Loading class java/security/MessageDigest$Delegate done
Event: 27.395 Loading class java/security/MessageDigest$Delegate$CloneableDelegate
Event: 27.395 Loading class java/security/MessageDigest$Delegate$CloneableDelegate done
Event: 27.395 Loading class sun/security/provider/ByteArrayAccess
Event: 27.395 Loading class sun/security/provider/ByteArrayAccess done
Event: 27.395 Loading class sun/security/provider/ByteArrayAccess$BE
Event: 27.396 Loading class sun/security/provider/ByteArrayAccess$BE done

Classes unloaded (0 events):
No events

Classes redefined (0 events):
No events

Internal exceptions (20 events):
Event: 21.910 Thread 0x0000020a020ed900 Implicit null exception at 0x0000020a148b96c8 to 0x0000020a148b9796
Event: 22.060 Thread 0x0000020a020ed900 Exception <a 'java/lang/NoSuchMethodError'{0x000000008cf55770}: 'int java.lang.invoke.DirectMethodHandle$Holder.invokeSpecial(java.lang.Object, java.lang.Object, int)'> (0x000000008cf55770) 
thrown [s\open\src\hotspot\share\interpreter\linkResolver.cpp, line 805]
Event: 22.346 Thread 0x0000020a020ed900 Exception <a 'java/lang/NoSuchMethodError'{0x000000008cd1c3c0}: 'void java.lang.invoke.Invokers$Holder.invokeExact_MT(java.lang.Object, java.lang.Object, java.lang.Object)'> (0x000000008cd1c3c0) 
thrown [s\open\src\hotspot\share\interpreter\linkResolver.cpp, line 805]
Event: 22.751 Thread 0x0000020a020ed900 Exception <a 'java/lang/NoSuchMethodError'{0x000000008c969408}: 'java.lang.Object java.lang.invoke.Invokers$Holder.invokeExact_MT(java.lang.Object, java.lang.Object, java.lang.Object, java.lang.Object, java.lang.Object, java.lang.Object)'> (0x000000008c969408) 
thrown [s\open\src\hotspot\share\interpreter\linkResolver.cpp, line 805]
Event: 22.877 Thread 0x0000020a020ed900 Exception <a 'java/lang/IncompatibleClassChangeError'{0x000000008c8e3df8}: Found class java.lang.Object, but interface was expected> (0x000000008c8e3df8) 
thrown [s\open\src\hotspot\share\interpreter\linkResolver.cpp, line 872]
Event: 22.888 Thread 0x0000020a020ed900 Exception <a 'java/lang/NoSuchMethodError'{0x000000008c714840}: 'void java.lang.invoke.DirectMethodHandle$Holder.invokeVirtual(java.lang.Object, java.lang.Object, int)'> (0x000000008c714840) 
thrown [s\open\src\hotspot\share\interpreter\linkResolver.cpp, line 805]
Event: 22.890 Thread 0x0000020a020ed900 Exception <a 'java/lang/NoSuchMethodError'{0x000000008c72c710}: 'java.lang.Object java.lang.invoke.DirectMethodHandle$Holder.invokeStatic(java.lang.Object, java.lang.Object, java.lang.Object, java.lang.Object, int)'> (0x000000008c72c710) 
thrown [s\open\src\hotspot\share\interpreter\linkResolver.cpp, line 805]
Event: 22.891 Thread 0x0000020a020ed900 Exception <a 'java/lang/NoSuchMethodError'{0x000000008c7454f0}: 'void java.lang.invoke.DelegatingMethodHandle$Holder.reinvoke_L(java.lang.Object, java.lang.Object, int)'> (0x000000008c7454f0) 
thrown [s\open\src\hotspot\share\interpreter\linkResolver.cpp, line 805]
Event: 23.037 Thread 0x0000020a020ed900 Implicit null exception at 0x0000020a14919b73 to 0x0000020a1491af08
Event: 23.114 Thread 0x0000020a020ed900 Exception <a 'java/lang/NoSuchMethodError'{0x000000008c57acf8}: 'java.lang.Object java.lang.invoke.DirectMethodHandle$Holder.invokeVirtual(java.lang.Object, java.lang.Object, java.lang.Object, java.lang.Object)'> (0x000000008c57acf8) 
thrown [s\open\src\hotspot\share\interpreter\linkResolver.cpp, line 805]
Event: 23.258 Thread 0x0000020a020ed900 Exception <a 'java/lang/NoSuchMethodError'{0x000000008c4556d0}: 'java.lang.Object java.lang.invoke.DirectMethodHandle$Holder.invokeSpecialIFC(java.lang.Object, java.lang.Object, java.lang.Object)'> (0x000000008c4556d0) 
thrown [s\open\src\hotspot\share\interpreter\linkResolver.cpp, line 805]
Event: 23.758 Thread 0x0000020a020ed900 Exception <a 'java/lang/NoSuchMethodError'{0x000000008c35a890}: 'java.lang.Object java.lang.invoke.DirectMethodHandle$Holder.invokeVirtual(java.lang.Object, java.lang.Object, java.lang.Object, java.lang.Object, java.lang.Object)'> (0x000000008c35a890) 
thrown [s\open\src\hotspot\share\interpreter\linkResolver.cpp, line 805]
Event: 23.954 Thread 0x0000020a020ed900 Exception <a 'java/lang/NoSuchMethodError'{0x00000000fff1e018}: 'void java.lang.invoke.DirectMethodHandle$Holder.invokeVirtual(java.lang.Object, java.lang.Object, long)'> (0x00000000fff1e018) 
thrown [s\open\src\hotspot\share\interpreter\linkResolver.cpp, line 805]
Event: 24.561 Thread 0x0000020a020ed900 Implicit null exception at 0x0000020a14857a08 to 0x0000020a14857bb8
Event: 24.574 Thread 0x0000020a020ed900 Exception <a 'java/lang/NoSuchMethodError'{0x00000000916e28e0}: 'java.lang.Object java.lang.invoke.DirectMethodHandle$Holder.newInvokeSpecial(java.lang.Object, java.lang.Object, java.lang.Object, java.lang.Object, java.lang.Object, java.lang.Object, java.lang.Object, java.lang.Object, java.lang.Object, java.lang.Object, java.lang.Object, java.lang.Object)'> (0x00000000916e28e0) 
thrown [s\open\src\hotspot\share\interpreter\linkResolver.cpp, line 805]
Event: 24.578 Thread 0x0000020a020ed900 Exception <a 'java/lang/NoSuchMethodError'{0x0000000091526e80}: 'java.lang.Object java.lang.invoke.DirectMethodHandle$Holder.invokeStatic(java.lang.Object, java.lang.Object, java.lang.Object, java.lang.Object, java.lang.Object, java.lang.Object, java.lang.Object, java.lang.Object, java.lang.Object)'> (0x0000000091526e80) 
thrown [s\open\src\hotspot\share\interpreter\linkResolver.cpp, line 805]
Event: 24.591 Thread 0x0000020a020ed900 Exception <a 'java/lang/NoSuchMethodError'{0x000000009154d7c8}: 'void java.lang.invoke.DelegatingMethodHandle$Holder.delegate(java.lang.Object, java.lang.Object, int, java.lang.Object)'> (0x000000009154d7c8) 
thrown [s\open\src\hotspot\share\interpreter\linkResolver.cpp, line 805]
Event: 25.864 Thread 0x0000020a020ed900 Exception <a 'java/lang/NoSuchMethodError'{0x000000009116aa18}: 'void java.lang.invoke.DelegatingMethodHandle$Holder.reinvoke_L(java.lang.Object, java.lang.Object, java.lang.Object, java.lang.Object, int, java.lang.Object, java.lang.Object, java.lang.Object)'> (0x000000009116aa18) 
thrown [s\open\src\hotspot\share\interpreter\linkResolver.cpp, line 805]
Event: 25.999 Thread 0x0000020a020ed900 Exception <a 'java/lang/NoSuchMethodError'{0x00000000911bf078}: 'java.lang.Object java.lang.invoke.DirectMethodHandle$Holder.invokeStatic(java.lang.Object, java.lang.Object, java.lang.Object, java.lang.Object, java.lang.Object, java.lang.Object, java.lang.Object, java.lang.Object, java.lang.Object, java.lang.Object)'> (0x00000000911bf078) 
thrown [s\open\src\hotspot\share\interpreter\linkResolver.cpp, line 805]
Event: 27.388 Thread 0x0000020a020ed900 Exception <a 'java/lang/NoSuchMethodError'{0x000000009175a500}: 'java.lang.Object java.lang.invoke.DirectMethodHandle$Holder.invokeStaticInit(java.lang.Object, int, int, int, int)'> (0x000000009175a500) 
thrown [s\open\src\hotspot\share\interpreter\linkResolver.cpp, line 805]

VM Operations (20 events):
Event: 20.397 Executing VM operation: HandshakeAllThreads (Deoptimize)
Event: 20.397 Executing VM operation: HandshakeAllThreads (Deoptimize) done
Event: 20.398 Executing VM operation: HandshakeAllThreads (Deoptimize)
Event: 20.398 Executing VM operation: HandshakeAllThreads (Deoptimize) done
Event: 20.538 Executing VM operation: HandshakeAllThreads (Deoptimize)
Event: 20.538 Executing VM operation: HandshakeAllThreads (Deoptimize) done
Event: 20.728 Executing VM operation: HandshakeAllThreads (Deoptimize)
Event: 20.728 Executing VM operation: HandshakeAllThreads (Deoptimize) done
Event: 22.857 Executing VM operation: HandshakeAllThreads (Deoptimize)
Event: 22.858 Executing VM operation: HandshakeAllThreads (Deoptimize) done
Event: 23.935 Executing VM operation: G1CollectForAllocation (G1 Evacuation Pause)
Event: 23.946 Executing VM operation: G1CollectForAllocation (G1 Evacuation Pause) done
Event: 24.582 Executing VM operation: HandshakeAllThreads (Deoptimize)
Event: 24.582 Executing VM operation: HandshakeAllThreads (Deoptimize) done
Event: 26.962 Executing VM operation: CollectForMetadataAllocation (Metadata GC Threshold)
Event: 26.970 Executing VM operation: CollectForMetadataAllocation (Metadata GC Threshold) done
Event: 26.991 Executing VM operation: G1PauseRemark
Event: 26.999 Executing VM operation: G1PauseRemark done
Event: 27.005 Executing VM operation: G1PauseCleanup
Event: 27.005 Executing VM operation: G1PauseCleanup done

Memory protections (0 events):
No events

Nmethod flushes (20 events):
Event: 26.998 Thread 0x0000020a20eb3c70 flushing  nmethod 0x0000020a0d035408
Event: 26.998 Thread 0x0000020a20eb3c70 flushing  nmethod 0x0000020a0d041788
Event: 26.998 Thread 0x0000020a20eb3c70 flushing  nmethod 0x0000020a0d043088
Event: 26.998 Thread 0x0000020a20eb3c70 flushing  nmethod 0x0000020a0d05e108
Event: 26.998 Thread 0x0000020a20eb3c70 flushing  nmethod 0x0000020a0d090b88
Event: 26.998 Thread 0x0000020a20eb3c70 flushing  nmethod 0x0000020a0d091688
Event: 26.998 Thread 0x0000020a20eb3c70 flushing  nmethod 0x0000020a0d091d88
Event: 26.998 Thread 0x0000020a20eb3c70 flushing  nmethod 0x0000020a0d0a0588
Event: 26.998 Thread 0x0000020a20eb3c70 flushing  nmethod 0x0000020a0d0a1f08
Event: 26.998 Thread 0x0000020a20eb3c70 flushing  nmethod 0x0000020a0d0bd788
Event: 26.998 Thread 0x0000020a20eb3c70 flushing  nmethod 0x0000020a0d0bea88
Event: 26.998 Thread 0x0000020a20eb3c70 flushing  nmethod 0x0000020a0d0bf208
Event: 26.998 Thread 0x0000020a20eb3c70 flushing  nmethod 0x0000020a0d0c0688
Event: 26.998 Thread 0x0000020a20eb3c70 flushing  nmethod 0x0000020a0d0c0988
Event: 26.998 Thread 0x0000020a20eb3c70 flushing  nmethod 0x0000020a0d0c5288
Event: 26.998 Thread 0x0000020a20eb3c70 flushing  nmethod 0x0000020a0d0c7108
Event: 26.998 Thread 0x0000020a20eb3c70 flushing  nmethod 0x0000020a0d0c8308
Event: 26.998 Thread 0x0000020a20eb3c70 flushing  nmethod 0x0000020a0d0d5688
Event: 26.998 Thread 0x0000020a20eb3c70 flushing  nmethod 0x0000020a0d0dbc08
Event: 26.998 Thread 0x0000020a20eb3c70 flushing  nmethod 0x0000020a0d12fc88

Events (19 events):
Event: 0.302 Thread 0x0000020a020ed900 Thread added: 0x0000020a020ed900
Event: 0.483 Thread 0x0000020a020ed900 Thread added: 0x0000020a20ec0e00
Event: 0.483 Thread 0x0000020a020ed900 Thread added: 0x0000020a20ec1800
Event: 0.483 Thread 0x0000020a020ed900 Thread added: 0x0000020a20ec3340
Event: 0.484 Thread 0x0000020a020ed900 Thread added: 0x0000020a20ec3e70
Event: 0.484 Thread 0x0000020a020ed900 Thread added: 0x0000020a20ec49a0
Event: 0.484 Thread 0x0000020a020ed900 Thread added: 0x0000020a20ec54d0
Event: 0.484 Thread 0x0000020a020ed900 Thread added: 0x0000020a20eca340
Event: 0.502 Thread 0x0000020a020ed900 Thread added: 0x0000020a20ecf4f0
Event: 0.540 Thread 0x0000020a020ed900 Thread added: 0x0000020a20edb780
Event: 0.553 Thread 0x0000020a020ed900 Thread added: 0x0000020a20edded0
Event: 2.832 Thread 0x0000020a020ed900 Thread added: 0x0000020a6659a3c0
Event: 2.873 Thread 0x0000020a020ed900 Thread added: 0x0000020a6654bab0
Event: 4.667 Thread 0x0000020a20ecf4f0 Thread added: 0x0000020a670677c0
Event: 5.160 Thread 0x0000020a670677c0 Thread exited: 0x0000020a670677c0
Event: 12.993 Thread 0x0000020a020ed900 Thread added: 0x0000020a672c9fd0
Event: 16.010 Thread 0x0000020a020ed900 Thread added: 0x0000020a672c6ca0
Event: 16.345 Thread 0x0000020a672c6ca0 Thread exited: 0x0000020a672c6ca0
Event: 17.386 Thread 0x0000020a672c9fd0 Thread exited: 0x0000020a672c9fd0


Dynamic libraries:
0x00007ff684430000 - 0x00007ff684440000 	C:\Program Files\Java\jdk-24\bin\java.exe
0x00007ffd31e50000 - 0x00007ffd32048000 	C:\Windows\SYSTEM32\ntdll.dll
0x00007ffd31d40000 - 0x00007ffd31e02000 	C:\Windows\System32\KERNEL32.DLL
0x00007ffd2fa10000 - 0x00007ffd2fd06000 	C:\Windows\System32\KERNELBASE.dll
0x00007ffd2f600000 - 0x00007ffd2f700000 	C:\Windows\System32\ucrtbase.dll
0x00007ffd25e20000 - 0x00007ffd25e36000 	C:\Program Files\Java\jdk-24\bin\jli.dll
0x00007ffd2fe70000 - 0x00007ffd30011000 	C:\Windows\System32\USER32.dll
0x00007ffd2f890000 - 0x00007ffd2f8b2000 	C:\Windows\System32\win32u.dll
0x00007ffd30ba0000 - 0x00007ffd30bcb000 	C:\Windows\System32\GDI32.dll
0x00007ffd2f4e0000 - 0x00007ffd2f5f9000 	C:\Windows\System32\gdi32full.dll
0x00007ffd2f970000 - 0x00007ffd2fa0d000 	C:\Windows\System32\msvcp_win.dll
0x00007ffd18e40000 - 0x00007ffd18e5b000 	C:\Program Files\Java\jdk-24\bin\VCRUNTIME140.dll
0x00007ffd18b80000 - 0x00007ffd18e1b000 	C:\Windows\WinSxS\amd64_microsoft.windows.common-controls_6595b64144ccf1df_6.0.19041.6456_none_60b8a6cb71f64256\COMCTL32.dll
0x00007ffd304f0000 - 0x00007ffd3058e000 	C:\Windows\System32\msvcrt.dll
0x00007ffd30a40000 - 0x00007ffd30a6f000 	C:\Windows\System32\IMM32.DLL
0x00007ffd2c0c0000 - 0x00007ffd2c0cc000 	C:\Program Files\Java\jdk-24\bin\vcruntime140_1.dll
0x00007ffd166e0000 - 0x00007ffd1676e000 	C:\Program Files\Java\jdk-24\bin\msvcp140.dll
0x00007ffce2900000 - 0x00007ffce36a1000 	C:\Program Files\Java\jdk-24\bin\server\jvm.dll
0x00007ffd30cc0000 - 0x00007ffd30d71000 	C:\Windows\System32\ADVAPI32.dll
0x00007ffd30870000 - 0x00007ffd3090f000 	C:\Windows\System32\sechost.dll
0x00007ffd30690000 - 0x00007ffd307b0000 	C:\Windows\System32\RPCRT4.dll
0x00007ffd2f750000 - 0x00007ffd2f777000 	C:\Windows\System32\bcrypt.dll
0x00007ffd30c50000 - 0x00007ffd30cbb000 	C:\Windows\System32\WS2_32.dll
0x00007ffd2eef0000 - 0x00007ffd2ef3b000 	C:\Windows\SYSTEM32\POWRPROF.dll
0x00007ffd255c0000 - 0x00007ffd255e7000 	C:\Windows\SYSTEM32\WINMM.dll
0x00007ffd255f0000 - 0x00007ffd255fa000 	C:\Windows\SYSTEM32\VERSION.dll
0x00007ffd2eed0000 - 0x00007ffd2eee2000 	C:\Windows\SYSTEM32\UMPDC.dll
0x00007ffd2d2f0000 - 0x00007ffd2d302000 	C:\Windows\SYSTEM32\kernel.appcore.dll
0x00007ffd166d0000 - 0x00007ffd166da000 	C:\Program Files\Java\jdk-24\bin\jimage.dll
0x00007ffd22c60000 - 0x00007ffd22e61000 	C:\Windows\SYSTEM32\DBGHELP.DLL
0x00007ffd15550000 - 0x00007ffd15584000 	C:\Windows\SYSTEM32\dbgcore.DLL
0x00007ffd2f780000 - 0x00007ffd2f802000 	C:\Windows\System32\bcryptPrimitives.dll
0x00007ffd16650000 - 0x00007ffd1666e000 	C:\Program Files\Java\jdk-24\bin\java.dll
0x00007ffd30910000 - 0x00007ffd30a3b000 	C:\Windows\System32\ole32.dll
0x00007ffd31790000 - 0x00007ffd31ae4000 	C:\Windows\System32\combase.dll
0x00007ffd30d80000 - 0x00007ffd314f0000 	C:\Windows\System32\SHELL32.dll
0x00007ffd2d510000 - 0x00007ffd2dcb5000 	C:\Windows\SYSTEM32\windows.storage.dll
0x00007ffd2ed50000 - 0x00007ffd2ed7b000 	C:\Windows\SYSTEM32\Wldp.dll
0x00007ffd316a0000 - 0x00007ffd3176d000 	C:\Windows\System32\OLEAUT32.dll
0x00007ffd31b50000 - 0x00007ffd31bfd000 	C:\Windows\System32\SHCORE.dll
0x00007ffd31c00000 - 0x00007ffd31c5b000 	C:\Windows\System32\shlwapi.dll
0x00007ffd2f410000 - 0x00007ffd2f434000 	C:\Windows\SYSTEM32\profapi.dll
0x00007ffd16620000 - 0x00007ffd16630000 	C:\Program Files\Java\jdk-24\bin\net.dll
0x00007ffcf2dd0000 - 0x00007ffcf2ea7000 	C:\Program Files\Java\jdk-24\bin\jsvml.dll
0x00007ffd2eb30000 - 0x00007ffd2eb9a000 	C:\Windows\system32\mswsock.dll
0x00007ffd0db70000 - 0x00007ffd0db86000 	C:\Program Files\Java\jdk-24\bin\nio.dll
0x00007ffd16630000 - 0x00007ffd16647000 	C:\Program Files\Java\jdk-24\bin\zip.dll
0x00007ffd063a0000 - 0x00007ffd063aa000 	C:\Program Files\Java\jdk-24\bin\management.dll
0x00007ffd05890000 - 0x00007ffd0589b000 	C:\Program Files\Java\jdk-24\bin\management_ext.dll
0x00007ffd30a70000 - 0x00007ffd30a78000 	C:\Windows\System32\PSAPI.DLL
0x00007ffd063b0000 - 0x00007ffd063be000 	C:\Program Files\Java\jdk-24\bin\sunmscapi.dll
0x00007ffd2fd10000 - 0x00007ffd2fe6d000 	C:\Windows\System32\CRYPT32.dll
0x00007ffd2ef80000 - 0x00007ffd2efa7000 	C:\Windows\SYSTEM32\ncrypt.dll
0x00007ffd2ef40000 - 0x00007ffd2ef7b000 	C:\Windows\SYSTEM32\NTASN1.dll
0x00007ffd2ed90000 - 0x00007ffd2eda8000 	C:\Windows\SYSTEM32\CRYPTSP.dll
0x00007ffd2e470000 - 0x00007ffd2e4a8000 	C:\Windows\system32\rsaenh.dll
0x00007ffd2f390000 - 0x00007ffd2f3be000 	C:\Windows\SYSTEM32\USERENV.dll
0x00007ffd2ecc0000 - 0x00007ffd2eccc000 	C:\Windows\SYSTEM32\CRYPTBASE.dll

JVMTI agents: none

dbghelp: loaded successfully - version: 4.0.5 - missing functions: none
symbol engine: initialized successfully - sym options: 0x614 - pdb path: .;C:\Program Files\Java\jdk-24\bin;C:\Windows\SYSTEM32;C:\Windows\WinSxS\amd64_microsoft.windows.common-controls_6595b64144ccf1df_6.0.19041.6456_none_60b8a6cb71f64256;C:\Program Files\Java\jdk-24\bin\server

VM Arguments:
java_command: C:\Users\Isidora\AppData\Local\Temp\surefire3029162186720669253\surefirebooter-20260105153549660_3.jar C:\Users\Isidora\AppData\Local\Temp\surefire3029162186720669253 2026-01-05T15-35-40_425-jvmRun1 surefire-20260105153549660_1tmp surefire_0-20260105153549660_2tmp
java_class_path (initial): C:\Users\Isidora\AppData\Local\Temp\surefire3029162186720669253\surefirebooter-20260105153549660_3.jar
Launcher Type: SUN_STANDARD

[Global flags]
     intx CICompilerCount                          = 4                                         {product} {ergonomic}
     uint ConcGCThreads                            = 2                                         {product} {ergonomic}
     uint G1ConcRefinementThreads                  = 8                                         {product} {ergonomic}
   size_t G1HeapRegionSize                         = 1048576                                   {product} {ergonomic}
   size_t InitialHeapSize                          = 123731968                                 {product} {ergonomic}
   size_t MarkStackSize                            = 4194304                                   {product} {ergonomic}
   size_t MarkStackSizeMax                         = 536870912                                 {product} {ergonomic}
   size_t MaxHeapSize                              = 1977614336                                {product} {ergonomic}
   size_t MaxNewSize                               = 1185939456                                {product} {ergonomic}
   size_t MinHeapDeltaBytes                        = 1048576                                   {product} {ergonomic}
   size_t MinHeapSize                              = 8388608                                   {product} {ergonomic}
    uintx NonNMethodCodeHeapSize                   = 5832704                                {pd product} {ergonomic}
    uintx NonProfiledCodeHeapSize                  = 122945536                              {pd product} {ergonomic}
    uintx ProfiledCodeHeapSize                     = 122880000                              {pd product} {ergonomic}
    uintx ReservedCodeCacheSize                    = 251658240                              {pd product} {ergonomic}
     bool SegmentedCodeCache                       = true                                      {product} {ergonomic}
   size_t SoftMaxHeapSize                          = 1977614336                             {manageable} {ergonomic}
     bool UseCompressedOops                        = true                           {product lp64_product} {ergonomic}
     bool UseG1GC                                  = true                                      {product} {ergonomic}
     bool UseLargePagesIndividualAllocation        = false                                  {pd product} {ergonomic}

Logging:
Log output configuration:
 #0: stdout all=warning uptime,level,tags foldmultilines=false
 #1: stderr all=off uptime,level,tags foldmultilines=false

Environment Variables:
PATH=C:\Program Files\Common Files\Oracle\Java\javapath;C:\Windows\system32;C:\Windows;C:\Windows\System32\Wbem;C:\Windows\System32\WindowsPowerShell\v1.0\;C:\Windows\System32\OpenSSH\;C:\Program Files\Microsoft SQL Server\150\Tools\Binn\;C:\Program Files\Microsoft SQL Server\Client SDK\ODBC\170\Tools\Binn\;C:\Program Files\dotnet\;C:\Program Files\nodejs\;C:\ProgramData\chocolatey\bin;C:\Program Files (x86)\Windows Kits\10\Windows Performance Toolkit\;C:\Users\Isidora\Downloads\curl-8.14.1_1-win64-mingw\bin;C:\maven-mvnd-1.0.2-windows-amd64\bin;C:\Program Files\Git\cmd;C:\Program Files\Docker\Docker\resources\bin;C:\Users\Isidora\AppData\Local\Programs\Python\Python311\Scripts\;C:\Users\Isidora\AppData\Local\Programs\Python\Python311\;C:\Users\Isidora\AppData\Local\Microsoft\WindowsApps;C:\Users\Isidora\AppData\Local\Programs\Microsoft VS Code\bin;C:\Users\Isidora\.dotnet\tools;C:\Users\Isidora\AppData\Local\Microsoft\WinGet\Packages\Schniz.fnm_Microsoft.Winget.Source_8wekyb3d8bbwe;C:\Users\Isidora\AppData\Roaming\npm;C:\Program Files\JetBrains\IntelliJ IDEA 2024.2.4\bin;
USERNAME=Isidora
OS=Windows_NT
PROCESSOR_IDENTIFIER=AMD64 Family 23 Model 96 Stepping 1, AuthenticAMD
TMP=C:\Users\Isidora\AppData\Local\Temp
TEMP=C:\Users\Isidora\AppData\Local\Temp




Periodic native trim disabled

---------------  S Y S T E M  ---------------

OS:
 Windows 10 , 64 bit Build 19041 (10.0.19041.5915)
OS uptime: 0 days 18:17 hours
Hyper-V role detected

CPU: total 8 (initial active 8) (8 cores per cpu, 1 threads per core) family 23 model 96 stepping 1 microcode 0x0, cx8, cmov, fxsr, mmx, 3dnowpref, sse, sse2, sse3, ssse3, sse4a, sse4.1, sse4.2, popcnt, lzcnt, tsc, tscinvbit, avx, avx2, aes, clmul, bmi1, bmi2, adx, sha, fma, vzeroupper, clflush, clflushopt, hv, rdtscp, rdpid, f16c
Processor Information for the first 8 processors :
  Max Mhz: 2000, Current Mhz: 2000, Mhz Limit: 2000

Memory: 4k page, system-wide physical 7541M (89M free)
TotalPageFile size 31093M (AvailPageFile size 9M)
current process WorkingSet (physical memory assigned to process): 195M, peak: 198M
current process commit charge ("private bytes"): 233M, peak: 285M

vm_info: Java HotSpot(TM) 64-Bit Server VM (24.0.2+12-54) for windows-amd64 JRE (24.0.2+12-54), built on 2025-07-08T12:10:27Z with MS VC++ 17.6 (VS2022)

END.
