#
# There is insufficient memory for the Java Runtime Environment to continue.
# Native memory allocation (malloc) failed to allocate 2444432 bytes. Error detail: Chunk::new
# Possible reasons:
#   The system is out of physical RAM or swap space
#   This process is running with CompressedOops enabled, and the Java Heap may be blocking the growth of the native heap
# Possible solutions:
#   Reduce memory load on the system
#   Increase physical memory or swap space
#   Check if swap backing store is full
#   Decrease Java heap size (-Xmx/-Xms)
#   Decrease number of Java threads
#   Decrease Java thread stack sizes (-Xss)
#   Set larger code cache with -XX:ReservedCodeCacheSize=
#   JVM is running with Unscaled Compressed Oops mode in which the Java heap is
#     placed in the first 4GB address space. The Java Heap base address is the
#     maximum limit for the native heap growth. Please use -XX:HeapBaseMinAddress
#     to set the Java Heap base and to place the Java Heap above 4GB virtual address.
# This output file may be truncated or incomplete.
#
#  Out of Memory Error (arena.cpp:162), pid=25848, tid=24584
#
# JRE version: Java(TM) SE Runtime Environment (24.0.2+12) (build 24.0.2+12-54)
# Java VM: Java HotSpot(TM) 64-Bit Server VM (24.0.2+12-54, mixed mode, sharing, tiered, compressed oops, compressed class ptrs, g1 gc, windows-amd64)
# No core dump will be written. Minidumps are not enabled by default on client versions of Windows
#

---------------  S U M M A R Y ------------

Command Line: -Dmaven.multiModuleProjectDirectory=C:\Users\Isidora\Desktop\mas\sep\sep\backend\psp -Djansi.passthrough=true -Dmaven.home=C:\Users\Isidora\.m2\wrapper\dists\apache-maven-3.9.12-bin\5nmfsn99br87k5d4ajlekdq10k\apache-maven-3.9.12 -Dclassworlds.conf=C:\Users\Isidora\.m2\wrapper\dists\apache-maven-3.9.12-bin\5nmfsn99br87k5d4ajlekdq10k\apache-maven-3.9.12\bin\m2.conf -Dmaven.ext.class.path=C:\Program Files\JetBrains\IntelliJ IDEA 2024.2.4\plugins\maven\lib\maven-event-listener.jar -Dfile.encoding=UTF-8 -Dsun.stdout.encoding=UTF-8 -Dsun.stderr.encoding=UTF-8 org.codehaus.classworlds.Launcher -Didea.version=2024.2.4 install

Host: AMD Ryzen 7 4700U with Radeon Graphics         , 8 cores, 7G,  Windows 10 , 64 bit Build 19041 (10.0.19041.5915)
Time: Sun Jan  4 13:32:21 2026 Central Europe Standard Time elapsed time: 9.284328 seconds (0d 0h 0m 9s)

---------------  T H R E A D  ---------------

Current thread (0x000001f84d9e9e40):  JavaThread "C2 CompilerThread0" daemon [_thread_in_native, id=24584, stack(0x0000005e07a00000,0x0000005e07b00000) (1024K)]


Current CompileTask:
C2:9284 1243       4       org.codehaus.plexus.util.InterpolationFilterReader::read (477 bytes)

Stack: [0x0000005e07a00000,0x0000005e07b00000]
Native frames: (J=compiled Java code, j=interpreted, Vv=VM code, C=native code)
V  [jvm.dll+0x730829]  (no source info available)
V  [jvm.dll+0x8d9da3]  (no source info available)
V  [jvm.dll+0x8dc28d]  (no source info available)
V  [jvm.dll+0x8dc903]  (no source info available)
V  [jvm.dll+0x2a9f56]  (no source info available)
V  [jvm.dll+0xced7f]  (no source info available)
V  [jvm.dll+0xcefdf]  (no source info available)
V  [jvm.dll+0x154c83]  (no source info available)
V  [jvm.dll+0x73604f]  (no source info available)
V  [jvm.dll+0x26f8dc]  (no source info available)
V  [jvm.dll+0x26e8ff]  (no source info available)
V  [jvm.dll+0x1e9c90]  (no source info available)
V  [jvm.dll+0x27e0cb]  (no source info available)
V  [jvm.dll+0x27c36a]  (no source info available)
V  [jvm.dll+0x42f396]  (no source info available)
V  [jvm.dll+0x87d9eb]  (no source info available)
V  [jvm.dll+0x72ef45]  (no source info available)
C  [ucrtbase.dll+0x21bb2]  (no source info available)
C  [KERNEL32.DLL+0x17374]  (no source info available)
C  [ntdll.dll+0x4cc91]  (no source info available)

Lock stack of current Java thread (top to bottom):


---------------  P R O C E S S  ---------------

Threads class SMR info:
_java_thread_list=0x000001f89326f720, length=11, elements={
0x000001f82ec40380, 0x000001f84d9e0900, 0x000001f84d9e1300, 0x000001f84d9e2e40,
0x000001f84d9e3970, 0x000001f84d9e44a0, 0x000001f84d9e4fd0, 0x000001f84d9e9e40,
0x000001f84d9eedf0, 0x000001f84d9fa7e0, 0x000001f84d9fd740
}

Java Threads: ( => current thread )
  0x000001f82ec40380 JavaThread "main"                              [_thread_in_Java, id=21104, stack(0x0000005e06c00000,0x0000005e06d00000) (1024K)]
  0x000001f84d9e0900 JavaThread "Reference Handler"          daemon [_thread_blocked, id=26584, stack(0x0000005e07400000,0x0000005e07500000) (1024K)]
  0x000001f84d9e1300 JavaThread "Finalizer"                  daemon [_thread_blocked, id=26572, stack(0x0000005e07500000,0x0000005e07600000) (1024K)]
  0x000001f84d9e2e40 JavaThread "Signal Dispatcher"          daemon [_thread_blocked, id=24932, stack(0x0000005e07600000,0x0000005e07700000) (1024K)]
  0x000001f84d9e3970 JavaThread "Attach Listener"            daemon [_thread_blocked, id=26520, stack(0x0000005e07700000,0x0000005e07800000) (1024K)]
  0x000001f84d9e44a0 JavaThread "Service Thread"             daemon [_thread_blocked, id=13744, stack(0x0000005e07800000,0x0000005e07900000) (1024K)]
  0x000001f84d9e4fd0 JavaThread "Monitor Deflation Thread"   daemon [_thread_blocked, id=21824, stack(0x0000005e07900000,0x0000005e07a00000) (1024K)]
=>0x000001f84d9e9e40 JavaThread "C2 CompilerThread0"         daemon [_thread_in_native, id=24584, stack(0x0000005e07a00000,0x0000005e07b00000) (1024K)]
  0x000001f84d9eedf0 JavaThread "C1 CompilerThread0"         daemon [_thread_blocked, id=23936, stack(0x0000005e07b00000,0x0000005e07c00000) (1024K)]
  0x000001f84d9fa7e0 JavaThread "Notification Thread"        daemon [_thread_blocked, id=13924, stack(0x0000005e07c00000,0x0000005e07d00000) (1024K)]
  0x000001f84d9fd740 JavaThread "Common-Cleaner"             daemon [_thread_blocked, id=24628, stack(0x0000005e07d00000,0x0000005e07e00000) (1024K)]
Total: 11

Other Threads:
  0x000001f84d9d2990 VMThread "VM Thread"                           [id=10456, stack(0x0000005e07300000,0x0000005e07400000) (1024K)]
  0x000001f84d9c1a30 WatcherThread "VM Periodic Task Thread"        [id=6308, stack(0x0000005e07200000,0x0000005e07300000) (1024K)]
  0x000001f830f66b80 WorkerThread "GC Thread#0"                     [id=25608, stack(0x0000005e06d00000,0x0000005e06e00000) (1024K)]
  0x000001f830f7b1a0 ConcurrentGCThread "G1 Main Marker"            [id=23252, stack(0x0000005e06e00000,0x0000005e06f00000) (1024K)]
  0x000001f830f7bbc0 WorkerThread "G1 Conc#0"                       [id=7092, stack(0x0000005e06f00000,0x0000005e07000000) (1024K)]
  0x000001f84d8844e0 ConcurrentGCThread "G1 Refine#0"               [id=26084, stack(0x0000005e07000000,0x0000005e07100000) (1024K)]
  0x000001f84d884d10 ConcurrentGCThread "G1 Service"                [id=26268, stack(0x0000005e07100000,0x0000005e07200000) (1024K)]
Total: 7

Threads with active compile tasks:
C2 CompilerThread0  9439 1243       4       org.codehaus.plexus.util.InterpolationFilterReader::read (477 bytes)
Total: 1

VM state: not at safepoint (normal execution)

VM Mutex/Monitor currently owned by a thread: None

Heap address: 0x000000008a200000, size: 1886 MB, Compressed Oops mode: 32-bit

CDS archive(s) mapped at: [0x000001f84e000000-0x000001f84ed40000-0x000001f84ed40000), size 13893632, SharedBaseAddress: 0x000001f84e000000, ArchiveRelocationMode: 1.
Compressed class space mapped at: 0x000001f84f000000-0x000001f88f000000, reserved size: 1073741824
UseCompressedClassPointers 1, UseCompactObjectHeaders 0
Narrow klass pointer bits 32, Max shift 3
Narrow klass base: 0x000001f84e000000, Narrow klass shift: 0
Encoding Range: [0x000001f84e000000 - 0x000001f94e000000), (4294967296 bytes)
Klass Range:    [0x000001f84e000000 - 0x000001f88f000000), (1090519040 bytes)
Klass ID Range:  [8 - 1090519033) (1090519025)

GC Precious Log:
 CardTable entry size: 512
 Card Set container configuration: InlinePtr #cards 5 size 8 Array Of Cards #cards 10 size 36 Howl #buckets 4 coarsen threshold 1843 Howl Bitmap #cards 512 size 80 coarsen threshold 460 Card regions per heap region 1 cards per card region 2048
 CPUs: 8 total, 8 available
 Memory: 7541M
 Large Page Support: Disabled
 NUMA Support: Disabled
 Compressed Oops: Enabled (32-bit)
 Heap Region Size: 1M
 Heap Min Capacity: 8M
 Heap Initial Capacity: 118M
 Heap Max Capacity: 1886M
 Pre-touch: Disabled
 Parallel Workers: 8
 Concurrent Workers: 2
 Concurrent Refinement Workers: 8
 Periodic GC: Disabled

Heap:
 garbage-first heap   total reserved 1931264K, committed 122880K, used 24692K [0x000000008a200000, 0x0000000100000000)
  region size 1024K, 24 young (24576K), 0 survivors (0K)
 Metaspace       used 5759K, committed 5888K, reserved 1114112K
  class space    used 526K, committed 576K, reserved 1048576K

Heap Regions: E=young(eden), S=young(survivor), O=old, HS=humongous(starts), HC=humongous(continues), CS=collection set, F=free, TAMS=top-at-mark-start, PB=parsable bottom
|   0|0x000000008a200000, 0x000000008a200000, 0x000000008a300000|  0%| F|  |TAMS 0x000000008a200000| PB 0x000000008a200000| Untracked |  0
|   1|0x000000008a300000, 0x000000008a300000, 0x000000008a400000|  0%| F|  |TAMS 0x000000008a300000| PB 0x000000008a300000| Untracked |  0
|   2|0x000000008a400000, 0x000000008a400000, 0x000000008a500000|  0%| F|  |TAMS 0x000000008a400000| PB 0x000000008a400000| Untracked |  0
|   3|0x000000008a500000, 0x000000008a500000, 0x000000008a600000|  0%| F|  |TAMS 0x000000008a500000| PB 0x000000008a500000| Untracked |  0
|   4|0x000000008a600000, 0x000000008a600000, 0x000000008a700000|  0%| F|  |TAMS 0x000000008a600000| PB 0x000000008a600000| Untracked |  0
|   5|0x000000008a700000, 0x000000008a700000, 0x000000008a800000|  0%| F|  |TAMS 0x000000008a700000| PB 0x000000008a700000| Untracked |  0
|   6|0x000000008a800000, 0x000000008a800000, 0x000000008a900000|  0%| F|  |TAMS 0x000000008a800000| PB 0x000000008a800000| Untracked |  0
|   7|0x000000008a900000, 0x000000008a900000, 0x000000008aa00000|  0%| F|  |TAMS 0x000000008a900000| PB 0x000000008a900000| Untracked |  0
|   8|0x000000008aa00000, 0x000000008aa00000, 0x000000008ab00000|  0%| F|  |TAMS 0x000000008aa00000| PB 0x000000008aa00000| Untracked |  0
|   9|0x000000008ab00000, 0x000000008ab00000, 0x000000008ac00000|  0%| F|  |TAMS 0x000000008ab00000| PB 0x000000008ab00000| Untracked |  0
|  10|0x000000008ac00000, 0x000000008ac00000, 0x000000008ad00000|  0%| F|  |TAMS 0x000000008ac00000| PB 0x000000008ac00000| Untracked |  0
|  11|0x000000008ad00000, 0x000000008ad00000, 0x000000008ae00000|  0%| F|  |TAMS 0x000000008ad00000| PB 0x000000008ad00000| Untracked |  0
|  12|0x000000008ae00000, 0x000000008ae00000, 0x000000008af00000|  0%| F|  |TAMS 0x000000008ae00000| PB 0x000000008ae00000| Untracked |  0
|  13|0x000000008af00000, 0x000000008af00000, 0x000000008b000000|  0%| F|  |TAMS 0x000000008af00000| PB 0x000000008af00000| Untracked |  0
|  14|0x000000008b000000, 0x000000008b000000, 0x000000008b100000|  0%| F|  |TAMS 0x000000008b000000| PB 0x000000008b000000| Untracked |  0
|  15|0x000000008b100000, 0x000000008b100000, 0x000000008b200000|  0%| F|  |TAMS 0x000000008b100000| PB 0x000000008b100000| Untracked |  0
|  16|0x000000008b200000, 0x000000008b200000, 0x000000008b300000|  0%| F|  |TAMS 0x000000008b200000| PB 0x000000008b200000| Untracked |  0
|  17|0x000000008b300000, 0x000000008b300000, 0x000000008b400000|  0%| F|  |TAMS 0x000000008b300000| PB 0x000000008b300000| Untracked |  0
|  18|0x000000008b400000, 0x000000008b400000, 0x000000008b500000|  0%| F|  |TAMS 0x000000008b400000| PB 0x000000008b400000| Untracked |  0
|  19|0x000000008b500000, 0x000000008b500000, 0x000000008b600000|  0%| F|  |TAMS 0x000000008b500000| PB 0x000000008b500000| Untracked |  0
|  20|0x000000008b600000, 0x000000008b600000, 0x000000008b700000|  0%| F|  |TAMS 0x000000008b600000| PB 0x000000008b600000| Untracked |  0
|  21|0x000000008b700000, 0x000000008b700000, 0x000000008b800000|  0%| F|  |TAMS 0x000000008b700000| PB 0x000000008b700000| Untracked |  0
|  22|0x000000008b800000, 0x000000008b800000, 0x000000008b900000|  0%| F|  |TAMS 0x000000008b800000| PB 0x000000008b800000| Untracked |  0
|  23|0x000000008b900000, 0x000000008b900000, 0x000000008ba00000|  0%| F|  |TAMS 0x000000008b900000| PB 0x000000008b900000| Untracked |  0
|  24|0x000000008ba00000, 0x000000008ba00000, 0x000000008bb00000|  0%| F|  |TAMS 0x000000008ba00000| PB 0x000000008ba00000| Untracked |  0
|  25|0x000000008bb00000, 0x000000008bb00000, 0x000000008bc00000|  0%| F|  |TAMS 0x000000008bb00000| PB 0x000000008bb00000| Untracked |  0
|  26|0x000000008bc00000, 0x000000008bc00000, 0x000000008bd00000|  0%| F|  |TAMS 0x000000008bc00000| PB 0x000000008bc00000| Untracked |  0
|  27|0x000000008bd00000, 0x000000008bd00000, 0x000000008be00000|  0%| F|  |TAMS 0x000000008bd00000| PB 0x000000008bd00000| Untracked |  0
|  28|0x000000008be00000, 0x000000008be00000, 0x000000008bf00000|  0%| F|  |TAMS 0x000000008be00000| PB 0x000000008be00000| Untracked |  0
|  29|0x000000008bf00000, 0x000000008bf00000, 0x000000008c000000|  0%| F|  |TAMS 0x000000008bf00000| PB 0x000000008bf00000| Untracked |  0
|  30|0x000000008c000000, 0x000000008c000000, 0x000000008c100000|  0%| F|  |TAMS 0x000000008c000000| PB 0x000000008c000000| Untracked |  0
|  31|0x000000008c100000, 0x000000008c100000, 0x000000008c200000|  0%| F|  |TAMS 0x000000008c100000| PB 0x000000008c100000| Untracked |  0
|  32|0x000000008c200000, 0x000000008c200000, 0x000000008c300000|  0%| F|  |TAMS 0x000000008c200000| PB 0x000000008c200000| Untracked |  0
|  33|0x000000008c300000, 0x000000008c300000, 0x000000008c400000|  0%| F|  |TAMS 0x000000008c300000| PB 0x000000008c300000| Untracked |  0
|  34|0x000000008c400000, 0x000000008c400000, 0x000000008c500000|  0%| F|  |TAMS 0x000000008c400000| PB 0x000000008c400000| Untracked |  0
|  35|0x000000008c500000, 0x000000008c500000, 0x000000008c600000|  0%| F|  |TAMS 0x000000008c500000| PB 0x000000008c500000| Untracked |  0
|  36|0x000000008c600000, 0x000000008c600000, 0x000000008c700000|  0%| F|  |TAMS 0x000000008c600000| PB 0x000000008c600000| Untracked |  0
|  37|0x000000008c700000, 0x000000008c700000, 0x000000008c800000|  0%| F|  |TAMS 0x000000008c700000| PB 0x000000008c700000| Untracked |  0
|  38|0x000000008c800000, 0x000000008c800000, 0x000000008c900000|  0%| F|  |TAMS 0x000000008c800000| PB 0x000000008c800000| Untracked |  0
|  39|0x000000008c900000, 0x000000008c900000, 0x000000008ca00000|  0%| F|  |TAMS 0x000000008c900000| PB 0x000000008c900000| Untracked |  0
|  40|0x000000008ca00000, 0x000000008ca00000, 0x000000008cb00000|  0%| F|  |TAMS 0x000000008ca00000| PB 0x000000008ca00000| Untracked |  0
|  41|0x000000008cb00000, 0x000000008cb00000, 0x000000008cc00000|  0%| F|  |TAMS 0x000000008cb00000| PB 0x000000008cb00000| Untracked |  0
|  42|0x000000008cc00000, 0x000000008cc00000, 0x000000008cd00000|  0%| F|  |TAMS 0x000000008cc00000| PB 0x000000008cc00000| Untracked |  0
|  43|0x000000008cd00000, 0x000000008cd00000, 0x000000008ce00000|  0%| F|  |TAMS 0x000000008cd00000| PB 0x000000008cd00000| Untracked |  0
|  44|0x000000008ce00000, 0x000000008ce00000, 0x000000008cf00000|  0%| F|  |TAMS 0x000000008ce00000| PB 0x000000008ce00000| Untracked |  0
|  45|0x000000008cf00000, 0x000000008cf00000, 0x000000008d000000|  0%| F|  |TAMS 0x000000008cf00000| PB 0x000000008cf00000| Untracked |  0
|  46|0x000000008d000000, 0x000000008d000000, 0x000000008d100000|  0%| F|  |TAMS 0x000000008d000000| PB 0x000000008d000000| Untracked |  0
|  47|0x000000008d100000, 0x000000008d100000, 0x000000008d200000|  0%| F|  |TAMS 0x000000008d100000| PB 0x000000008d100000| Untracked |  0
|  48|0x000000008d200000, 0x000000008d200000, 0x000000008d300000|  0%| F|  |TAMS 0x000000008d200000| PB 0x000000008d200000| Untracked |  0
|  49|0x000000008d300000, 0x000000008d300000, 0x000000008d400000|  0%| F|  |TAMS 0x000000008d300000| PB 0x000000008d300000| Untracked |  0
|  50|0x000000008d400000, 0x000000008d400000, 0x000000008d500000|  0%| F|  |TAMS 0x000000008d400000| PB 0x000000008d400000| Untracked |  0
|  51|0x000000008d500000, 0x000000008d500000, 0x000000008d600000|  0%| F|  |TAMS 0x000000008d500000| PB 0x000000008d500000| Untracked |  0
|  52|0x000000008d600000, 0x000000008d600000, 0x000000008d700000|  0%| F|  |TAMS 0x000000008d600000| PB 0x000000008d600000| Untracked |  0
|  53|0x000000008d700000, 0x000000008d700000, 0x000000008d800000|  0%| F|  |TAMS 0x000000008d700000| PB 0x000000008d700000| Untracked |  0
|  54|0x000000008d800000, 0x000000008d800000, 0x000000008d900000|  0%| F|  |TAMS 0x000000008d800000| PB 0x000000008d800000| Untracked |  0
|  55|0x000000008d900000, 0x000000008d900000, 0x000000008da00000|  0%| F|  |TAMS 0x000000008d900000| PB 0x000000008d900000| Untracked |  0
|  56|0x000000008da00000, 0x000000008da00000, 0x000000008db00000|  0%| F|  |TAMS 0x000000008da00000| PB 0x000000008da00000| Untracked |  0
|  57|0x000000008db00000, 0x000000008db00000, 0x000000008dc00000|  0%| F|  |TAMS 0x000000008db00000| PB 0x000000008db00000| Untracked |  0
|  58|0x000000008dc00000, 0x000000008dc00000, 0x000000008dd00000|  0%| F|  |TAMS 0x000000008dc00000| PB 0x000000008dc00000| Untracked |  0
|  59|0x000000008dd00000, 0x000000008dd00000, 0x000000008de00000|  0%| F|  |TAMS 0x000000008dd00000| PB 0x000000008dd00000| Untracked |  0
|  60|0x000000008de00000, 0x000000008de00000, 0x000000008df00000|  0%| F|  |TAMS 0x000000008de00000| PB 0x000000008de00000| Untracked |  0
|  61|0x000000008df00000, 0x000000008df00000, 0x000000008e000000|  0%| F|  |TAMS 0x000000008df00000| PB 0x000000008df00000| Untracked |  0
|  62|0x000000008e000000, 0x000000008e000000, 0x000000008e100000|  0%| F|  |TAMS 0x000000008e000000| PB 0x000000008e000000| Untracked |  0
|  63|0x000000008e100000, 0x000000008e100000, 0x000000008e200000|  0%| F|  |TAMS 0x000000008e100000| PB 0x000000008e100000| Untracked |  0
|  64|0x000000008e200000, 0x000000008e200000, 0x000000008e300000|  0%| F|  |TAMS 0x000000008e200000| PB 0x000000008e200000| Untracked |  0
|  65|0x000000008e300000, 0x000000008e300000, 0x000000008e400000|  0%| F|  |TAMS 0x000000008e300000| PB 0x000000008e300000| Untracked |  0
|  66|0x000000008e400000, 0x000000008e400000, 0x000000008e500000|  0%| F|  |TAMS 0x000000008e400000| PB 0x000000008e400000| Untracked |  0
|  67|0x000000008e500000, 0x000000008e500000, 0x000000008e600000|  0%| F|  |TAMS 0x000000008e500000| PB 0x000000008e500000| Untracked |  0
|  68|0x000000008e600000, 0x000000008e600000, 0x000000008e700000|  0%| F|  |TAMS 0x000000008e600000| PB 0x000000008e600000| Untracked |  0
|  69|0x000000008e700000, 0x000000008e700000, 0x000000008e800000|  0%| F|  |TAMS 0x000000008e700000| PB 0x000000008e700000| Untracked |  0
|  70|0x000000008e800000, 0x000000008e800000, 0x000000008e900000|  0%| F|  |TAMS 0x000000008e800000| PB 0x000000008e800000| Untracked |  0
|  71|0x000000008e900000, 0x000000008e900000, 0x000000008ea00000|  0%| F|  |TAMS 0x000000008e900000| PB 0x000000008e900000| Untracked |  0
|  72|0x000000008ea00000, 0x000000008ea00000, 0x000000008eb00000|  0%| F|  |TAMS 0x000000008ea00000| PB 0x000000008ea00000| Untracked |  0
|  73|0x000000008eb00000, 0x000000008eb00000, 0x000000008ec00000|  0%| F|  |TAMS 0x000000008eb00000| PB 0x000000008eb00000| Untracked |  0
|  74|0x000000008ec00000, 0x000000008ec00000, 0x000000008ed00000|  0%| F|  |TAMS 0x000000008ec00000| PB 0x000000008ec00000| Untracked |  0
|  75|0x000000008ed00000, 0x000000008ed00000, 0x000000008ee00000|  0%| F|  |TAMS 0x000000008ed00000| PB 0x000000008ed00000| Untracked |  0
|  76|0x000000008ee00000, 0x000000008ee00000, 0x000000008ef00000|  0%| F|  |TAMS 0x000000008ee00000| PB 0x000000008ee00000| Untracked |  0
|  77|0x000000008ef00000, 0x000000008ef00000, 0x000000008f000000|  0%| F|  |TAMS 0x000000008ef00000| PB 0x000000008ef00000| Untracked |  0
|  78|0x000000008f000000, 0x000000008f000000, 0x000000008f100000|  0%| F|  |TAMS 0x000000008f000000| PB 0x000000008f000000| Untracked |  0
|  79|0x000000008f100000, 0x000000008f100000, 0x000000008f200000|  0%| F|  |TAMS 0x000000008f100000| PB 0x000000008f100000| Untracked |  0
|  80|0x000000008f200000, 0x000000008f200000, 0x000000008f300000|  0%| F|  |TAMS 0x000000008f200000| PB 0x000000008f200000| Untracked |  0
|  81|0x000000008f300000, 0x000000008f300000, 0x000000008f400000|  0%| F|  |TAMS 0x000000008f300000| PB 0x000000008f300000| Untracked |  0
|  82|0x000000008f400000, 0x000000008f400000, 0x000000008f500000|  0%| F|  |TAMS 0x000000008f400000| PB 0x000000008f400000| Untracked |  0
|  83|0x000000008f500000, 0x000000008f500000, 0x000000008f600000|  0%| F|  |TAMS 0x000000008f500000| PB 0x000000008f500000| Untracked |  0
|  84|0x000000008f600000, 0x000000008f600000, 0x000000008f700000|  0%| F|  |TAMS 0x000000008f600000| PB 0x000000008f600000| Untracked |  0
|  85|0x000000008f700000, 0x000000008f700000, 0x000000008f800000|  0%| F|  |TAMS 0x000000008f700000| PB 0x000000008f700000| Untracked |  0
|  86|0x000000008f800000, 0x000000008f800000, 0x000000008f900000|  0%| F|  |TAMS 0x000000008f800000| PB 0x000000008f800000| Untracked |  0
|  87|0x000000008f900000, 0x000000008f900000, 0x000000008fa00000|  0%| F|  |TAMS 0x000000008f900000| PB 0x000000008f900000| Untracked |  0
|  88|0x000000008fa00000, 0x000000008fa00000, 0x000000008fb00000|  0%| F|  |TAMS 0x000000008fa00000| PB 0x000000008fa00000| Untracked |  0
|  89|0x000000008fb00000, 0x000000008fb00000, 0x000000008fc00000|  0%| F|  |TAMS 0x000000008fb00000| PB 0x000000008fb00000| Untracked |  0
|  90|0x000000008fc00000, 0x000000008fc00000, 0x000000008fd00000|  0%| F|  |TAMS 0x000000008fc00000| PB 0x000000008fc00000| Untracked |  0
|  91|0x000000008fd00000, 0x000000008fd00000, 0x000000008fe00000|  0%| F|  |TAMS 0x000000008fd00000| PB 0x000000008fd00000| Untracked |  0
|  92|0x000000008fe00000, 0x000000008fe00000, 0x000000008ff00000|  0%| F|  |TAMS 0x000000008fe00000| PB 0x000000008fe00000| Untracked |  0
|  93|0x000000008ff00000, 0x000000008ff00000, 0x0000000090000000|  0%| F|  |TAMS 0x000000008ff00000| PB 0x000000008ff00000| Untracked |  0
|  94|0x0000000090000000, 0x0000000090080000, 0x0000000090100000| 50%| E|  |TAMS 0x0000000090000000| PB 0x0000000090000000| Complete |  0
|  95|0x0000000090100000, 0x0000000090200000, 0x0000000090200000|100%| E|CS|TAMS 0x0000000090100000| PB 0x0000000090100000| Complete |  0
|  96|0x0000000090200000, 0x0000000090300000, 0x0000000090300000|100%| E|CS|TAMS 0x0000000090200000| PB 0x0000000090200000| Complete |  0
|  97|0x0000000090300000, 0x0000000090400000, 0x0000000090400000|100%| E|CS|TAMS 0x0000000090300000| PB 0x0000000090300000| Complete |  0
|  98|0x0000000090400000, 0x0000000090500000, 0x0000000090500000|100%| E|CS|TAMS 0x0000000090400000| PB 0x0000000090400000| Complete |  0
|  99|0x0000000090500000, 0x0000000090600000, 0x0000000090600000|100%| E|CS|TAMS 0x0000000090500000| PB 0x0000000090500000| Complete |  0
| 100|0x0000000090600000, 0x0000000090700000, 0x0000000090700000|100%| E|CS|TAMS 0x0000000090600000| PB 0x0000000090600000| Complete |  0
| 101|0x0000000090700000, 0x0000000090800000, 0x0000000090800000|100%| E|CS|TAMS 0x0000000090700000| PB 0x0000000090700000| Complete |  0
| 102|0x0000000090800000, 0x0000000090900000, 0x0000000090900000|100%| E|CS|TAMS 0x0000000090800000| PB 0x0000000090800000| Complete |  0
| 103|0x0000000090900000, 0x0000000090a00000, 0x0000000090a00000|100%| E|CS|TAMS 0x0000000090900000| PB 0x0000000090900000| Complete |  0
| 104|0x0000000090a00000, 0x0000000090b00000, 0x0000000090b00000|100%| E|CS|TAMS 0x0000000090a00000| PB 0x0000000090a00000| Complete |  0
| 105|0x0000000090b00000, 0x0000000090c00000, 0x0000000090c00000|100%| E|CS|TAMS 0x0000000090b00000| PB 0x0000000090b00000| Complete |  0
| 106|0x0000000090c00000, 0x0000000090d00000, 0x0000000090d00000|100%| E|CS|TAMS 0x0000000090c00000| PB 0x0000000090c00000| Complete |  0
| 107|0x0000000090d00000, 0x0000000090e00000, 0x0000000090e00000|100%| E|CS|TAMS 0x0000000090d00000| PB 0x0000000090d00000| Complete |  0
| 108|0x0000000090e00000, 0x0000000090f00000, 0x0000000090f00000|100%| E|CS|TAMS 0x0000000090e00000| PB 0x0000000090e00000| Complete |  0
| 109|0x0000000090f00000, 0x0000000091000000, 0x0000000091000000|100%| E|CS|TAMS 0x0000000090f00000| PB 0x0000000090f00000| Complete |  0
| 110|0x0000000091000000, 0x0000000091100000, 0x0000000091100000|100%| E|CS|TAMS 0x0000000091000000| PB 0x0000000091000000| Complete |  0
| 111|0x0000000091100000, 0x0000000091200000, 0x0000000091200000|100%| E|CS|TAMS 0x0000000091100000| PB 0x0000000091100000| Complete |  0
| 112|0x0000000091200000, 0x0000000091300000, 0x0000000091300000|100%| E|CS|TAMS 0x0000000091200000| PB 0x0000000091200000| Complete |  0
| 113|0x0000000091300000, 0x0000000091400000, 0x0000000091400000|100%| E|CS|TAMS 0x0000000091300000| PB 0x0000000091300000| Complete |  0
| 114|0x0000000091400000, 0x0000000091500000, 0x0000000091500000|100%| E|CS|TAMS 0x0000000091400000| PB 0x0000000091400000| Complete |  0
| 115|0x0000000091500000, 0x0000000091600000, 0x0000000091600000|100%| E|CS|TAMS 0x0000000091500000| PB 0x0000000091500000| Complete |  0
| 116|0x0000000091600000, 0x0000000091700000, 0x0000000091700000|100%| E|CS|TAMS 0x0000000091600000| PB 0x0000000091600000| Complete |  0
| 117|0x0000000091700000, 0x0000000091800000, 0x0000000091800000|100%| E|CS|TAMS 0x0000000091700000| PB 0x0000000091700000| Complete |  0
|1884|0x00000000ffe00000, 0x00000000fff00000, 0x00000000fff00000|100%| O|  |TAMS 0x00000000ffe00000| PB 0x00000000ffe00000| Untracked |  0
|1885|0x00000000fff00000, 0x00000000fff1d248, 0x0000000100000000| 11%| O|  |TAMS 0x00000000fff00000| PB 0x00000000fff00000| Untracked |  0

Card table byte_map: [0x000001f848ea0000,0x000001f849250000] _byte_map_base: 0x000001f848a4f000

Marking Bits: (CMBitMap*) 0x000001f830f681b0
 Bits: [0x000001f849250000, 0x000001f84afc8000)

Polling page: 0x000001f82ed50000

Metaspace:

Usage:
  Non-class:      5.13 MB used.
      Class:    526.98 KB used.
       Both:      5.64 MB used.

Virtual space:
  Non-class space:       64.00 MB reserved,       5.19 MB (  8%) committed,  1 nodes.
      Class space:        1.00 GB reserved,     576.00 KB ( <1%) committed,  1 nodes.
             Both:        1.06 GB reserved,       5.75 MB ( <1%) committed. 

Chunk freelists:
   Non-Class:  9.08 MB
       Class:  15.39 MB
        Both:  24.47 MB

MaxMetaspaceSize: unlimited
CompressedClassSpaceSize: 1.00 GB
Initial GC threshold: 21.00 MB
Current GC threshold: 21.00 MB
CDS: on
 - commit_granule_bytes: 65536.
 - commit_granule_words: 8192.
 - virtual_space_node_default_size: 8388608.
 - enlarge_chunks_in_place: 1.
UseCompressedClassPointers 1, UseCompactObjectHeaders 0
Narrow klass pointer bits 32, Max shift 3
Narrow klass base: 0x000001f84e000000, Narrow klass shift: 0
Encoding Range: [0x000001f84e000000 - 0x000001f94e000000), (4294967296 bytes)
Klass Range:    [0x000001f84e000000 - 0x000001f88f000000), (1090519040 bytes)
Klass ID Range:  [8 - 1090519033) (1090519025)


Internal statistics:

num_allocs_failed_limit: 0.
num_arena_births: 60.
num_arena_deaths: 0.
num_vsnodes_births: 2.
num_vsnodes_deaths: 0.
num_space_committed: 92.
num_space_uncommitted: 0.
num_chunks_returned_to_freelist: 0.
num_chunks_taken_from_freelist: 234.
num_chunk_merges: 0.
num_chunk_splits: 140.
num_chunks_enlarged: 111.
num_inconsistent_stats: 0.

CodeHeap 'non-profiled nmethods': size=120064Kb used=332Kb max_used=332Kb free=119731Kb
 bounds [0x000001f841280000, 0x000001f8414f0000, 0x000001f8487c0000]
CodeHeap 'profiled nmethods': size=120000Kb used=2058Kb max_used=2058Kb free=117941Kb
 bounds [0x000001f8397c0000, 0x000001f839a30000, 0x000001f840cf0000]
CodeHeap 'non-nmethods': size=5696Kb used=1294Kb max_used=1319Kb free=4402Kb
 bounds [0x000001f840cf0000, 0x000001f840f60000, 0x000001f841280000]
CodeCache: size=245760Kb, used=3684Kb, max_used=3709Kb, free=242074Kb
 total_blobs=1721, nmethods=1260, adapters=366, full_count=0
Compilation: enabled, stopped_count=0, restarted_count=0

Compilation events (20 events):
Event: 9.246 Thread 0x000001f84d9e9e40 nmethod 1240 0x000001f8412d2408 code [0x000001f8412d2500, 0x000001f8412d25f0]
Event: 9.246 Thread 0x000001f84d9e9e40 1241       4       java.io.InputStreamReader::read (11 bytes)
Event: 9.246 Thread 0x000001f84d9e9e40 nmethod 1241 0x000001f8412d2708 code [0x000001f8412d2820, 0x000001f8412d28f0]
Event: 9.246 Thread 0x000001f84d9e9e40 1242       4       org.codehaus.plexus.util.xml.XmlReader::read (11 bytes)
Event: 9.247 Thread 0x000001f84d9e9e40 nmethod 1242 0x000001f8412d2a08 code [0x000001f8412d2b20, 0x000001f8412d2c40]
Event: 9.247 Thread 0x000001f84d9e9e40 1243       4       org.codehaus.plexus.util.InterpolationFilterReader::read (477 bytes)
Event: 9.249 Thread 0x000001f84d9eedf0 1245       3       org.codehaus.plexus.util.xml.pull.MXParser::isS (30 bytes)
Event: 9.249 Thread 0x000001f84d9eedf0 nmethod 1245 0x000001f8399af708 code [0x000001f8399af820, 0x000001f8399af9d8]
Event: 9.252 Thread 0x000001f84d9eedf0 1246       3       org.codehaus.plexus.util.xml.pull.MXParser::more (106 bytes)
Event: 9.253 Thread 0x000001f84d9eedf0 nmethod 1246 0x000001f8399afa08 code [0x000001f8399afbe0, 0x000001f8399b05c0]
Event: 9.269 Thread 0x000001f84d9eedf0 1247       3       org.codehaus.plexus.util.xml.pull.MXParser::isNameStartChar (56 bytes)
Event: 9.269 Thread 0x000001f84d9eedf0 nmethod 1247 0x000001f8399b0688 code [0x000001f8399b07a0, 0x000001f8399b0a00]
Event: 9.269 Thread 0x000001f84d9eedf0 1248       3       org.codehaus.plexus.util.xml.pull.MXParser::getText (125 bytes)
Event: 9.269 Thread 0x000001f84d9eedf0 nmethod 1248 0x000001f8399b0a88 code [0x000001f8399b0be0, 0x000001f8399b10b8]
Event: 9.272 Thread 0x000001f84d9eedf0 1249       3       org.codehaus.plexus.util.xml.pull.MXParser::parseStartTag (1205 bytes)
Event: 9.276 Thread 0x000001f84d9eedf0 nmethod 1249 0x000001f8399b1108 code [0x000001f8399b1aa0, 0x000001f8399b8908]
Event: 9.276 Thread 0x000001f84d9eedf0 1250       3       org.codehaus.plexus.util.xml.pull.MXParser::parseEndTag (438 bytes)
Event: 9.278 Thread 0x000001f84d9eedf0 nmethod 1250 0x000001f8399b8a08 code [0x000001f8399b8f60, 0x000001f8399bc2e0]
Event: 9.279 Thread 0x000001f84d9eedf0 1251       3       org.codehaus.plexus.util.xml.pull.MXParser::newString (11 bytes)
Event: 9.279 Thread 0x000001f84d9eedf0 nmethod 1251 0x000001f8399bc388 code [0x000001f8399bc4a0, 0x000001f8399bc648]

GC Heap History (0 events):
No events

Dll operation events (8 events):
Event: 0.132 Loaded shared library C:\Program Files\Java\jdk-24\bin\java.dll
Event: 2.185 Loaded shared library C:\Program Files\Java\jdk-24\bin\net.dll
Event: 2.203 Loaded shared library C:\Program Files\Java\jdk-24\bin\jsvml.dll
Event: 2.250 Loaded shared library C:\Program Files\Java\jdk-24\bin\nio.dll
Event: 2.279 Loaded shared library C:\Program Files\Java\jdk-24\bin\zip.dll
Event: 6.180 Loaded shared library C:\Program Files\Java\jdk-24\bin\jimage.dll
Event: 6.699 Loaded shared library C:\Users\Isidora\AppData\Local\Temp\jansi-2.4.2-220422f5e0a29131-jansi.dll
Event: 6.738 Loaded shared library C:\Program Files\Java\jdk-24\bin\verify.dll

Deoptimization events (20 events):
Event: 7.524 Thread 0x000001f82ec40380 Uncommon trap: trap_request=0xffffff4d fr.pc=0x000001f8412ae658 relative=0x0000000000000058
Event: 7.524 Thread 0x000001f82ec40380 Uncommon trap: reason=unstable_if action=reinterpret pc=0x000001f8412ae658 method=java.lang.AbstractStringBuilder.isLatin1()Z @ 10 c2
Event: 7.524 Thread 0x000001f82ec40380 DEOPT PACKING pc=0x000001f8412ae658 sp=0x0000005e06cfe450
Event: 7.524 Thread 0x000001f82ec40380 DEOPT UNPACKING pc=0x000001f840e0d282 sp=0x0000005e06cfe3e0 mode 2
Event: 9.167 Thread 0x000001f82ec40380 Uncommon trap: trap_request=0xffffff6e fr.pc=0x000001f8412b1c80 relative=0x0000000000000460
Event: 9.167 Thread 0x000001f82ec40380 Uncommon trap: reason=loop_limit_check action=maybe_recompile pc=0x000001f8412b1c80 method=java.lang.StringLatin1.indexOf([BI[BII)I @ 37 c2
Event: 9.167 Thread 0x000001f82ec40380 DEOPT PACKING pc=0x000001f8412b1c80 sp=0x0000005e06cfdf40
Event: 9.167 Thread 0x000001f82ec40380 DEOPT UNPACKING pc=0x000001f840e0d282 sp=0x0000005e06cfdea0 mode 2
Event: 9.176 Thread 0x000001f82ec40380 Uncommon trap: trap_request=0xffffff76 fr.pc=0x000001f8412b6a7c relative=0x000000000000031c
Event: 9.176 Thread 0x000001f82ec40380 Uncommon trap: reason=predicate action=maybe_recompile pc=0x000001f8412b6a7c method=java.util.regex.Pattern$BmpCharPropertyGreedy.match(Ljava/util/regex/Matcher;ILjava/lang/CharSequence;)Z @ 12 c2
Event: 9.176 Thread 0x000001f82ec40380 DEOPT PACKING pc=0x000001f8412b6a7c sp=0x0000005e06cfdfb0
Event: 9.176 Thread 0x000001f82ec40380 DEOPT UNPACKING pc=0x000001f840e0d282 sp=0x0000005e06cfdf68 mode 2
Event: 9.176 Thread 0x000001f82ec40380 Uncommon trap: trap_request=0xffffff4d fr.pc=0x000001f8412aecac relative=0x00000000000000ac
Event: 9.176 Thread 0x000001f82ec40380 Uncommon trap: reason=unstable_if action=reinterpret pc=0x000001f8412aecac method=org.codehaus.plexus.util.xml.pull.MXParser.more()C @ 8 c2
Event: 9.176 Thread 0x000001f82ec40380 DEOPT PACKING pc=0x000001f8412aecac sp=0x0000005e06cfe370
Event: 9.176 Thread 0x000001f82ec40380 DEOPT UNPACKING pc=0x000001f840e0d282 sp=0x0000005e06cfe300 mode 2
Event: 9.248 Thread 0x000001f82ec40380 Uncommon trap: trap_request=0xffffff4d fr.pc=0x000001f8412d188c relative=0x000000000000186c
Event: 9.248 Thread 0x000001f82ec40380 Uncommon trap: reason=unstable_if action=reinterpret pc=0x000001f8412d188c method=java.nio.charset.CoderResult.isOverflow()Z @ 5 c2
Event: 9.248 Thread 0x000001f82ec40380 DEOPT PACKING pc=0x000001f8412d188c sp=0x0000005e06cfdfd0
Event: 9.248 Thread 0x000001f82ec40380 DEOPT UNPACKING pc=0x000001f840e0d282 sp=0x0000005e06cfdcf8 mode 2

Classes loaded (20 events):
Event: 9.000 Loading class java/lang/reflect/UndeclaredThrowableException
Event: 9.000 Loading class java/lang/reflect/UndeclaredThrowableException done
Event: 9.005 Loading class java/lang/annotation/Target
Event: 9.005 Loading class java/lang/annotation/Target done
Event: 9.005 Loading class java/lang/annotation/ElementType
Event: 9.005 Loading class java/lang/annotation/ElementType done
Event: 9.005 Loading class java/lang/annotation/Documented
Event: 9.005 Loading class java/lang/annotation/Documented done
Event: 9.061 Loading class java/util/concurrent/TimeoutException
Event: 9.061 Loading class java/util/concurrent/TimeoutException done
Event: 9.061 Loading class java/util/concurrent/CancellationException
Event: 9.061 Loading class java/util/concurrent/CancellationException done
Event: 9.077 Loading class java/lang/reflect/ParameterizedType
Event: 9.077 Loading class java/lang/reflect/ParameterizedType done
Event: 9.086 Loading class java/lang/reflect/WildcardType
Event: 9.086 Loading class java/lang/reflect/WildcardType done
Event: 9.092 Loading class sun/reflect/generics/tree/TypeVariableSignature
Event: 9.092 Loading class sun/reflect/generics/tree/TypeVariableSignature done
Event: 9.139 Loading class java/lang/annotation/IncompleteAnnotationException
Event: 9.139 Loading class java/lang/annotation/IncompleteAnnotationException done

Classes unloaded (0 events):
No events

Classes redefined (0 events):
No events

Internal exceptions (18 events):
Event: 3.312 Thread 0x000001f82ec40380 Exception <a 'java/lang/NoSuchMethodError'{0x00000000916a1928}: 'int java.lang.invoke.DirectMethodHandle$Holder.invokeSpecial(java.lang.Object, java.lang.Object, java.lang.Object)'> (0x00000000916a1928) 
thrown [s\open\src\hotspot\share\interpreter\linkResolver.cpp, line 805]
Event: 6.064 Thread 0x000001f82ec40380 Exception <a 'java/lang/NoSuchMethodError'{0x00000000913a35a0}: 'java.lang.Object java.lang.invoke.Invokers$Holder.invokeExact_MT(java.lang.Object, java.lang.Object, java.lang.Object, java.lang.Object, java.lang.Object)'> (0x00000000913a35a0) 
thrown [s\open\src\hotspot\share\interpreter\linkResolver.cpp, line 805]
Event: 6.103 Thread 0x000001f82ec40380 Exception <a 'java/lang/NoSuchMethodError'{0x00000000913cfc58}: 'java.lang.Object java.lang.invoke.DirectMethodHandle$Holder.invokeStaticInit(java.lang.Object)'> (0x00000000913cfc58) 
thrown [s\open\src\hotspot\share\interpreter\linkResolver.cpp, line 805]
Event: 6.124 Thread 0x000001f82ec40380 Exception <a 'java/lang/NullPointerException'{0x00000000912029d8}> (0x00000000912029d8) 
thrown [s\open\src\hotspot\share\interpreter\linkResolver.cpp, line 1417]
Event: 6.483 Thread 0x000001f82ec40380 Exception <a 'sun/nio/fs/WindowsException'{0x0000000091240ce8}> (0x0000000091240ce8) 
thrown [s\open\src\hotspot\share\prims\jni.cpp, line 518]
Event: 6.767 Thread 0x000001f82ec40380 Exception <a 'java/lang/NoSuchMethodError'{0x000000009114f540}: 'void java.lang.invoke.DirectMethodHandle$Holder.invokeVirtual(java.lang.Object, java.lang.Object)'> (0x000000009114f540) 
thrown [s\open\src\hotspot\share\interpreter\linkResolver.cpp, line 805]
Event: 6.774 Thread 0x000001f82ec40380 Exception <a 'java/lang/NoSuchMethodError'{0x0000000091170eb8}: 'void java.lang.invoke.DirectMethodHandle$Holder.invokeStatic(java.lang.Object, java.lang.Object)'> (0x0000000091170eb8) 
thrown [s\open\src\hotspot\share\interpreter\linkResolver.cpp, line 805]
Event: 6.775 Thread 0x000001f82ec40380 Exception <a 'java/lang/NoSuchMethodError'{0x0000000091178c28}: 'void java.lang.invoke.DirectMethodHandle$Holder.invokeStaticInit(java.lang.Object, java.lang.Object)'> (0x0000000091178c28) 
thrown [s\open\src\hotspot\share\interpreter\linkResolver.cpp, line 805]
Event: 6.791 Thread 0x000001f82ec40380 Exception <a 'java/lang/NoSuchMethodError'{0x00000000911ac220}: 'void java.lang.invoke.DirectMethodHandle$Holder.invokeSpecial(java.lang.Object, java.lang.Object, java.lang.Object, java.lang.Object, java.lang.Object)'> (0x00000000911ac220) 
thrown [s\open\src\hotspot\share\interpreter\linkResolver.cpp, line 805]
Event: 6.832 Thread 0x000001f82ec40380 Exception <a 'java/lang/NoSuchMethodError'{0x00000000911e8f20}: 'void java.lang.invoke.DirectMethodHandle$Holder.invokeStatic(java.lang.Object, java.lang.Object, java.lang.Object)'> (0x00000000911e8f20) 
thrown [s\open\src\hotspot\share\interpreter\linkResolver.cpp, line 805]
Event: 7.243 Thread 0x000001f82ec40380 Exception <a 'java/lang/NoSuchMethodError'{0x0000000090f8d930}: 'java.lang.Object java.lang.invoke.DirectMethodHandle$Holder.invokeSpecialIFC(java.lang.Object, java.lang.Object, java.lang.Object, java.lang.Object)'> (0x0000000090f8d930) 
thrown [s\open\src\hotspot\share\interpreter\linkResolver.cpp, line 805]
Event: 8.361 Thread 0x000001f82ec40380 Exception <a 'java/lang/NoSuchMethodError'{0x0000000090a99158}: 'void java.lang.invoke.DirectMethodHandle$Holder.invokeSpecial(java.lang.Object, java.lang.Object, java.lang.Object)'> (0x0000000090a99158) 
thrown [s\open\src\hotspot\share\interpreter\linkResolver.cpp, line 805]
Event: 8.686 Thread 0x000001f82ec40380 Exception <a 'java/lang/NoSuchMethodError'{0x00000000909bd3d0}: 'java.lang.Object java.lang.invoke.DirectMethodHandle$Holder.invokeInterface(java.lang.Object, java.lang.Object)'> (0x00000000909bd3d0) 
thrown [s\open\src\hotspot\share\interpreter\linkResolver.cpp, line 805]
Event: 8.790 Thread 0x000001f82ec40380 Exception <a 'java/lang/NoSuchMethodError'{0x000000009086f350}: 'int java.lang.invoke.DirectMethodHandle$Holder.invokeStatic(java.lang.Object, java.lang.Object, java.lang.Object, java.lang.Object)'> (0x000000009086f350) 
thrown [s\open\src\hotspot\share\interpreter\linkResolver.cpp, line 805]
Event: 8.810 Thread 0x000001f82ec40380 Exception <a 'java/lang/NoSuchMethodError'{0x00000000908991d0}: 'int java.lang.invoke.DirectMethodHandle$Holder.invokeSpecialIFC(java.lang.Object, java.lang.Object, java.lang.Object, java.lang.Object, java.lang.Object)'> (0x00000000908991d0) 
thrown [s\open\src\hotspot\share\interpreter\linkResolver.cpp, line 805]
Event: 9.010 Thread 0x000001f82ec40380 Exception <a 'java/lang/NoSuchMethodError'{0x0000000090674cc8}: 'java.lang.Object java.lang.invoke.DirectMethodHandle$Holder.newInvokeSpecial(java.lang.Object, java.lang.Object, java.lang.Object, java.lang.Object, java.lang.Object)'> (0x0000000090674cc8) 
thrown [s\open\src\hotspot\share\interpreter\linkResolver.cpp, line 805]
Event: 9.126 Thread 0x000001f82ec40380 Exception <a 'java/lang/NoSuchMethodError'{0x0000000090594160}: 'int java.lang.invoke.DirectMethodHandle$Holder.invokeStaticInit(java.lang.Object, java.lang.Object)'> (0x0000000090594160) 
thrown [s\open\src\hotspot\share\interpreter\linkResolver.cpp, line 805]
Event: 9.140 Thread 0x000001f82ec40380 Exception <a 'java/lang/NoClassDefFoundError'{0x00000000905cf310}: javax/enterprise/inject/Typed> (0x00000000905cf310) 
thrown [s\open\src\hotspot\share\classfile\systemDictionary.cpp, line 316]

VM Operations (6 events):
Event: 6.120 Executing VM operation: HandshakeAllThreads (Deoptimize)
Event: 6.121 Executing VM operation: HandshakeAllThreads (Deoptimize) done
Event: 6.204 Executing VM operation: HandshakeAllThreads (Deoptimize)
Event: 6.438 Executing VM operation: HandshakeAllThreads (Deoptimize) done
Event: 8.800 Executing VM operation: HandshakeAllThreads (Deoptimize)
Event: 8.800 Executing VM operation: HandshakeAllThreads (Deoptimize) done

Memory protections (0 events):
No events

Nmethod flushes (0 events):
No events

Events (13 events):
Event: 1.347 Thread 0x000001f82ec40380 Thread added: 0x000001f82ec40380
Event: 1.496 Thread 0x000001f82ec40380 Thread added: 0x000001f84d9e0900
Event: 1.497 Thread 0x000001f82ec40380 Thread added: 0x000001f84d9e1300
Event: 1.497 Thread 0x000001f82ec40380 Thread added: 0x000001f84d9e2e40
Event: 1.497 Thread 0x000001f82ec40380 Thread added: 0x000001f84d9e3970
Event: 1.497 Thread 0x000001f82ec40380 Thread added: 0x000001f84d9e44a0
Event: 1.497 Thread 0x000001f82ec40380 Thread added: 0x000001f84d9e4fd0
Event: 1.497 Thread 0x000001f82ec40380 Thread added: 0x000001f84d9e9e40
Event: 1.535 Thread 0x000001f82ec40380 Thread added: 0x000001f84d9eedf0
Event: 1.605 Thread 0x000001f82ec40380 Thread added: 0x000001f84d9fa7e0
Event: 1.616 Thread 0x000001f82ec40380 Thread added: 0x000001f84d9fd740
Event: 6.133 Thread 0x000001f82ec40380 Thread added: 0x000001f8931e0d00
Event: 8.563 Thread 0x000001f8931e0d00 Thread exited: 0x000001f8931e0d00


Dynamic libraries:
0x00007ff6ec9f0000 - 0x00007ff6eca00000 	C:\Program Files\Java\jdk-24\bin\java.exe
0x00007ffd08350000 - 0x00007ffd08548000 	C:\Windows\SYSTEM32\ntdll.dll
0x00007ffd07660000 - 0x00007ffd07722000 	C:\Windows\System32\KERNEL32.DLL
0x00007ffd05ec0000 - 0x00007ffd061b6000 	C:\Windows\System32\KERNELBASE.dll
0x00007ffd05dc0000 - 0x00007ffd05ec0000 	C:\Windows\System32\ucrtbase.dll
0x00007ffceed60000 - 0x00007ffceed76000 	C:\Program Files\Java\jdk-24\bin\jli.dll
0x00007ffcfd260000 - 0x00007ffcfd27b000 	C:\Program Files\Java\jdk-24\bin\VCRUNTIME140.dll
0x00007ffd08030000 - 0x00007ffd081d1000 	C:\Windows\System32\USER32.dll
0x00007ffd05a10000 - 0x00007ffd05a32000 	C:\Windows\System32\win32u.dll
0x00007ffd07440000 - 0x00007ffd0746b000 	C:\Windows\System32\GDI32.dll
0x00007ffd06250000 - 0x00007ffd06369000 	C:\Windows\System32\gdi32full.dll
0x00007ffd05c20000 - 0x00007ffd05cbd000 	C:\Windows\System32\msvcp_win.dll
0x00007ffced300000 - 0x00007ffced59b000 	C:\Windows\WinSxS\amd64_microsoft.windows.common-controls_6595b64144ccf1df_6.0.19041.6456_none_60b8a6cb71f64256\COMCTL32.dll
0x00007ffd074a0000 - 0x00007ffd0753e000 	C:\Windows\System32\msvcrt.dll
0x00007ffd07470000 - 0x00007ffd0749f000 	C:\Windows\System32\IMM32.DLL
0x00007ffcf0000000 - 0x00007ffcf000c000 	C:\Program Files\Java\jdk-24\bin\vcruntime140_1.dll
0x00007ffcd1190000 - 0x00007ffcd121e000 	C:\Program Files\Java\jdk-24\bin\msvcp140.dll
0x00007ffcafb70000 - 0x00007ffcb0911000 	C:\Program Files\Java\jdk-24\bin\server\jvm.dll
0x00007ffd06a50000 - 0x00007ffd06b01000 	C:\Windows\System32\ADVAPI32.dll
0x00007ffd081e0000 - 0x00007ffd0827f000 	C:\Windows\System32\sechost.dll
0x00007ffd077f0000 - 0x00007ffd07910000 	C:\Windows\System32\RPCRT4.dll
0x00007ffd059e0000 - 0x00007ffd05a07000 	C:\Windows\System32\bcrypt.dll
0x00007ffd07e80000 - 0x00007ffd07eeb000 	C:\Windows\System32\WS2_32.dll
0x00007ffd053f0000 - 0x00007ffd0543b000 	C:\Windows\SYSTEM32\POWRPROF.dll
0x00007ffcfc0c0000 - 0x00007ffcfc0e7000 	C:\Windows\SYSTEM32\WINMM.dll
0x00007ffcfc0b0000 - 0x00007ffcfc0ba000 	C:\Windows\SYSTEM32\VERSION.dll
0x00007ffd053d0000 - 0x00007ffd053e2000 	C:\Windows\SYSTEM32\UMPDC.dll
0x00007ffd037f0000 - 0x00007ffd03802000 	C:\Windows\SYSTEM32\kernel.appcore.dll
0x00007ffcefb80000 - 0x00007ffcefb8a000 	C:\Program Files\Java\jdk-24\bin\jimage.dll
0x00007ffcfb970000 - 0x00007ffcfbb71000 	C:\Windows\SYSTEM32\DBGHELP.DLL
0x00007ffcef250000 - 0x00007ffcef284000 	C:\Windows\SYSTEM32\dbgcore.DLL
0x00007ffd061c0000 - 0x00007ffd06242000 	C:\Windows\System32\bcryptPrimitives.dll
0x00007ffcee750000 - 0x00007ffcee76e000 	C:\Program Files\Java\jdk-24\bin\java.dll
0x00007ffd07f00000 - 0x00007ffd0802b000 	C:\Windows\System32\ole32.dll
0x00007ffd07a50000 - 0x00007ffd07da4000 	C:\Windows\System32\combase.dll
0x00007ffd06b10000 - 0x00007ffd07280000 	C:\Windows\System32\SHELL32.dll
0x00007ffd03a10000 - 0x00007ffd041b5000 	C:\Windows\SYSTEM32\windows.storage.dll
0x00007ffd05250000 - 0x00007ffd0527b000 	C:\Windows\SYSTEM32\Wldp.dll
0x00007ffd06850000 - 0x00007ffd0691d000 	C:\Windows\System32\OLEAUT32.dll
0x00007ffd069a0000 - 0x00007ffd06a4d000 	C:\Windows\System32\SHCORE.dll
0x00007ffd07790000 - 0x00007ffd077eb000 	C:\Windows\System32\shlwapi.dll
0x00007ffd05910000 - 0x00007ffd05934000 	C:\Windows\SYSTEM32\profapi.dll
0x00007ffceed50000 - 0x00007ffceed60000 	C:\Program Files\Java\jdk-24\bin\net.dll
0x00007ffccf430000 - 0x00007ffccf507000 	C:\Program Files\Java\jdk-24\bin\jsvml.dll
0x00007ffd05030000 - 0x00007ffd0509a000 	C:\Windows\system32\mswsock.dll
0x00007ffcee730000 - 0x00007ffcee746000 	C:\Program Files\Java\jdk-24\bin\nio.dll
0x00007ffcee710000 - 0x00007ffcee727000 	C:\Program Files\Java\jdk-24\bin\zip.dll
0x00007ffccf400000 - 0x00007ffccf424000 	C:\Users\Isidora\AppData\Local\Temp\jansi-2.4.2-220422f5e0a29131-jansi.dll
0x00007ffcff180000 - 0x00007ffcff190000 	C:\Program Files\Java\jdk-24\bin\verify.dll

JVMTI agents: none

dbghelp: loaded successfully - version: 4.0.5 - missing functions: none
symbol engine: initialized successfully - sym options: 0x614 - pdb path: .;C:\Program Files\Java\jdk-24\bin;C:\Windows\SYSTEM32;C:\Windows\WinSxS\amd64_microsoft.windows.common-controls_6595b64144ccf1df_6.0.19041.6456_none_60b8a6cb71f64256;C:\Program Files\Java\jdk-24\bin\server;C:\Users\Isidora\AppData\Local\Temp

VM Arguments:
jvm_args: -Dmaven.multiModuleProjectDirectory=C:\Users\Isidora\Desktop\mas\sep\sep\backend\psp -Djansi.passthrough=true -Dmaven.home=C:\Users\Isidora\.m2\wrapper\dists\apache-maven-3.9.12-bin\5nmfsn99br87k5d4ajlekdq10k\apache-maven-3.9.12 -Dclassworlds.conf=C:\Users\Isidora\.m2\wrapper\dists\apache-maven-3.9.12-bin\5nmfsn99br87k5d4ajlekdq10k\apache-maven-3.9.12\bin\m2.conf -Dmaven.ext.class.path=C:\Program Files\JetBrains\IntelliJ IDEA 2024.2.4\plugins\maven\lib\maven-event-listener.jar -Dfile.encoding=UTF-8 -Dsun.stdout.encoding=UTF-8 -Dsun.stderr.encoding=UTF-8 
java_command: org.codehaus.classworlds.Launcher -Didea.version=2024.2.4 install
java_class_path (initial): C:\Users\Isidora\.m2\wrapper\dists\apache-maven-3.9.12-bin\5nmfsn99br87k5d4ajlekdq10k\apache-maven-3.9.12\boot\plexus-classworlds-2.9.0.jar;C:\Users\Isidora\.m2\wrapper\dists\apache-maven-3.9.12-bin\5nmfsn99br87k5d4ajlekdq10k\apache-maven-3.9.12\boot\plexus-classworlds.license
Launcher Type: SUN_STANDARD

[Global flags]
     intx CICompilerCount                          = 4                                         {product} {ergonomic}
     uint ConcGCThreads                            = 2                                         {product} {ergonomic}
     uint G1ConcRefinementThreads                  = 8                                         {product} {ergonomic}
   size_t G1HeapRegionSize                         = 1048576                                   {product} {ergonomic}
   size_t InitialHeapSize                          = 123731968                                 {product} {ergonomic}
   size_t MarkStackSize                            = 4194304                                   {product} {ergonomic}
   size_t MarkStackSizeMax                         = 536870912                                 {product} {ergonomic}
   size_t MaxHeapSize                              = 1977614336                                {product} {ergonomic}
   size_t MaxNewSize                               = 1185939456                                {product} {ergonomic}
   size_t MinHeapDeltaBytes                        = 1048576                                   {product} {ergonomic}
   size_t MinHeapSize                              = 8388608                                   {product} {ergonomic}
    uintx NonNMethodCodeHeapSize                   = 5832704                                {pd product} {ergonomic}
    uintx NonProfiledCodeHeapSize                  = 122945536                              {pd product} {ergonomic}
    uintx ProfiledCodeHeapSize                     = 122880000                              {pd product} {ergonomic}
    uintx ReservedCodeCacheSize                    = 251658240                              {pd product} {ergonomic}
     bool SegmentedCodeCache                       = true                                      {product} {ergonomic}
   size_t SoftMaxHeapSize                          = 1977614336                             {manageable} {ergonomic}
     bool UseCompressedOops                        = true                           {product lp64_product} {ergonomic}
     bool UseG1GC                                  = true                                      {product} {ergonomic}
     bool UseLargePagesIndividualAllocation        = false                                  {pd product} {ergonomic}

Logging:
Log output configuration:
 #0: stdout all=warning uptime,level,tags foldmultilines=false
 #1: stderr all=off uptime,level,tags foldmultilines=false

Environment Variables:
PATH=C:\Program Files\Common Files\Oracle\Java\javapath;C:\Windows\system32;C:\Windows;C:\Windows\System32\Wbem;C:\Windows\System32\WindowsPowerShell\v1.0\;C:\Windows\System32\OpenSSH\;C:\Program Files\Microsoft SQL Server\150\Tools\Binn\;C:\Program Files\Microsoft SQL Server\Client SDK\ODBC\170\Tools\Binn\;C:\Program Files\dotnet\;C:\Program Files\nodejs\;C:\ProgramData\chocolatey\bin;C:\Program Files (x86)\Windows Kits\10\Windows Performance Toolkit\;C:\Users\Isidora\Downloads\curl-8.14.1_1-win64-mingw\bin;C:\maven-mvnd-1.0.2-windows-amd64\bin;C:\Program Files\Git\cmd;C:\Program Files\Docker\Docker\resources\bin;C:\Users\Isidora\AppData\Local\Programs\Python\Python311\Scripts\;C:\Users\Isidora\AppData\Local\Programs\Python\Python311\;C:\Users\Isidora\AppData\Local\Microsoft\WindowsApps;C:\Users\Isidora\AppData\Local\Programs\Microsoft VS Code\bin;C:\Users\Isidora\.dotnet\tools;C:\Users\Isidora\AppData\Local\Microsoft\WinGet\Packages\Schniz.fnm_Microsoft.Winget.Source_8wekyb3d8bbwe;C:\Users\Isidora\AppData\Roaming\npm;C:\Program Files\JetBrains\IntelliJ IDEA 2024.2.4\bin;
USERNAME=Isidora
OS=Windows_NT
PROCESSOR_IDENTIFIER=AMD64 Family 23 Model 96 Stepping 1, AuthenticAMD
TMP=C:\Users\Isidora\AppData\Local\Temp
TEMP=C:\Users\Isidora\AppData\Local\Temp




Periodic native trim disabled

---------------  S Y S T E M  ---------------

OS:
 Windows 10 , 64 bit Build 19041 (10.0.19041.5915)
OS uptime: 10 days 15:21 hours
Hyper-V role detected

CPU: total 8 (initial active 8) (8 cores per cpu, 1 threads per core) family 23 model 96 stepping 1 microcode 0x0, cx8, cmov, fxsr, mmx, 3dnowpref, sse, sse2, sse3, ssse3, sse4a, sse4.1, sse4.2, popcnt, lzcnt, tsc, tscinvbit, avx, avx2, aes, clmul, bmi1, bmi2, adx, sha, fma, vzeroupper, clflush, clflushopt, hv, rdtscp, rdpid, f16c
Processor Information for the first 8 processors :
  Max Mhz: 2000, Current Mhz: 2000, Mhz Limit: 2000

Memory: 4k page, system-wide physical 7541M (64M free)
TotalPageFile size 31093M (AvailPageFile size 3M)
current process WorkingSet (physical memory assigned to process): 67M, peak: 67M
current process commit charge ("private bytes"): 217M, peak: 219M

vm_info: Java HotSpot(TM) 64-Bit Server VM (24.0.2+12-54) for windows-amd64 JRE (24.0.2+12-54), built on 2025-07-08T12:10:27Z with MS VC++ 17.6 (VS2022)

END.
