#
# There is insufficient memory for the Java Runtime Environment to continue.
# Native memory allocation (malloc) failed to allocate 3515216 bytes. Error detail: Chunk::new
# Possible reasons:
#   The system is out of physical RAM or swap space
#   This process is running with CompressedOops enabled, and the Java Heap may be blocking the growth of the native heap
# Possible solutions:
#   Reduce memory load on the system
#   Increase physical memory or swap space
#   Check if swap backing store is full
#   Decrease Java heap size (-Xmx/-Xms)
#   Decrease number of Java threads
#   Decrease Java thread stack sizes (-Xss)
#   Set larger code cache with -XX:ReservedCodeCacheSize=
#   JVM is running with Unscaled Compressed Oops mode in which the Java heap is
#     placed in the first 4GB address space. The Java Heap base address is the
#     maximum limit for the native heap growth. Please use -XX:HeapBaseMinAddress
#     to set the Java Heap base and to place the Java Heap above 4GB virtual address.
# This output file may be truncated or incomplete.
#
#  Out of Memory Error (arena.cpp:162), pid=22844, tid=23040
#
# JRE version: Java(TM) SE Runtime Environment (24.0.2+12) (build 24.0.2+12-54)
# Java VM: Java HotSpot(TM) 64-Bit Server VM (24.0.2+12-54, mixed mode, sharing, tiered, compressed oops, compressed class ptrs, g1 gc, windows-amd64)
# No core dump will be written. Minidumps are not enabled by default on client versions of Windows
#

---------------  S U M M A R Y ------------

Command Line: -Dmaven.multiModuleProjectDirectory=C:\Users\Isidora\Desktop\mas\sep\sep\backend\psp -Djansi.passthrough=true -Dmaven.home=C:\Users\Isidora\.m2\wrapper\dists\apache-maven-3.9.12-bin\5nmfsn99br87k5d4ajlekdq10k\apache-maven-3.9.12 -Dclassworlds.conf=C:\Users\Isidora\.m2\wrapper\dists\apache-maven-3.9.12-bin\5nmfsn99br87k5d4ajlekdq10k\apache-maven-3.9.12\bin\m2.conf -Dmaven.ext.class.path=C:\Program Files\JetBrains\IntelliJ IDEA 2024.2.4\plugins\maven\lib\maven-event-listener.jar -Dfile.encoding=UTF-8 -Dsun.stdout.encoding=UTF-8 -Dsun.stderr.encoding=UTF-8 org.codehaus.classworlds.Launcher -Didea.version=2024.2.4 install

Host: AMD Ryzen 7 4700U with Radeon Graphics         , 8 cores, 7G,  Windows 10 , 64 bit Build 19041 (10.0.19041.5915)
Time: Sun Jan  4 13:32:21 2026 Central Europe Standard Time elapsed time: 101.478209 seconds (0d 0h 1m 41s)

---------------  T H R E A D  ---------------

Current thread (0x00000264c47a2f20):  JavaThread "C2 CompilerThread0" daemon [_thread_in_native, id=23040, stack(0x000000d899e00000,0x000000d899f00000) (1024K)]


Current CompileTask:
C2:101478 5168   !   4       java.lang.String::<init> (852 bytes)

Stack: [0x000000d899e00000,0x000000d899f00000]
Native frames: (J=compiled Java code, j=interpreted, Vv=VM code, C=native code)
V  [jvm.dll+0x730829]  (no source info available)
V  [jvm.dll+0x8d9da3]  (no source info available)
V  [jvm.dll+0x8dc28d]  (no source info available)
V  [jvm.dll+0x8dc903]  (no source info available)
V  [jvm.dll+0x2a9f56]  (no source info available)
V  [jvm.dll+0xced7f]  (no source info available)
V  [jvm.dll+0xcefdf]  (no source info available)
V  [jvm.dll+0x154c83]  (no source info available)
V  [jvm.dll+0x73604f]  (no source info available)
V  [jvm.dll+0x26f8dc]  (no source info available)
V  [jvm.dll+0x26e8ff]  (no source info available)
V  [jvm.dll+0x1e9c90]  (no source info available)
V  [jvm.dll+0x27e0cb]  (no source info available)
V  [jvm.dll+0x27c36a]  (no source info available)
V  [jvm.dll+0x42f396]  (no source info available)
V  [jvm.dll+0x87d9eb]  (no source info available)
V  [jvm.dll+0x72ef45]  (no source info available)
C  [ucrtbase.dll+0x21bb2]  (no source info available)
C  [KERNEL32.DLL+0x17374]  (no source info available)
C  [ntdll.dll+0x4cc91]  (no source info available)

Lock stack of current Java thread (top to bottom):


---------------  P R O C E S S  ---------------

Threads class SMR info:
_java_thread_list=0x000002650a799ce0, length=12, elements={
0x00000264a7cce2b0, 0x00000264c4799b40, 0x00000264c479a3e0, 0x00000264c479bf20,
0x00000264c479ca50, 0x00000264c479d580, 0x00000264c47a20c0, 0x00000264c47a2f20,
0x00000264c47d6760, 0x00000264c47e6a60, 0x00000264c47e81c0, 0x000002650ae272b0
}

Java Threads: ( => current thread )
  0x00000264a7cce2b0 JavaThread "main"                              [_thread_in_vm, id=25132, stack(0x000000d899000000,0x000000d899100000) (1024K)]
  0x00000264c4799b40 JavaThread "Reference Handler"          daemon [_thread_blocked, id=11448, stack(0x000000d899800000,0x000000d899900000) (1024K)]
  0x00000264c479a3e0 JavaThread "Finalizer"                  daemon [_thread_blocked, id=5080, stack(0x000000d899900000,0x000000d899a00000) (1024K)]
  0x00000264c479bf20 JavaThread "Signal Dispatcher"          daemon [_thread_blocked, id=14404, stack(0x000000d899a00000,0x000000d899b00000) (1024K)]
  0x00000264c479ca50 JavaThread "Attach Listener"            daemon [_thread_blocked, id=22596, stack(0x000000d899b00000,0x000000d899c00000) (1024K)]
  0x00000264c479d580 JavaThread "Service Thread"             daemon [_thread_blocked, id=8080, stack(0x000000d899c00000,0x000000d899d00000) (1024K)]
  0x00000264c47a20c0 JavaThread "Monitor Deflation Thread"   daemon [_thread_blocked, id=22736, stack(0x000000d899d00000,0x000000d899e00000) (1024K)]
=>0x00000264c47a2f20 JavaThread "C2 CompilerThread0"         daemon [_thread_in_native, id=23040, stack(0x000000d899e00000,0x000000d899f00000) (1024K)]
  0x00000264c47d6760 JavaThread "C1 CompilerThread0"         daemon [_thread_blocked, id=21020, stack(0x000000d899f00000,0x000000d89a000000) (1024K)]
  0x00000264c47e6a60 JavaThread "Notification Thread"        daemon [_thread_blocked, id=24400, stack(0x000000d89a000000,0x000000d89a100000) (1024K)]
  0x00000264c47e81c0 JavaThread "Common-Cleaner"             daemon [_thread_blocked, id=23944, stack(0x000000d89a100000,0x000000d89a200000) (1024K)]
  0x000002650ae272b0 JavaThread "Thread-1"                   daemon [_thread_blocked, id=17120, stack(0x000000d89a200000,0x000000d89a300000) (1024K)]
Total: 12

Other Threads:
  0x00000264c478d9a0 VMThread "VM Thread"                           [id=22740, stack(0x000000d899700000,0x000000d899800000) (1024K)]
  0x00000264c477c380 WatcherThread "VM Periodic Task Thread"        [id=22836, stack(0x000000d899600000,0x000000d899700000) (1024K)]
  0x00000264a7d24430 WorkerThread "GC Thread#0"                     [id=23620, stack(0x000000d899100000,0x000000d899200000) (1024K)]
  0x000002650a933970 WorkerThread "GC Thread#1"                     [id=20976, stack(0x000000d89a300000,0x000000d89a400000) (1024K)]
  0x000002650a933d20 WorkerThread "GC Thread#2"                     [id=23932, stack(0x000000d89a400000,0x000000d89a500000) (1024K)]
  0x000002650a0a6140 WorkerThread "GC Thread#3"                     [id=23896, stack(0x000000d89a500000,0x000000d89a600000) (1024K)]
  0x000002650a0afb90 WorkerThread "GC Thread#4"                     [id=24968, stack(0x000000d89a600000,0x000000d89a700000) (1024K)]
  0x000002650a383550 WorkerThread "GC Thread#5"                     [id=7840, stack(0x000000d89a700000,0x000000d89a800000) (1024K)]
  0x000002650a383900 WorkerThread "GC Thread#6"                     [id=24992, stack(0x000000d89a800000,0x000000d89a900000) (1024K)]
  0x000002650a384060 WorkerThread "GC Thread#7"                     [id=11624, stack(0x000000d89a900000,0x000000d89aa00000) (1024K)]
  0x00000264a7d38f40 ConcurrentGCThread "G1 Main Marker"            [id=22848, stack(0x000000d899200000,0x000000d899300000) (1024K)]
  0x00000264a7d39a50 WorkerThread "G1 Conc#0"                       [id=3404, stack(0x000000d899300000,0x000000d899400000) (1024K)]
  0x00000264c46430d0 ConcurrentGCThread "G1 Refine#0"               [id=24220, stack(0x000000d899400000,0x000000d899500000) (1024K)]
  0x00000264a7d9dc70 ConcurrentGCThread "G1 Service"                [id=22896, stack(0x000000d899500000,0x000000d899600000) (1024K)]
Total: 14

Threads with active compile tasks:
C2 CompilerThread0  101642 5168   !   4       java.lang.String::<init> (852 bytes)
Total: 1

VM state: not at safepoint (normal execution)

VM Mutex/Monitor currently owned by a thread: None

Heap address: 0x000000008a200000, size: 1886 MB, Compressed Oops mode: 32-bit

CDS archive(s) mapped at: [0x00000264c5000000-0x00000264c5d40000-0x00000264c5d40000), size 13893632, SharedBaseAddress: 0x00000264c5000000, ArchiveRelocationMode: 1.
Compressed class space mapped at: 0x00000264c6000000-0x0000026506000000, reserved size: 1073741824
UseCompressedClassPointers 1, UseCompactObjectHeaders 0
Narrow klass pointer bits 32, Max shift 3
Narrow klass base: 0x00000264c5000000, Narrow klass shift: 0
Encoding Range: [0x00000264c5000000 - 0x00000265c5000000), (4294967296 bytes)
Klass Range:    [0x00000264c5000000 - 0x0000026506000000), (1090519040 bytes)
Klass ID Range:  [8 - 1090519033) (1090519025)

GC Precious Log:
 CardTable entry size: 512
 Card Set container configuration: InlinePtr #cards 5 size 8 Array Of Cards #cards 10 size 36 Howl #buckets 4 coarsen threshold 1843 Howl Bitmap #cards 512 size 80 coarsen threshold 460 Card regions per heap region 1 cards per card region 2048
 CPUs: 8 total, 8 available
 Memory: 7541M
 Large Page Support: Disabled
 NUMA Support: Disabled
 Compressed Oops: Enabled (32-bit)
 Heap Region Size: 1M
 Heap Min Capacity: 8M
 Heap Initial Capacity: 118M
 Heap Max Capacity: 1886M
 Pre-touch: Disabled
 Parallel Workers: 8
 Concurrent Workers: 2
 Concurrent Refinement Workers: 8
 Periodic GC: Disabled

Heap:
 garbage-first heap   total reserved 1931264K, committed 122880K, used 69748K [0x000000008a200000, 0x0000000100000000)
  region size 1024K, 26 young (26624K), 4 survivors (4096K)
 Metaspace       used 17507K, committed 17792K, reserved 1114112K
  class space    used 1653K, committed 1792K, reserved 1048576K

Heap Regions: E=young(eden), S=young(survivor), O=old, HS=humongous(starts), HC=humongous(continues), CS=collection set, F=free, TAMS=top-at-mark-start, PB=parsable bottom
|   0|0x000000008a200000, 0x000000008a300000, 0x000000008a300000|100%| O|  |TAMS 0x000000008a200000| PB 0x000000008a200000| Untracked |  0
|   1|0x000000008a300000, 0x000000008a400000, 0x000000008a400000|100%| O|  |TAMS 0x000000008a300000| PB 0x000000008a300000| Untracked |  0
|   2|0x000000008a400000, 0x000000008a500000, 0x000000008a500000|100%| O|  |TAMS 0x000000008a400000| PB 0x000000008a400000| Untracked |  0
|   3|0x000000008a500000, 0x000000008a600000, 0x000000008a600000|100%| O|  |TAMS 0x000000008a500000| PB 0x000000008a500000| Untracked |  0
|   4|0x000000008a600000, 0x000000008a700000, 0x000000008a700000|100%| O|  |TAMS 0x000000008a600000| PB 0x000000008a600000| Untracked |  0
|   5|0x000000008a700000, 0x000000008a800000, 0x000000008a800000|100%| O|  |TAMS 0x000000008a700000| PB 0x000000008a700000| Untracked |  0
|   6|0x000000008a800000, 0x000000008a900000, 0x000000008a900000|100%| O|  |TAMS 0x000000008a800000| PB 0x000000008a800000| Untracked |  0
|   7|0x000000008a900000, 0x000000008aa00000, 0x000000008aa00000|100%| O|  |TAMS 0x000000008a900000| PB 0x000000008a900000| Untracked |  0
|   8|0x000000008aa00000, 0x000000008ab00000, 0x000000008ab00000|100%| O|  |TAMS 0x000000008aa00000| PB 0x000000008aa00000| Untracked |  0
|   9|0x000000008ab00000, 0x000000008ac00000, 0x000000008ac00000|100%| O|  |TAMS 0x000000008ab00000| PB 0x000000008ab00000| Untracked |  0
|  10|0x000000008ac00000, 0x000000008ad00000, 0x000000008ad00000|100%|HS|  |TAMS 0x000000008ac00000| PB 0x000000008ac00000| Complete |  0
|  11|0x000000008ad00000, 0x000000008ae00000, 0x000000008ae00000|100%|HC|  |TAMS 0x000000008ad00000| PB 0x000000008ad00000| Complete |  0
|  12|0x000000008ae00000, 0x000000008af00000, 0x000000008af00000|100%|HC|  |TAMS 0x000000008ae00000| PB 0x000000008ae00000| Complete |  0
|  13|0x000000008af00000, 0x000000008b000000, 0x000000008b000000|100%|HC|  |TAMS 0x000000008af00000| PB 0x000000008af00000| Complete |  0
|  14|0x000000008b000000, 0x000000008b100000, 0x000000008b100000|100%|HC|  |TAMS 0x000000008b000000| PB 0x000000008b000000| Complete |  0
|  15|0x000000008b100000, 0x000000008b200000, 0x000000008b200000|100%|HC|  |TAMS 0x000000008b100000| PB 0x000000008b100000| Complete |  0
|  16|0x000000008b200000, 0x000000008b300000, 0x000000008b300000|100%|HC|  |TAMS 0x000000008b200000| PB 0x000000008b200000| Complete |  0
|  17|0x000000008b300000, 0x000000008b400000, 0x000000008b400000|100%|HC|  |TAMS 0x000000008b300000| PB 0x000000008b300000| Complete |  0
|  18|0x000000008b400000, 0x000000008b500000, 0x000000008b500000|100%|HS|  |TAMS 0x000000008b400000| PB 0x000000008b400000| Complete |  0
|  19|0x000000008b500000, 0x000000008b600000, 0x000000008b600000|100%|HC|  |TAMS 0x000000008b500000| PB 0x000000008b500000| Complete |  0
|  20|0x000000008b600000, 0x000000008b700000, 0x000000008b700000|100%|HC|  |TAMS 0x000000008b600000| PB 0x000000008b600000| Complete |  0
|  21|0x000000008b700000, 0x000000008b800000, 0x000000008b800000|100%|HC|  |TAMS 0x000000008b700000| PB 0x000000008b700000| Complete |  0
|  22|0x000000008b800000, 0x000000008b900000, 0x000000008b900000|100%|HC|  |TAMS 0x000000008b800000| PB 0x000000008b800000| Complete |  0
|  23|0x000000008b900000, 0x000000008ba00000, 0x000000008ba00000|100%|HC|  |TAMS 0x000000008b900000| PB 0x000000008b900000| Complete |  0
|  24|0x000000008ba00000, 0x000000008bb00000, 0x000000008bb00000|100%|HC|  |TAMS 0x000000008ba00000| PB 0x000000008ba00000| Complete |  0
|  25|0x000000008bb00000, 0x000000008bc00000, 0x000000008bc00000|100%|HC|  |TAMS 0x000000008bb00000| PB 0x000000008bb00000| Complete |  0
|  26|0x000000008bc00000, 0x000000008bd00000, 0x000000008bd00000|100%|HC|  |TAMS 0x000000008bc00000| PB 0x000000008bc00000| Complete |  0
|  27|0x000000008bd00000, 0x000000008be00000, 0x000000008be00000|100%|HC|  |TAMS 0x000000008bd00000| PB 0x000000008bd00000| Complete |  0
|  28|0x000000008be00000, 0x000000008bf00000, 0x000000008bf00000|100%|HC|  |TAMS 0x000000008be00000| PB 0x000000008be00000| Complete |  0
|  29|0x000000008bf00000, 0x000000008c000000, 0x000000008c000000|100%|HC|  |TAMS 0x000000008bf00000| PB 0x000000008bf00000| Complete |  0
|  30|0x000000008c000000, 0x000000008c100000, 0x000000008c100000|100%|HS|  |TAMS 0x000000008c000000| PB 0x000000008c000000| Complete |  0
|  31|0x000000008c100000, 0x000000008c200000, 0x000000008c200000|100%|HC|  |TAMS 0x000000008c100000| PB 0x000000008c100000| Complete |  0
|  32|0x000000008c200000, 0x000000008c300000, 0x000000008c300000|100%|HC|  |TAMS 0x000000008c200000| PB 0x000000008c200000| Complete |  0
|  33|0x000000008c300000, 0x000000008c400000, 0x000000008c400000|100%|HC|  |TAMS 0x000000008c300000| PB 0x000000008c300000| Complete |  0
|  34|0x000000008c400000, 0x000000008c500000, 0x000000008c500000|100%|HC|  |TAMS 0x000000008c400000| PB 0x000000008c400000| Complete |  0
|  35|0x000000008c500000, 0x000000008c600000, 0x000000008c600000|100%|HC|  |TAMS 0x000000008c500000| PB 0x000000008c500000| Complete |  0
|  36|0x000000008c600000, 0x000000008c700000, 0x000000008c700000|100%|HC|  |TAMS 0x000000008c600000| PB 0x000000008c600000| Complete |  0
|  37|0x000000008c700000, 0x000000008c800000, 0x000000008c800000|100%|HC|  |TAMS 0x000000008c700000| PB 0x000000008c700000| Complete |  0
|  38|0x000000008c800000, 0x000000008c900000, 0x000000008c900000|100%|HC|  |TAMS 0x000000008c800000| PB 0x000000008c800000| Complete |  0
|  39|0x000000008c900000, 0x000000008ca00000, 0x000000008ca00000|100%|HC|  |TAMS 0x000000008c900000| PB 0x000000008c900000| Complete |  0
|  40|0x000000008ca00000, 0x000000008cb00000, 0x000000008cb00000|100%|HC|  |TAMS 0x000000008ca00000| PB 0x000000008ca00000| Complete |  0
|  41|0x000000008cb00000, 0x000000008cc00000, 0x000000008cc00000|100%|HC|  |TAMS 0x000000008cb00000| PB 0x000000008cb00000| Complete |  0
|  42|0x000000008cc00000, 0x000000008cc00000, 0x000000008cd00000|  0%| F|  |TAMS 0x000000008cc00000| PB 0x000000008cc00000| Untracked |  0
|  43|0x000000008cd00000, 0x000000008cd00000, 0x000000008ce00000|  0%| F|  |TAMS 0x000000008cd00000| PB 0x000000008cd00000| Untracked |  0
|  44|0x000000008ce00000, 0x000000008ce00000, 0x000000008cf00000|  0%| F|  |TAMS 0x000000008ce00000| PB 0x000000008ce00000| Untracked |  0
|  45|0x000000008cf00000, 0x000000008cf00000, 0x000000008d000000|  0%| F|  |TAMS 0x000000008cf00000| PB 0x000000008cf00000| Untracked |  0
|  46|0x000000008d000000, 0x000000008d000000, 0x000000008d100000|  0%| F|  |TAMS 0x000000008d000000| PB 0x000000008d000000| Untracked |  0
|  47|0x000000008d100000, 0x000000008d100000, 0x000000008d200000|  0%| F|  |TAMS 0x000000008d100000| PB 0x000000008d100000| Untracked |  0
|  48|0x000000008d200000, 0x000000008d200000, 0x000000008d300000|  0%| F|  |TAMS 0x000000008d200000| PB 0x000000008d200000| Untracked |  0
|  49|0x000000008d300000, 0x000000008d300000, 0x000000008d400000|  0%| F|  |TAMS 0x000000008d300000| PB 0x000000008d300000| Untracked |  0
|  50|0x000000008d400000, 0x000000008d400000, 0x000000008d500000|  0%| F|  |TAMS 0x000000008d400000| PB 0x000000008d400000| Untracked |  0
|  51|0x000000008d500000, 0x000000008d600000, 0x000000008d600000|100%| S|CS|TAMS 0x000000008d500000| PB 0x000000008d500000| Complete |  0
|  52|0x000000008d600000, 0x000000008d700000, 0x000000008d700000|100%| S|CS|TAMS 0x000000008d600000| PB 0x000000008d600000| Complete |  0
|  53|0x000000008d700000, 0x000000008d800000, 0x000000008d800000|100%| S|CS|TAMS 0x000000008d700000| PB 0x000000008d700000| Complete |  0
|  54|0x000000008d800000, 0x000000008d900000, 0x000000008d900000|100%| S|CS|TAMS 0x000000008d800000| PB 0x000000008d800000| Complete |  0
|  55|0x000000008d900000, 0x000000008d900000, 0x000000008da00000|  0%| F|  |TAMS 0x000000008d900000| PB 0x000000008d900000| Untracked |  0
|  56|0x000000008da00000, 0x000000008da00000, 0x000000008db00000|  0%| F|  |TAMS 0x000000008da00000| PB 0x000000008da00000| Untracked |  0
|  57|0x000000008db00000, 0x000000008db00000, 0x000000008dc00000|  0%| F|  |TAMS 0x000000008db00000| PB 0x000000008db00000| Untracked |  0
|  58|0x000000008dc00000, 0x000000008dc00000, 0x000000008dd00000|  0%| F|  |TAMS 0x000000008dc00000| PB 0x000000008dc00000| Untracked |  0
|  59|0x000000008dd00000, 0x000000008dd00000, 0x000000008de00000|  0%| F|  |TAMS 0x000000008dd00000| PB 0x000000008dd00000| Untracked |  0
|  60|0x000000008de00000, 0x000000008de00000, 0x000000008df00000|  0%| F|  |TAMS 0x000000008de00000| PB 0x000000008de00000| Untracked |  0
|  61|0x000000008df00000, 0x000000008df00000, 0x000000008e000000|  0%| F|  |TAMS 0x000000008df00000| PB 0x000000008df00000| Untracked |  0
|  62|0x000000008e000000, 0x000000008e000000, 0x000000008e100000|  0%| F|  |TAMS 0x000000008e000000| PB 0x000000008e000000| Untracked |  0
|  63|0x000000008e100000, 0x000000008e100000, 0x000000008e200000|  0%| F|  |TAMS 0x000000008e100000| PB 0x000000008e100000| Untracked |  0
|  64|0x000000008e200000, 0x000000008e200000, 0x000000008e300000|  0%| F|  |TAMS 0x000000008e200000| PB 0x000000008e200000| Untracked |  0
|  65|0x000000008e300000, 0x000000008e300000, 0x000000008e400000|  0%| F|  |TAMS 0x000000008e300000| PB 0x000000008e300000| Untracked |  0
|  66|0x000000008e400000, 0x000000008e400000, 0x000000008e500000|  0%| F|  |TAMS 0x000000008e400000| PB 0x000000008e400000| Untracked |  0
|  67|0x000000008e500000, 0x000000008e500000, 0x000000008e600000|  0%| F|  |TAMS 0x000000008e500000| PB 0x000000008e500000| Untracked |  0
|  68|0x000000008e600000, 0x000000008e600000, 0x000000008e700000|  0%| F|  |TAMS 0x000000008e600000| PB 0x000000008e600000| Untracked |  0
|  69|0x000000008e700000, 0x000000008e700000, 0x000000008e800000|  0%| F|  |TAMS 0x000000008e700000| PB 0x000000008e700000| Untracked |  0
|  70|0x000000008e800000, 0x000000008e800000, 0x000000008e900000|  0%| F|  |TAMS 0x000000008e800000| PB 0x000000008e800000| Untracked |  0
|  71|0x000000008e900000, 0x000000008e900000, 0x000000008ea00000|  0%| F|  |TAMS 0x000000008e900000| PB 0x000000008e900000| Untracked |  0
|  72|0x000000008ea00000, 0x000000008ea00000, 0x000000008eb00000|  0%| F|  |TAMS 0x000000008ea00000| PB 0x000000008ea00000| Untracked |  0
|  73|0x000000008eb00000, 0x000000008eb00000, 0x000000008ec00000|  0%| F|  |TAMS 0x000000008eb00000| PB 0x000000008eb00000| Untracked |  0
|  74|0x000000008ec00000, 0x000000008ec00000, 0x000000008ed00000|  0%| F|  |TAMS 0x000000008ec00000| PB 0x000000008ec00000| Untracked |  0
|  75|0x000000008ed00000, 0x000000008ed00000, 0x000000008ee00000|  0%| F|  |TAMS 0x000000008ed00000| PB 0x000000008ed00000| Untracked |  0
|  76|0x000000008ee00000, 0x000000008ee00000, 0x000000008ef00000|  0%| F|  |TAMS 0x000000008ee00000| PB 0x000000008ee00000| Untracked |  0
|  77|0x000000008ef00000, 0x000000008ef00000, 0x000000008f000000|  0%| F|  |TAMS 0x000000008ef00000| PB 0x000000008ef00000| Untracked |  0
|  78|0x000000008f000000, 0x000000008f000000, 0x000000008f100000|  0%| F|  |TAMS 0x000000008f000000| PB 0x000000008f000000| Untracked |  0
|  79|0x000000008f100000, 0x000000008f100000, 0x000000008f200000|  0%| F|  |TAMS 0x000000008f100000| PB 0x000000008f100000| Untracked |  0
|  80|0x000000008f200000, 0x000000008f200000, 0x000000008f300000|  0%| F|  |TAMS 0x000000008f200000| PB 0x000000008f200000| Untracked |  0
|  81|0x000000008f300000, 0x000000008f300000, 0x000000008f400000|  0%| F|  |TAMS 0x000000008f300000| PB 0x000000008f300000| Untracked |  0
|  82|0x000000008f400000, 0x000000008f400000, 0x000000008f500000|  0%| F|  |TAMS 0x000000008f400000| PB 0x000000008f400000| Untracked |  0
|  83|0x000000008f500000, 0x000000008f500000, 0x000000008f600000|  0%| F|  |TAMS 0x000000008f500000| PB 0x000000008f500000| Untracked |  0
|  84|0x000000008f600000, 0x000000008f600000, 0x000000008f700000|  0%| F|  |TAMS 0x000000008f600000| PB 0x000000008f600000| Untracked |  0
|  85|0x000000008f700000, 0x000000008f700000, 0x000000008f800000|  0%| F|  |TAMS 0x000000008f700000| PB 0x000000008f700000| Untracked |  0
|  86|0x000000008f800000, 0x000000008f800000, 0x000000008f900000|  0%| F|  |TAMS 0x000000008f800000| PB 0x000000008f800000| Untracked |  0
|  87|0x000000008f900000, 0x000000008f900000, 0x000000008fa00000|  0%| F|  |TAMS 0x000000008f900000| PB 0x000000008f900000| Untracked |  0
|  88|0x000000008fa00000, 0x000000008fa00000, 0x000000008fb00000|  0%| F|  |TAMS 0x000000008fa00000| PB 0x000000008fa00000| Untracked |  0
|  89|0x000000008fb00000, 0x000000008fb00000, 0x000000008fc00000|  0%| F|  |TAMS 0x000000008fb00000| PB 0x000000008fb00000| Untracked |  0
|  90|0x000000008fc00000, 0x000000008fc00000, 0x000000008fd00000|  0%| F|  |TAMS 0x000000008fc00000| PB 0x000000008fc00000| Untracked |  0
|  91|0x000000008fd00000, 0x000000008fd00000, 0x000000008fe00000|  0%| F|  |TAMS 0x000000008fd00000| PB 0x000000008fd00000| Untracked |  0
|  92|0x000000008fe00000, 0x000000008fe00000, 0x000000008ff00000|  0%| F|  |TAMS 0x000000008fe00000| PB 0x000000008fe00000| Untracked |  0
|  93|0x000000008ff00000, 0x000000008ff00000, 0x0000000090000000|  0%| F|  |TAMS 0x000000008ff00000| PB 0x000000008ff00000| Untracked |  0
|  94|0x0000000090000000, 0x0000000090000000, 0x0000000090100000|  0%| F|  |TAMS 0x0000000090000000| PB 0x0000000090000000| Untracked |  0
|  95|0x0000000090100000, 0x0000000090100000, 0x0000000090200000|  0%| F|  |TAMS 0x0000000090100000| PB 0x0000000090100000| Untracked |  0
|  96|0x0000000090200000, 0x0000000090280000, 0x0000000090300000| 50%| E|  |TAMS 0x0000000090200000| PB 0x0000000090200000| Complete |  0
|  97|0x0000000090300000, 0x0000000090400000, 0x0000000090400000|100%| E|CS|TAMS 0x0000000090300000| PB 0x0000000090300000| Complete |  0
|  98|0x0000000090400000, 0x0000000090500000, 0x0000000090500000|100%| E|CS|TAMS 0x0000000090400000| PB 0x0000000090400000| Complete |  0
|  99|0x0000000090500000, 0x0000000090600000, 0x0000000090600000|100%| E|CS|TAMS 0x0000000090500000| PB 0x0000000090500000| Complete |  0
| 100|0x0000000090600000, 0x0000000090700000, 0x0000000090700000|100%| E|CS|TAMS 0x0000000090600000| PB 0x0000000090600000| Complete |  0
| 101|0x0000000090700000, 0x0000000090800000, 0x0000000090800000|100%| E|CS|TAMS 0x0000000090700000| PB 0x0000000090700000| Complete |  0
| 102|0x0000000090800000, 0x0000000090900000, 0x0000000090900000|100%| E|CS|TAMS 0x0000000090800000| PB 0x0000000090800000| Complete |  0
| 103|0x0000000090900000, 0x0000000090a00000, 0x0000000090a00000|100%| E|CS|TAMS 0x0000000090900000| PB 0x0000000090900000| Complete |  0
| 104|0x0000000090a00000, 0x0000000090b00000, 0x0000000090b00000|100%| E|CS|TAMS 0x0000000090a00000| PB 0x0000000090a00000| Complete |  0
| 105|0x0000000090b00000, 0x0000000090c00000, 0x0000000090c00000|100%| E|CS|TAMS 0x0000000090b00000| PB 0x0000000090b00000| Complete |  0
| 106|0x0000000090c00000, 0x0000000090d00000, 0x0000000090d00000|100%| E|CS|TAMS 0x0000000090c00000| PB 0x0000000090c00000| Complete |  0
| 107|0x0000000090d00000, 0x0000000090e00000, 0x0000000090e00000|100%| E|CS|TAMS 0x0000000090d00000| PB 0x0000000090d00000| Complete |  0
| 108|0x0000000090e00000, 0x0000000090f00000, 0x0000000090f00000|100%| E|CS|TAMS 0x0000000090e00000| PB 0x0000000090e00000| Complete |  0
| 109|0x0000000090f00000, 0x0000000091000000, 0x0000000091000000|100%| E|CS|TAMS 0x0000000090f00000| PB 0x0000000090f00000| Complete |  0
| 110|0x0000000091000000, 0x0000000091100000, 0x0000000091100000|100%| E|CS|TAMS 0x0000000091000000| PB 0x0000000091000000| Complete |  0
| 111|0x0000000091100000, 0x0000000091200000, 0x0000000091200000|100%| E|CS|TAMS 0x0000000091100000| PB 0x0000000091100000| Complete |  0
| 112|0x0000000091200000, 0x0000000091300000, 0x0000000091300000|100%| E|CS|TAMS 0x0000000091200000| PB 0x0000000091200000| Complete |  0
| 113|0x0000000091300000, 0x0000000091400000, 0x0000000091400000|100%| E|CS|TAMS 0x0000000091300000| PB 0x0000000091300000| Complete |  0
| 114|0x0000000091400000, 0x0000000091500000, 0x0000000091500000|100%| E|CS|TAMS 0x0000000091400000| PB 0x0000000091400000| Complete |  0
| 115|0x0000000091500000, 0x0000000091600000, 0x0000000091600000|100%| E|CS|TAMS 0x0000000091500000| PB 0x0000000091500000| Complete |  0
| 116|0x0000000091600000, 0x0000000091700000, 0x0000000091700000|100%| E|CS|TAMS 0x0000000091600000| PB 0x0000000091600000| Complete |  0
| 117|0x0000000091700000, 0x0000000091800000, 0x0000000091800000|100%| E|CS|TAMS 0x0000000091700000| PB 0x0000000091700000| Complete |  0
|1884|0x00000000ffe00000, 0x00000000fff00000, 0x00000000fff00000|100%| O|  |TAMS 0x00000000ffe00000| PB 0x00000000ffe00000| Untracked |  0
|1885|0x00000000fff00000, 0x00000000fff1d248, 0x0000000100000000| 11%| O|  |TAMS 0x00000000fff00000| PB 0x00000000fff00000| Untracked |  0

Card table byte_map: [0x00000264bfc60000,0x00000264c0010000] _byte_map_base: 0x00000264bf80f000

Marking Bits: (CMBitMap*) 0x00000264a7d25f50
 Bits: [0x00000264c0010000, 0x00000264c1d88000)

Polling page: 0x00000264a5ba0000

Metaspace:

Usage:
  Non-class:     15.48 MB used.
      Class:      1.61 MB used.
       Both:     17.10 MB used.

Virtual space:
  Non-class space:       64.00 MB reserved,      15.62 MB ( 24%) committed,  1 nodes.
      Class space:        1.00 GB reserved,       1.75 MB ( <1%) committed,  1 nodes.
             Both:        1.06 GB reserved,      17.38 MB (  2%) committed. 

Chunk freelists:
   Non-Class:  15.59 MB
       Class:  14.21 MB
        Both:  29.81 MB

MaxMetaspaceSize: unlimited
CompressedClassSpaceSize: 1.00 GB
Initial GC threshold: 21.00 MB
Current GC threshold: 21.00 MB
CDS: on
 - commit_granule_bytes: 65536.
 - commit_granule_words: 8192.
 - virtual_space_node_default_size: 8388608.
 - enlarge_chunks_in_place: 1.
UseCompressedClassPointers 1, UseCompactObjectHeaders 0
Narrow klass pointer bits 32, Max shift 3
Narrow klass base: 0x00000264c5000000, Narrow klass shift: 0
Encoding Range: [0x00000264c5000000 - 0x00000265c5000000), (4294967296 bytes)
Klass Range:    [0x00000264c5000000 - 0x0000026506000000), (1090519040 bytes)
Klass ID Range:  [8 - 1090519033) (1090519025)


Internal statistics:

num_allocs_failed_limit: 0.
num_arena_births: 164.
num_arena_deaths: 0.
num_vsnodes_births: 2.
num_vsnodes_deaths: 0.
num_space_committed: 278.
num_space_uncommitted: 0.
num_chunks_returned_to_freelist: 0.
num_chunks_taken_from_freelist: 782.
num_chunk_merges: 0.
num_chunk_splits: 521.
num_chunks_enlarged: 410.
num_inconsistent_stats: 0.

CodeHeap 'non-profiled nmethods': size=120064Kb used=2063Kb max_used=2063Kb free=118000Kb
 bounds [0x00000264b8040000, 0x00000264b82b0000, 0x00000264bf580000]
CodeHeap 'profiled nmethods': size=120000Kb used=9250Kb max_used=9250Kb free=110749Kb
 bounds [0x00000264b0580000, 0x00000264b0e90000, 0x00000264b7ab0000]
CodeHeap 'non-nmethods': size=5696Kb used=1353Kb max_used=1477Kb free=4342Kb
 bounds [0x00000264b7ab0000, 0x00000264b7d20000, 0x00000264b8040000]
CodeCache: size=245760Kb, used=12666Kb, max_used=12790Kb, free=233091Kb
 total_blobs=5682, nmethods=5167, adapters=418, full_count=0
Compilation: enabled, stopped_count=0, restarted_count=0

Compilation events (20 events):
Event: 100.769 Thread 0x00000264c47d6760 nmethod 5159 0x00000264b0e82b88 code [0x00000264b0e82d60, 0x00000264b0e83758]
Event: 100.780 Thread 0x00000264c47d6760 5160       3       com.google.common.collect.RegularImmutableSet::iterator (5 bytes)
Event: 100.792 Thread 0x00000264c47d6760 nmethod 5160 0x00000264b0e83788 code [0x00000264b0e83920, 0x00000264b0e84090]
Event: 100.792 Thread 0x00000264c47d6760 5161       3       com.google.common.collect.RegularImmutableSet::iterator (8 bytes)
Event: 100.793 Thread 0x00000264c47d6760 nmethod 5161 0x00000264b0e84108 code [0x00000264b0e842a0, 0x00000264b0e84928]
Event: 100.794 Thread 0x00000264c47d6760 5162       3       java.util.jar.JarFile::<init> (95 bytes)
Event: 100.835 Thread 0x00000264c47d6760 nmethod 5162 0x00000264b0e84988 code [0x00000264b0e84be0, 0x00000264b0e860b0]
Event: 100.835 Thread 0x00000264c47d6760 5163       3       java.util.zip.ZipFile::<init> (10 bytes)
Event: 100.835 Thread 0x00000264c47d6760 nmethod 5163 0x00000264b0e86108 code [0x00000264b0e86220, 0x00000264b0e86360]
Event: 100.835 Thread 0x00000264c47d6760 5164       3       java.util.zip.ZipFile::<init> (122 bytes)
Event: 100.852 Thread 0x00000264c47d6760 nmethod 5164 0x00000264b0e86408 code [0x00000264b0e866a0, 0x00000264b0e878d0]
Event: 101.420 Thread 0x00000264c47d6760 5165       3       java.util.zip.ZipCoder$UTF8ZipCoder::toString (12 bytes)
Event: 101.421 Thread 0x00000264c47d6760 nmethod 5165 0x00000264b0e87988 code [0x00000264b0e87ac0, 0x00000264b0e87c70]
Event: 101.421 Thread 0x00000264c47d6760 5167       3       java.io.InputStream::readNBytes (53 bytes)
Event: 101.421 Thread 0x00000264c47d6760 nmethod 5167 0x00000264b0e87d08 code [0x00000264b0e87e60, 0x00000264b0e882f8]
Event: 101.421 Thread 0x00000264c47d6760 5166       3       java.util.zip.Inflater$InflaterZStreamRef::<init> (30 bytes)
Event: 101.422 Thread 0x00000264c47d6760 nmethod 5166 0x00000264b0e88388 code [0x00000264b0e884c0, 0x00000264b0e88800]
Event: 101.423 Thread 0x00000264c47a2f20 5168   !   4       java.lang.String::<init> (852 bytes)
Event: 101.450 Thread 0x00000264c47d6760 5170       3       java.io.OutputStream::<init> (5 bytes)
Event: 101.450 Thread 0x00000264c47d6760 nmethod 5170 0x00000264b0e88888 code [0x00000264b0e889a0, 0x00000264b0e88b00]

GC Heap History (6 events):
Event: 5.848 GC heap before
{Heap before GC invocations=0 (full 0):
 garbage-first heap   total reserved 1931264K, committed 122880K, used 49268K [0x000000008a200000, 0x0000000100000000)
  region size 1024K, 47 young (48128K), 0 survivors (0K)
 Metaspace       used 9235K, committed 9472K, reserved 1114112K
  class space    used 827K, committed 960K, reserved 1048576K
}
Event: 5.859 GC heap after
{Heap after GC invocations=1 (full 0):
 garbage-first heap   total reserved 1931264K, committed 122880K, used 5492K [0x000000008a200000, 0x0000000100000000)
  region size 1024K, 5 young (5120K), 5 survivors (5120K)
 Metaspace       used 9235K, committed 9472K, reserved 1114112K
  class space    used 827K, committed 960K, reserved 1048576K
}
Event: 14.953 GC heap before
{Heap before GC invocations=1 (full 0):
 garbage-first heap   total reserved 1931264K, committed 122880K, used 57716K [0x000000008a200000, 0x0000000100000000)
  region size 1024K, 56 young (57344K), 5 survivors (5120K)
 Metaspace       used 15347K, committed 15616K, reserved 1114112K
  class space    used 1495K, committed 1600K, reserved 1048576K
}
Event: 14.976 GC heap after
{Heap after GC invocations=2 (full 0):
 garbage-first heap   total reserved 1931264K, committed 122880K, used 11884K [0x000000008a200000, 0x0000000100000000)
  region size 1024K, 7 young (7168K), 7 survivors (7168K)
 Metaspace       used 15347K, committed 15616K, reserved 1114112K
  class space    used 1495K, committed 1600K, reserved 1048576K
}
Event: 53.482 GC heap before
{Heap before GC invocations=2 (full 0):
 garbage-first heap   total reserved 1931264K, committed 122880K, used 69228K [0x000000008a200000, 0x0000000100000000)
  region size 1024K, 63 young (64512K), 7 survivors (7168K)
 Metaspace       used 16302K, committed 16576K, reserved 1114112K
  class space    used 1535K, committed 1664K, reserved 1048576K
}
Event: 53.650 GC heap after
{Heap after GC invocations=3 (full 0):
 garbage-first heap   total reserved 1931264K, committed 122880K, used 15476K [0x000000008a200000, 0x0000000100000000)
  region size 1024K, 4 young (4096K), 4 survivors (4096K)
 Metaspace       used 16302K, committed 16576K, reserved 1114112K
  class space    used 1535K, committed 1664K, reserved 1048576K
}

Dll operation events (8 events):
Event: 0.021 Loaded shared library C:\Program Files\Java\jdk-24\bin\java.dll
Event: 0.136 Loaded shared library C:\Program Files\Java\jdk-24\bin\jsvml.dll
Event: 0.156 Loaded shared library C:\Program Files\Java\jdk-24\bin\net.dll
Event: 0.159 Loaded shared library C:\Program Files\Java\jdk-24\bin\nio.dll
Event: 0.167 Loaded shared library C:\Program Files\Java\jdk-24\bin\zip.dll
Event: 0.746 Loaded shared library C:\Program Files\Java\jdk-24\bin\jimage.dll
Event: 1.810 Loaded shared library C:\Users\Isidora\AppData\Local\Temp\jansi-2.4.2-82d6068af597c865-jansi.dll
Event: 1.829 Loaded shared library C:\Program Files\Java\jdk-24\bin\verify.dll

Deoptimization events (20 events):
Event: 77.870 Thread 0x00000264a7cce2b0 DEOPT PACKING pc=0x00000264b8110d9c sp=0x000000d8990fdbc0
Event: 77.870 Thread 0x00000264a7cce2b0 DEOPT UNPACKING pc=0x00000264b7b39202 sp=0x000000d8990fdb48 mode 2
Event: 79.616 Thread 0x00000264a7cce2b0 Uncommon trap: trap_request=0xfffffff4 fr.pc=0x00000264b81f46b8 relative=0x0000000000000538
Event: 79.616 Thread 0x00000264a7cce2b0 Uncommon trap: reason=null_check action=make_not_entrant pc=0x00000264b81f46b8 method=com.google.inject.internal.InjectorImpl.enterContext()Lcom/google/inject/internal/InternalContext; @ 7 c2
Event: 79.616 Thread 0x00000264a7cce2b0 DEOPT PACKING pc=0x00000264b81f46b8 sp=0x000000d8990fdc50
Event: 79.616 Thread 0x00000264a7cce2b0 DEOPT UNPACKING pc=0x00000264b7b39202 sp=0x000000d8990fdc20 mode 2
Event: 79.718 Thread 0x00000264a7cce2b0 Uncommon trap: trap_request=0xffffff4d fr.pc=0x00000264b822f3f0 relative=0x0000000000000450
Event: 79.718 Thread 0x00000264a7cce2b0 Uncommon trap: reason=unstable_if action=reinterpret pc=0x00000264b822f3f0 method=java.util.HashMap.keysToArray([Ljava/lang/Object;)[Ljava/lang/Object; @ 9 c2
Event: 79.719 Thread 0x00000264a7cce2b0 DEOPT PACKING pc=0x00000264b822f3f0 sp=0x000000d8990fd3b0
Event: 79.719 Thread 0x00000264a7cce2b0 DEOPT UNPACKING pc=0x00000264b7b39202 sp=0x000000d8990fd338 mode 2
Event: 82.616 Thread 0x00000264a7cce2b0 Uncommon trap: trap_request=0xffffff4d fr.pc=0x00000264b81a8660 relative=0x00000000000005e0
Event: 82.616 Thread 0x00000264a7cce2b0 Uncommon trap: reason=unstable_if action=reinterpret pc=0x00000264b81a8660 method=java.util.HashMap.hash(Ljava/lang/Object;)I @ 1 c2
Event: 82.616 Thread 0x00000264a7cce2b0 DEOPT PACKING pc=0x00000264b81a8660 sp=0x000000d8990fc340
Event: 82.616 Thread 0x00000264a7cce2b0 DEOPT UNPACKING pc=0x00000264b7b39202 sp=0x000000d8990fc2a0 mode 2
Event: 83.480 Thread 0x00000264a7cce2b0 DEOPT PACKING pc=0x00000264b0b7f9f4 sp=0x000000d8990fe3b0
Event: 83.480 Thread 0x00000264a7cce2b0 DEOPT UNPACKING pc=0x00000264b7b05722 sp=0x000000d8990fd808 mode 0
Event: 93.360 Thread 0x00000264a7cce2b0 Uncommon trap: trap_request=0xffffffde fr.pc=0x00000264b8081ffc relative=0x0000000000000b9c
Event: 93.361 Thread 0x00000264a7cce2b0 Uncommon trap: reason=class_check action=maybe_recompile pc=0x00000264b8081ffc method=java.util.concurrent.ConcurrentHashMap.putVal(Ljava/lang/Object;Ljava/lang/Object;Z)Ljava/lang/Object; @ 242 c2
Event: 93.361 Thread 0x00000264a7cce2b0 DEOPT PACKING pc=0x00000264b8081ffc sp=0x000000d8990fd430
Event: 93.361 Thread 0x00000264a7cce2b0 DEOPT UNPACKING pc=0x00000264b7b39202 sp=0x000000d8990fd390 mode 2

Classes loaded (20 events):
Event: 83.014 Loading class java/io/Externalizable done
Event: 83.014 Loading class java/time/zone/Ser done
Event: 83.097 Loading class java/time/Month
Event: 83.098 Loading class java/time/Month done
Event: 83.098 Loading class java/time/DayOfWeek
Event: 83.098 Loading class java/time/DayOfWeek done
Event: 83.102 Loading class java/time/zone/ZoneOffsetTransitionRule$TimeDefinition
Event: 83.102 Loading class java/time/zone/ZoneOffsetTransitionRule$TimeDefinition done
Event: 83.107 Loading class java/time/zone/ZoneOffsetTransition
Event: 83.107 Loading class java/time/zone/ZoneOffsetTransition done
Event: 83.172 Loading class jdk/internal/reflect/MethodHandleBooleanFieldAccessorImpl
Event: 83.174 Loading class jdk/internal/reflect/MethodHandleBooleanFieldAccessorImpl done
Event: 84.680 Loading class java/lang/Character$UnicodeBlock
Event: 84.689 Loading class java/lang/Character$Subset
Event: 84.690 Loading class java/lang/Character$Subset done
Event: 84.691 Loading class java/lang/Character$UnicodeBlock done
Event: 88.022 Loading class java/nio/BufferMismatch
Event: 88.023 Loading class java/nio/BufferMismatch done
Event: 88.036 Loading class java/nio/file/attribute/PosixFileAttributes
Event: 88.038 Loading class java/nio/file/attribute/PosixFileAttributes done

Classes unloaded (0 events):
No events

Classes redefined (0 events):
No events

Internal exceptions (20 events):
Event: 6.479 Thread 0x00000264a7cce2b0 Exception <a 'java/lang/NoSuchMethodError'{0x00000000910cd650}: 'java.lang.Object java.lang.invoke.Invokers$Holder.invokeExact_MT(java.lang.Object, int, java.lang.Object)'> (0x00000000910cd650) 
thrown [s\open\src\hotspot\share\interpreter\linkResolver.cpp, line 805]
Event: 7.987 Thread 0x00000264a7cce2b0 Exception <a 'java/lang/NoSuchMethodError'{0x00000000908f6320}: 'void java.lang.invoke.Invokers$Holder.invokeExact_MT(java.lang.Object, java.lang.Object, java.lang.Object, java.lang.Object)'> (0x00000000908f6320) 
thrown [s\open\src\hotspot\share\interpreter\linkResolver.cpp, line 805]
Event: 8.063 Thread 0x00000264a7cce2b0 Exception <a 'java/lang/NoClassDefFoundError'{0x000000009079b7a8}: com/google/inject/servlet/ServletModuleTargetVisitor> (0x000000009079b7a8) 
thrown [s\open\src\hotspot\share\classfile\systemDictionary.cpp, line 316]
Event: 8.336 Thread 0x00000264a7cce2b0 Exception <a 'java/lang/NoSuchMethodError'{0x00000000904d4168}: 'java.lang.Object java.lang.invoke.DirectMethodHandle$Holder.invokeStaticInit(java.lang.Object, int, int, int, int)'> (0x00000000904d4168) 
thrown [s\open\src\hotspot\share\interpreter\linkResolver.cpp, line 805]
Event: 8.635 Thread 0x00000264a7cce2b0 Implicit null exception at 0x00000264b8080494 to 0x00000264b8080a38
Event: 8.636 Thread 0x00000264a7cce2b0 Implicit null exception at 0x00000264b8083090 to 0x00000264b8083628
Event: 8.763 Thread 0x00000264a7cce2b0 Exception <a 'java/lang/NoSuchMethodError'{0x000000008ffd7600}: 'void java.lang.invoke.DirectMethodHandle$Holder.invokeSpecial(java.lang.Object, java.lang.Object, java.lang.Object, java.lang.Object, java.lang.Object, java.lang.Object)'> (0x000000008ffd7600) 
thrown [s\open\src\hotspot\share\interpreter\linkResolver.cpp, line 805]
Event: 8.786 Thread 0x00000264a7cce2b0 Exception <a 'java/lang/NoSuchMethodError'{0x000000008fd1e5c0}: 'java.lang.Object java.lang.invoke.DirectMethodHandle$Holder.invokeVirtual(java.lang.Object, java.lang.Object, java.lang.Object)'> (0x000000008fd1e5c0) 
thrown [s\open\src\hotspot\share\interpreter\linkResolver.cpp, line 805]
Event: 8.870 Thread 0x00000264a7cce2b0 Exception <a 'java/lang/NoSuchMethodError'{0x000000008fca8a38}: 'void java.lang.invoke.DirectMethodHandle$Holder.invokeVirtual(java.lang.Object, java.lang.Object, int)'> (0x000000008fca8a38) 
thrown [s\open\src\hotspot\share\interpreter\linkResolver.cpp, line 805]
Event: 8.875 Thread 0x00000264a7cce2b0 Exception <a 'java/lang/NoSuchMethodError'{0x000000008fcc0830}: 'java.lang.Object java.lang.invoke.DirectMethodHandle$Holder.invokeStatic(java.lang.Object, java.lang.Object, java.lang.Object, java.lang.Object, int)'> (0x000000008fcc0830) 
thrown [s\open\src\hotspot\share\interpreter\linkResolver.cpp, line 805]
Event: 8.877 Thread 0x00000264a7cce2b0 Exception <a 'java/lang/NoSuchMethodError'{0x000000008fcd1e98}: 'void java.lang.invoke.DirectMethodHandle$Holder.invokeSpecial(java.lang.Object, java.lang.Object, java.lang.Object, int)'> (0x000000008fcd1e98) 
thrown [s\open\src\hotspot\share\interpreter\linkResolver.cpp, line 805]
Event: 8.878 Thread 0x00000264a7cce2b0 Exception <a 'java/lang/NoSuchMethodError'{0x000000008fcda1f8}: 'void java.lang.invoke.DelegatingMethodHandle$Holder.reinvoke_L(java.lang.Object, java.lang.Object, int)'> (0x000000008fcda1f8) 
thrown [s\open\src\hotspot\share\interpreter\linkResolver.cpp, line 805]
Event: 17.673 Thread 0x00000264a7cce2b0 Exception <a 'java/lang/NoSuchMethodError'{0x0000000090f8d378}: 'void java.lang.invoke.DirectMethodHandle$Holder.invokeStatic(java.lang.Object, java.lang.Object, java.lang.Object, java.lang.Object)'> (0x0000000090f8d378) 
thrown [s\open\src\hotspot\share\interpreter\linkResolver.cpp, line 805]
Event: 46.361 Thread 0x00000264a7cce2b0 Implicit null exception at 0x00000264b80e4c0a to 0x00000264b80e4e18
Event: 46.362 Thread 0x00000264a7cce2b0 Implicit null exception at 0x00000264b81e3768 to 0x00000264b81e3940
Event: 46.362 Thread 0x00000264a7cce2b0 Implicit null exception at 0x00000264b80d771d to 0x00000264b80d7799
Event: 55.314 Thread 0x00000264a7cce2b0 Exception <a 'java/lang/NoSuchMethodError'{0x00000000917e3788}: 'java.lang.Object java.lang.invoke.DirectMethodHandle$Holder.newInvokeSpecial(java.lang.Object, java.lang.Object, java.lang.Object, java.lang.Object, java.lang.Object, java.lang.Object, java.lang.Object)'> (0x00000000917e3788) 
thrown [s\open\src\hotspot\share\interpreter\linkResolver.cpp, line 805]
Event: 79.616 Thread 0x00000264a7cce2b0 Implicit null exception at 0x00000264b81f424b to 0x00000264b81f46a8
Event: 80.353 Thread 0x00000264a7cce2b0 Exception <a 'java/lang/NoSuchMethodError'{0x0000000090dba3c8}: 'int java.lang.invoke.DirectMethodHandle$Holder.invokeVirtual(java.lang.Object, java.lang.Object)'> (0x0000000090dba3c8) 
thrown [s\open\src\hotspot\share\interpreter\linkResolver.cpp, line 805]
Event: 82.616 Thread 0x00000264a7cce2b0 Implicit null exception at 0x00000264b81a80b9 to 0x00000264b81a8648

VM Operations (20 events):
Event: 8.261 Executing VM operation: HandshakeAllThreads (Deoptimize)
Event: 8.261 Executing VM operation: HandshakeAllThreads (Deoptimize) done
Event: 8.378 Executing VM operation: HandshakeAllThreads (Deoptimize)
Event: 8.385 Executing VM operation: HandshakeAllThreads (Deoptimize) done
Event: 8.516 Executing VM operation: HandshakeAllThreads (Deoptimize)
Event: 8.529 Executing VM operation: HandshakeAllThreads (Deoptimize) done
Event: 8.531 Executing VM operation: HandshakeAllThreads (Deoptimize)
Event: 8.531 Executing VM operation: HandshakeAllThreads (Deoptimize) done
Event: 8.548 Executing VM operation: HandshakeAllThreads (Deoptimize)
Event: 8.549 Executing VM operation: HandshakeAllThreads (Deoptimize) done
Event: 14.953 Executing VM operation: G1CollectForAllocation (G1 Evacuation Pause)
Event: 14.976 Executing VM operation: G1CollectForAllocation (G1 Evacuation Pause) done
Event: 53.481 Executing VM operation: G1CollectForAllocation (G1 Evacuation Pause)
Event: 53.651 Executing VM operation: G1CollectForAllocation (G1 Evacuation Pause) done
Event: 60.159 Executing VM operation: HandshakeAllThreads (HandshakeForDeflation)
Event: 60.159 Executing VM operation: HandshakeAllThreads (HandshakeForDeflation) done
Event: 60.159 Executing VM operation: RendezvousGCThreads
Event: 60.159 Executing VM operation: RendezvousGCThreads done
Event: 83.470 Executing VM operation: HandshakeAllThreads (Deoptimize)
Event: 83.470 Executing VM operation: HandshakeAllThreads (Deoptimize) done

Memory protections (0 events):
No events

Nmethod flushes (0 events):
No events

Events (14 events):
Event: 0.059 Thread 0x00000264a7cce2b0 Thread added: 0x00000264a7cce2b0
Event: 0.077 Thread 0x00000264a7cce2b0 Thread added: 0x00000264c4799b40
Event: 0.078 Thread 0x00000264a7cce2b0 Thread added: 0x00000264c479a3e0
Event: 0.078 Thread 0x00000264a7cce2b0 Thread added: 0x00000264c479bf20
Event: 0.078 Thread 0x00000264a7cce2b0 Thread added: 0x00000264c479ca50
Event: 0.078 Thread 0x00000264a7cce2b0 Thread added: 0x00000264c479d580
Event: 0.078 Thread 0x00000264a7cce2b0 Thread added: 0x00000264c47a20c0
Event: 0.078 Thread 0x00000264a7cce2b0 Thread added: 0x00000264c47a2f20
Event: 0.086 Thread 0x00000264a7cce2b0 Thread added: 0x00000264c47d6760
Event: 0.107 Thread 0x00000264a7cce2b0 Thread added: 0x00000264c47e6a60
Event: 0.122 Thread 0x00000264a7cce2b0 Thread added: 0x00000264c47e81c0
Event: 0.740 Thread 0x00000264a7cce2b0 Thread added: 0x00000264c4cd4ba0
Event: 6.338 Thread 0x00000264c4cd4ba0 Thread exited: 0x00000264c4cd4ba0
Event: 8.448 Thread 0x00000264a7cce2b0 Thread added: 0x000002650ae272b0


Dynamic libraries:
0x00007ff6ec9f0000 - 0x00007ff6eca00000 	C:\Program Files\Java\jdk-24\bin\java.exe
0x00007ffd08350000 - 0x00007ffd08548000 	C:\Windows\SYSTEM32\ntdll.dll
0x00007ffd07660000 - 0x00007ffd07722000 	C:\Windows\System32\KERNEL32.DLL
0x00007ffd05ec0000 - 0x00007ffd061b6000 	C:\Windows\System32\KERNELBASE.dll
0x00007ffd05dc0000 - 0x00007ffd05ec0000 	C:\Windows\System32\ucrtbase.dll
0x00007ffceed60000 - 0x00007ffceed76000 	C:\Program Files\Java\jdk-24\bin\jli.dll
0x00007ffd08030000 - 0x00007ffd081d1000 	C:\Windows\System32\USER32.dll
0x00007ffd05a10000 - 0x00007ffd05a32000 	C:\Windows\System32\win32u.dll
0x00007ffd07440000 - 0x00007ffd0746b000 	C:\Windows\System32\GDI32.dll
0x00007ffd06250000 - 0x00007ffd06369000 	C:\Windows\System32\gdi32full.dll
0x00007ffd05c20000 - 0x00007ffd05cbd000 	C:\Windows\System32\msvcp_win.dll
0x00007ffcfd260000 - 0x00007ffcfd27b000 	C:\Program Files\Java\jdk-24\bin\VCRUNTIME140.dll
0x00007ffced300000 - 0x00007ffced59b000 	C:\Windows\WinSxS\amd64_microsoft.windows.common-controls_6595b64144ccf1df_6.0.19041.6456_none_60b8a6cb71f64256\COMCTL32.dll
0x00007ffd074a0000 - 0x00007ffd0753e000 	C:\Windows\System32\msvcrt.dll
0x00007ffd07470000 - 0x00007ffd0749f000 	C:\Windows\System32\IMM32.DLL
0x00007ffcf0000000 - 0x00007ffcf000c000 	C:\Program Files\Java\jdk-24\bin\vcruntime140_1.dll
0x00007ffcd1190000 - 0x00007ffcd121e000 	C:\Program Files\Java\jdk-24\bin\msvcp140.dll
0x00007ffcafb70000 - 0x00007ffcb0911000 	C:\Program Files\Java\jdk-24\bin\server\jvm.dll
0x00007ffd06a50000 - 0x00007ffd06b01000 	C:\Windows\System32\ADVAPI32.dll
0x00007ffd081e0000 - 0x00007ffd0827f000 	C:\Windows\System32\sechost.dll
0x00007ffd077f0000 - 0x00007ffd07910000 	C:\Windows\System32\RPCRT4.dll
0x00007ffd059e0000 - 0x00007ffd05a07000 	C:\Windows\System32\bcrypt.dll
0x00007ffd07e80000 - 0x00007ffd07eeb000 	C:\Windows\System32\WS2_32.dll
0x00007ffd053f0000 - 0x00007ffd0543b000 	C:\Windows\SYSTEM32\POWRPROF.dll
0x00007ffcfc0c0000 - 0x00007ffcfc0e7000 	C:\Windows\SYSTEM32\WINMM.dll
0x00007ffcfc0b0000 - 0x00007ffcfc0ba000 	C:\Windows\SYSTEM32\VERSION.dll
0x00007ffd053d0000 - 0x00007ffd053e2000 	C:\Windows\SYSTEM32\UMPDC.dll
0x00007ffd037f0000 - 0x00007ffd03802000 	C:\Windows\SYSTEM32\kernel.appcore.dll
0x00007ffcefb80000 - 0x00007ffcefb8a000 	C:\Program Files\Java\jdk-24\bin\jimage.dll
0x00007ffcfb970000 - 0x00007ffcfbb71000 	C:\Windows\SYSTEM32\DBGHELP.DLL
0x00007ffcef250000 - 0x00007ffcef284000 	C:\Windows\SYSTEM32\dbgcore.DLL
0x00007ffd061c0000 - 0x00007ffd06242000 	C:\Windows\System32\bcryptPrimitives.dll
0x00007ffcee750000 - 0x00007ffcee76e000 	C:\Program Files\Java\jdk-24\bin\java.dll
0x00007ffd07f00000 - 0x00007ffd0802b000 	C:\Windows\System32\ole32.dll
0x00007ffd07a50000 - 0x00007ffd07da4000 	C:\Windows\System32\combase.dll
0x00007ffd06b10000 - 0x00007ffd07280000 	C:\Windows\System32\SHELL32.dll
0x00007ffd03a10000 - 0x00007ffd041b5000 	C:\Windows\SYSTEM32\windows.storage.dll
0x00007ffd05250000 - 0x00007ffd0527b000 	C:\Windows\SYSTEM32\Wldp.dll
0x00007ffd06850000 - 0x00007ffd0691d000 	C:\Windows\System32\OLEAUT32.dll
0x00007ffd069a0000 - 0x00007ffd06a4d000 	C:\Windows\System32\SHCORE.dll
0x00007ffd07790000 - 0x00007ffd077eb000 	C:\Windows\System32\shlwapi.dll
0x00007ffd05910000 - 0x00007ffd05934000 	C:\Windows\SYSTEM32\profapi.dll
0x00007ffccf430000 - 0x00007ffccf507000 	C:\Program Files\Java\jdk-24\bin\jsvml.dll
0x00007ffceed50000 - 0x00007ffceed60000 	C:\Program Files\Java\jdk-24\bin\net.dll
0x00007ffd05030000 - 0x00007ffd0509a000 	C:\Windows\system32\mswsock.dll
0x00007ffcee730000 - 0x00007ffcee746000 	C:\Program Files\Java\jdk-24\bin\nio.dll
0x00007ffcee710000 - 0x00007ffcee727000 	C:\Program Files\Java\jdk-24\bin\zip.dll
0x00007ffcd0ec0000 - 0x00007ffcd0ee4000 	C:\Users\Isidora\AppData\Local\Temp\jansi-2.4.2-82d6068af597c865-jansi.dll
0x00007ffcff180000 - 0x00007ffcff190000 	C:\Program Files\Java\jdk-24\bin\verify.dll

JVMTI agents: none

dbghelp: loaded successfully - version: 4.0.5 - missing functions: none
symbol engine: initialized successfully - sym options: 0x614 - pdb path: .;C:\Program Files\Java\jdk-24\bin;C:\Windows\SYSTEM32;C:\Windows\WinSxS\amd64_microsoft.windows.common-controls_6595b64144ccf1df_6.0.19041.6456_none_60b8a6cb71f64256;C:\Program Files\Java\jdk-24\bin\server;C:\Users\Isidora\AppData\Local\Temp

VM Arguments:
jvm_args: -Dmaven.multiModuleProjectDirectory=C:\Users\Isidora\Desktop\mas\sep\sep\backend\psp -Djansi.passthrough=true -Dmaven.home=C:\Users\Isidora\.m2\wrapper\dists\apache-maven-3.9.12-bin\5nmfsn99br87k5d4ajlekdq10k\apache-maven-3.9.12 -Dclassworlds.conf=C:\Users\Isidora\.m2\wrapper\dists\apache-maven-3.9.12-bin\5nmfsn99br87k5d4ajlekdq10k\apache-maven-3.9.12\bin\m2.conf -Dmaven.ext.class.path=C:\Program Files\JetBrains\IntelliJ IDEA 2024.2.4\plugins\maven\lib\maven-event-listener.jar -Dfile.encoding=UTF-8 -Dsun.stdout.encoding=UTF-8 -Dsun.stderr.encoding=UTF-8 
java_command: org.codehaus.classworlds.Launcher -Didea.version=2024.2.4 install
java_class_path (initial): C:\Users\Isidora\.m2\wrapper\dists\apache-maven-3.9.12-bin\5nmfsn99br87k5d4ajlekdq10k\apache-maven-3.9.12\boot\plexus-classworlds-2.9.0.jar;C:\Users\Isidora\.m2\wrapper\dists\apache-maven-3.9.12-bin\5nmfsn99br87k5d4ajlekdq10k\apache-maven-3.9.12\boot\plexus-classworlds.license
Launcher Type: SUN_STANDARD

[Global flags]
     intx CICompilerCount                          = 4                                         {product} {ergonomic}
     uint ConcGCThreads                            = 2                                         {product} {ergonomic}
     uint G1ConcRefinementThreads                  = 8                                         {product} {ergonomic}
   size_t G1HeapRegionSize                         = 1048576                                   {product} {ergonomic}
   size_t InitialHeapSize                          = 123731968                                 {product} {ergonomic}
   size_t MarkStackSize                            = 4194304                                   {product} {ergonomic}
   size_t MarkStackSizeMax                         = 536870912                                 {product} {ergonomic}
   size_t MaxHeapSize                              = 1977614336                                {product} {ergonomic}
   size_t MaxNewSize                               = 1185939456                                {product} {ergonomic}
   size_t MinHeapDeltaBytes                        = 1048576                                   {product} {ergonomic}
   size_t MinHeapSize                              = 8388608                                   {product} {ergonomic}
    uintx NonNMethodCodeHeapSize                   = 5832704                                {pd product} {ergonomic}
    uintx NonProfiledCodeHeapSize                  = 122945536                              {pd product} {ergonomic}
    uintx ProfiledCodeHeapSize                     = 122880000                              {pd product} {ergonomic}
    uintx ReservedCodeCacheSize                    = 251658240                              {pd product} {ergonomic}
     bool SegmentedCodeCache                       = true                                      {product} {ergonomic}
   size_t SoftMaxHeapSize                          = 1977614336                             {manageable} {ergonomic}
     bool UseCompressedOops                        = true                           {product lp64_product} {ergonomic}
     bool UseG1GC                                  = true                                      {product} {ergonomic}
     bool UseLargePagesIndividualAllocation        = false                                  {pd product} {ergonomic}

Logging:
Log output configuration:
 #0: stdout all=warning uptime,level,tags foldmultilines=false
 #1: stderr all=off uptime,level,tags foldmultilines=false

Environment Variables:
PATH=C:\Program Files\Common Files\Oracle\Java\javapath;C:\Windows\system32;C:\Windows;C:\Windows\System32\Wbem;C:\Windows\System32\WindowsPowerShell\v1.0\;C:\Windows\System32\OpenSSH\;C:\Program Files\Microsoft SQL Server\150\Tools\Binn\;C:\Program Files\Microsoft SQL Server\Client SDK\ODBC\170\Tools\Binn\;C:\Program Files\dotnet\;C:\Program Files\nodejs\;C:\ProgramData\chocolatey\bin;C:\Program Files (x86)\Windows Kits\10\Windows Performance Toolkit\;C:\Users\Isidora\Downloads\curl-8.14.1_1-win64-mingw\bin;C:\maven-mvnd-1.0.2-windows-amd64\bin;C:\Program Files\Git\cmd;C:\Program Files\Docker\Docker\resources\bin;C:\Users\Isidora\AppData\Local\Programs\Python\Python311\Scripts\;C:\Users\Isidora\AppData\Local\Programs\Python\Python311\;C:\Users\Isidora\AppData\Local\Microsoft\WindowsApps;C:\Users\Isidora\AppData\Local\Programs\Microsoft VS Code\bin;C:\Users\Isidora\.dotnet\tools;C:\Users\Isidora\AppData\Local\Microsoft\WinGet\Packages\Schniz.fnm_Microsoft.Winget.Source_8wekyb3d8bbwe;C:\Users\Isidora\AppData\Roaming\npm;C:\Program Files\JetBrains\IntelliJ IDEA 2024.2.4\bin;
USERNAME=Isidora
OS=Windows_NT
PROCESSOR_IDENTIFIER=AMD64 Family 23 Model 96 Stepping 1, AuthenticAMD
TMP=C:\Users\Isidora\AppData\Local\Temp
TEMP=C:\Users\Isidora\AppData\Local\Temp




Periodic native trim disabled

---------------  S Y S T E M  ---------------

OS:
 Windows 10 , 64 bit Build 19041 (10.0.19041.5915)
OS uptime: 10 days 15:21 hours
Hyper-V role detected

CPU: total 8 (initial active 8) (8 cores per cpu, 1 threads per core) family 23 model 96 stepping 1 microcode 0x0, cx8, cmov, fxsr, mmx, 3dnowpref, sse, sse2, sse3, ssse3, sse4a, sse4.1, sse4.2, popcnt, lzcnt, tsc, tscinvbit, avx, avx2, aes, clmul, bmi1, bmi2, adx, sha, fma, vzeroupper, clflush, clflushopt, hv, rdtscp, rdpid, f16c
Processor Information for the first 8 processors :
  Max Mhz: 2000, Current Mhz: 2000, Mhz Limit: 2000

Memory: 4k page, system-wide physical 7541M (60M free)
TotalPageFile size 31093M (AvailPageFile size 4M)
current process WorkingSet (physical memory assigned to process): 38M, peak: 142M
current process commit charge ("private bytes"): 242M, peak: 268M

vm_info: Java HotSpot(TM) 64-Bit Server VM (24.0.2+12-54) for windows-amd64 JRE (24.0.2+12-54), built on 2025-07-08T12:10:27Z with MS VC++ 17.6 (VS2022)

END.
